<?xml version="1.0" encoding="UTF-8"?>
<testsuite xmlns:xsi="http://www.w3.org/2001/XMLSchema-instance" xsi:noNamespaceSchemaLocation="https://maven.apache.org/surefire/maven-surefire-plugin/xsd/surefire-test-report-3.0.xsd" version="3.0" name="com.kisansarthi.booking.BookingConcurrencyTest" time="38.957" tests="11" errors="0" skipped="0" failures="0">
  <properties>
[...]
</properties>
  <testcase name="testFirstTimeSequenceInitializationConcurrency" classname="com.kisansarthi.booking.BookingConcurrencyTest" time="9.109">
    <system-out><![CDATA[08:42:57.127 [main] INFO org.springframework.test.context.support.AnnotationConfigContextLoaderUtils -- Could not detect default configuration classes for test class [com.kisansarthi.booking.BookingConcurrencyTest]: BookingConcurrencyTest does not declare any static, non-private, non-final, nested classes annotated with @Configuration.
08:42:57.424 [main] INFO org.springframework.boot.test.context.SpringBootTestContextBootstrapper -- Found @SpringBootConfiguration com.kisansarthi.KisanSarthiApplication for test class com.kisansarthi.booking.BookingConcurrencyTest
08:42:57.792 [main] INFO org.springframework.boot.devtools.restart.RestartApplicationListener -- Restart disabled due to context in which it is running

  .   ____          _            __ _ _
 /\\ / ___'_ __ _ _(_)_ __  __ _ \ \ \ \
( ( )\___ | '_ | '_| | '_ \/ _` | \ \ \ \
 \\/  ___)| |_)| | | | | || (_| |  ) ) ) )
  '  |____| .__|_| |_|_| |_\__, | / / / /
 =========|_|==============|___/=/_/_/_/

 :: Spring Boot ::                (v3.3.4)

2026-09-15T08:42:58.559Z  WARN 8456 --- [kisansarthi-backend] [           main] ory$DuplicateJsonObjectContextCustomizer : 

Found multiple occurrences of org.json.JSONObject on the class path:

	jar:file:/root/.m2/repository/org/json/json/20240303/json-20240303.jar!/org/json/JSONObject.class
	jar:file:/root/.m2/repository/com/vaadin/external/google/android-json/0.0.20131108.vaadin1/android-json-0.0.20131108.vaadin1.jar!/org/json/JSONObject.class

You may wish to exclude one of them to ensure predictable runtime behavior

2026-09-15T08:42:58.580Z  INFO 8456 --- [kisansarthi-backend] [           main] c.k.booking.BookingConcurrencyTest       : Starting BookingConcurrencyTest using Java 21.0.12.1 with PID 8456 (started by root in /app/applet/backend)
2026-09-15T08:42:58.581Z  INFO 8456 --- [kisansarthi-backend] [           main] c.k.booking.BookingConcurrencyTest       : The following 1 profile is active: "test"
2026-09-15T08:43:01.679Z  INFO 8456 --- [kisansarthi-backend] [           main] .s.d.r.c.RepositoryConfigurationDelegate : Multiple Spring Data modules found, entering strict repository configuration mode
2026-09-15T08:43:01.681Z  INFO 8456 --- [kisansarthi-backend] [           main] .s.d.r.c.RepositoryConfigurationDelegate : Bootstrapping Spring Data JPA repositories in DEFAULT mode.
2026-09-15T08:43:02.015Z  INFO 8456 --- [kisansarthi-backend] [           main] .s.d.r.c.RepositoryConfigurationDelegate : Finished Spring Data repository scanning in 325 ms. Found 14 JPA repository interfaces.
2026-09-15T08:43:03.590Z  INFO 8456 --- [kisansarthi-backend] [           main] o.hibernate.jpa.internal.util.LogHelper  : HHH000204: Processing PersistenceUnitInfo [name: default]
2026-09-15T08:43:03.687Z  INFO 8456 --- [kisansarthi-backend] [           main] org.hibernate.Version                    : HHH000412: Hibernate ORM core version 6.5.3.Final
2026-09-15T08:43:03.728Z  INFO 8456 --- [kisansarthi-backend] [           main] o.h.c.internal.RegionFactoryInitiator    : HHH000026: Second-level cache disabled
2026-09-15T08:43:04.376Z  INFO 8456 --- [kisansarthi-backend] [           main] o.s.o.j.p.SpringPersistenceUnitInfo      : No LoadTimeWeaver setup: ignoring JPA class transformer
2026-09-15T08:43:04.433Z  INFO 8456 --- [kisansarthi-backend] [           main] com.zaxxer.hikari.HikariDataSource       : HikariPool-1 - Starting...
2026-09-15T08:43:04.833Z  INFO 8456 --- [kisansarthi-backend] [           main] com.zaxxer.hikari.pool.HikariPool        : HikariPool-1 - Added connection conn0: url=jdbc:h2:mem:kisansarthi_test user=SA
2026-09-15T08:43:04.854Z  INFO 8456 --- [kisansarthi-backend] [           main] com.zaxxer.hikari.HikariDataSource       : HikariPool-1 - Start completed.
2026-09-15T08:43:04.906Z  WARN 8456 --- [kisansarthi-backend] [           main] org.hibernate.orm.deprecation            : HHH90000025: H2Dialect does not need to be specified explicitly using 'hibernate.dialect' (remove the property setting and it will be selected by default)
2026-09-15T08:43:07.099Z  INFO 8456 --- [kisansarthi-backend] [           main] o.h.e.t.j.p.i.JtaPlatformInitiator       : HHH000489: No JTA platform available (set 'hibernate.transaction.jta.platform' to enable JTA platform integration)
2026-09-15T08:43:07.209Z  INFO 8456 --- [kisansarthi-backend] [           main] j.LocalContainerEntityManagerFactoryBean : Initialized JPA EntityManagerFactory for persistence unit 'default'
2026-09-15T08:43:08.056Z  INFO 8456 --- [kisansarthi-backend] [           main] o.s.d.j.r.query.QueryEnhancerFactory     : Hibernate is in classpath; If applicable, HQL parser will be used.
2026-09-15T08:43:14.722Z  WARN 8456 --- [kisansarthi-backend] [           main] JpaBaseConfiguration$JpaWebConfiguration : spring.jpa.open-in-view is enabled by default. Therefore, database queries may be performed during view rendering. Explicitly configure spring.jpa.open-in-view to disable this warning
2026-09-15T08:43:14.823Z  WARN 8456 --- [kisansarthi-backend] [           main] .s.s.UserDetailsServiceAutoConfiguration : 

Using generated security password: 76d27a7d-f2d8-4a5a-832a-628826d70a1d

This generated password is for development use only. Your security configuration must be updated before running your application in production.

2026-09-15T08:43:14.862Z  INFO 8456 --- [kisansarthi-backend] [           main] r$InitializeUserDetailsManagerConfigurer : Global AuthenticationManager configured with UserDetailsService bean with name inMemoryUserDetailsManager
2026-09-15T08:43:16.713Z  INFO 8456 --- [kisansarthi-backend] [           main] o.s.b.a.e.web.EndpointLinksResolver      : Exposing 3 endpoints beneath base path '/actuator'
2026-09-15T08:43:18.465Z  INFO 8456 --- [kisansarthi-backend] [           main] o.s.m.s.b.SimpleBrokerMessageHandler     : Starting...
2026-09-15T08:43:18.466Z  INFO 8456 --- [kisansarthi-backend] [           main] o.s.m.s.b.SimpleBrokerMessageHandler     : BrokerAvailabilityEvent[available=true, SimpleBrokerMessageHandler [org.springframework.messaging.simp.broker.DefaultSubscriptionRegistry@4de3e8b1]]
2026-09-15T08:43:18.468Z  INFO 8456 --- [kisansarthi-backend] [           main] o.s.m.s.b.SimpleBrokerMessageHandler     : Started.
2026-09-15T08:43:18.485Z  INFO 8456 --- [kisansarthi-backend] [           main] c.k.booking.BookingConcurrencyTest       : Started BookingConcurrencyTest in 20.714 seconds (process running for 22.788)
2026-09-15T08:43:26.703Z  INFO 8456 --- [kisansarthi-backend] [ool-3-thread-10] c.k.booking.BookingTransactionExecutor   : Official Token MP-SEH-001 successfully generated and committed for farmer 9800000010 at mandi mandi-sehore-test in slot 08:00 AM - 10:00 AM
2026-09-15T08:43:26.707Z  INFO 8456 --- [kisansarthi-backend] [       Thread-4] com.kisansarthi.sms.TwilioSmsProvider    : [Twilio] Trial mode explicitly configured via property: true
2026-09-15T08:43:26.707Z  WARN 8456 --- [kisansarthi-backend] [       Thread-4] com.kisansarthi.sms.SmsService           : [SMS SERVICE] Blocked custom message dispatch in Trial mode to 9800000010: Twilio Trial accounts cannot send this custom message. Use Twilio Trial Test mode or upgrade/configure the Twilio account for production SMS.
2026-09-15T08:43:26.771Z  INFO 8456 --- [kisansarthi-backend] [pool-3-thread-2] c.k.booking.BookingTransactionExecutor   : Official Token MP-SEH-002 successfully generated and committed for farmer 9800000002 at mandi mandi-sehore-test in slot 08:00 AM - 10:00 AM
2026-09-15T08:43:26.773Z  WARN 8456 --- [kisansarthi-backend] [       Thread-5] com.kisansarthi.sms.SmsService           : [SMS SERVICE] Blocked custom message dispatch in Trial mode to 9800000002: Twilio Trial accounts cannot send this custom message. Use Twilio Trial Test mode or upgrade/configure the Twilio account for production SMS.
2026-09-15T08:43:26.788Z  INFO 8456 --- [kisansarthi-backend] [pool-3-thread-7] c.k.booking.BookingTransactionExecutor   : Official Token MP-SEH-003 successfully generated and committed for farmer 9800000007 at mandi mandi-sehore-test in slot 08:00 AM - 10:00 AM
2026-09-15T08:43:26.791Z  WARN 8456 --- [kisansarthi-backend] [       Thread-6] com.kisansarthi.sms.SmsService           : [SMS SERVICE] Blocked custom message dispatch in Trial mode to 9800000007: Twilio Trial accounts cannot send this custom message. Use Twilio Trial Test mode or upgrade/configure the Twilio account for production SMS.
2026-09-15T08:43:26.867Z  INFO 8456 --- [kisansarthi-backend] [pool-3-thread-1] c.k.booking.BookingTransactionExecutor   : Official Token MP-SEH-004 successfully generated and committed for farmer 9800000001 at mandi mandi-sehore-test in slot 08:00 AM - 10:00 AM
2026-09-15T08:43:26.870Z  WARN 8456 --- [kisansarthi-backend] [       Thread-7] com.kisansarthi.sms.SmsService           : [SMS SERVICE] Blocked custom message dispatch in Trial mode to 9800000001: Twilio Trial accounts cannot send this custom message. Use Twilio Trial Test mode or upgrade/configure the Twilio account for production SMS.
2026-09-15T08:43:26.885Z  INFO 8456 --- [kisansarthi-backend] [pool-3-thread-1] c.kisansarthi.slot.SlotEventPublisher    : Broadcasted real-time event [BOOKING_CREATED] for mandi [mandi-sehore-test] post-commit
2026-09-15T08:43:26.885Z  INFO 8456 --- [kisansarthi-backend] [pool-3-thread-2] c.kisansarthi.slot.SlotEventPublisher    : Broadcasted real-time event [BOOKING_CREATED] for mandi [mandi-sehore-test] post-commit
2026-09-15T08:43:26.885Z  INFO 8456 --- [kisansarthi-backend] [pool-3-thread-7] c.kisansarthi.slot.SlotEventPublisher    : Broadcasted real-time event [BOOKING_CREATED] for mandi [mandi-sehore-test] post-commit
2026-09-15T08:43:26.951Z  INFO 8456 --- [kisansarthi-backend] [ool-3-thread-10] c.kisansarthi.slot.SlotEventPublisher    : Broadcasted real-time event [BOOKING_CREATED] for mandi [mandi-sehore-test] post-commit
2026-09-15T08:43:26.953Z  INFO 8456 --- [kisansarthi-backend] [pool-3-thread-4] c.k.booking.BookingTransactionExecutor   : Official Token MP-SEH-005 successfully generated and committed for farmer 9800000004 at mandi mandi-sehore-test in slot 08:00 AM - 10:00 AM
2026-09-15T08:43:26.955Z  INFO 8456 --- [kisansarthi-backend] [pool-3-thread-2] c.kisansarthi.slot.SlotEventPublisher    : Broadcasted real-time event [SLOT_CAPACITY_CHANGED] for mandi [mandi-sehore-test] post-commit
2026-09-15T08:43:26.955Z  INFO 8456 --- [kisansarthi-backend] [pool-3-thread-4] c.kisansarthi.slot.SlotEventPublisher    : Broadcasted real-time event [BOOKING_CREATED] for mandi [mandi-sehore-test] post-commit
2026-09-15T08:43:26.955Z  INFO 8456 --- [kisansarthi-backend] [ool-3-thread-10] c.kisansarthi.slot.SlotEventPublisher    : Broadcasted real-time event [SLOT_CAPACITY_CHANGED] for mandi [mandi-sehore-test] post-commit
2026-09-15T08:43:26.955Z  INFO 8456 --- [kisansarthi-backend] [pool-3-thread-7] c.kisansarthi.slot.SlotEventPublisher    : Broadcasted real-time event [SLOT_CAPACITY_CHANGED] for mandi [mandi-sehore-test] post-commit
2026-09-15T08:43:26.956Z  INFO 8456 --- [kisansarthi-backend] [pool-3-thread-4] c.kisansarthi.slot.SlotEventPublisher    : Broadcasted real-time event [SLOT_CAPACITY_CHANGED] for mandi [mandi-sehore-test] post-commit
2026-09-15T08:43:26.957Z  WARN 8456 --- [kisansarthi-backend] [       Thread-8] com.kisansarthi.sms.SmsService           : [SMS SERVICE] Blocked custom message dispatch in Trial mode to 9800000004: Twilio Trial accounts cannot send this custom message. Use Twilio Trial Test mode or upgrade/configure the Twilio account for production SMS.
2026-09-15T08:43:26.957Z  INFO 8456 --- [kisansarthi-backend] [pool-3-thread-1] c.kisansarthi.slot.SlotEventPublisher    : Broadcasted real-time event [SLOT_CAPACITY_CHANGED] for mandi [mandi-sehore-test] post-commit
2026-09-15T08:43:26.976Z  INFO 8456 --- [kisansarthi-backend] [pool-3-thread-6] c.k.booking.BookingTransactionExecutor   : Official Token MP-SEH-006 successfully generated and committed for farmer 9800000006 at mandi mandi-sehore-test in slot 08:00 AM - 10:00 AM
2026-09-15T08:43:26.978Z  WARN 8456 --- [kisansarthi-backend] [       Thread-9] com.kisansarthi.sms.SmsService           : [SMS SERVICE] Blocked custom message dispatch in Trial mode to 9800000006: Twilio Trial accounts cannot send this custom message. Use Twilio Trial Test mode or upgrade/configure the Twilio account for production SMS.
2026-09-15T08:43:26.978Z  INFO 8456 --- [kisansarthi-backend] [pool-3-thread-6] c.kisansarthi.slot.SlotEventPublisher    : Broadcasted real-time event [BOOKING_CREATED] for mandi [mandi-sehore-test] post-commit
2026-09-15T08:43:26.979Z  INFO 8456 --- [kisansarthi-backend] [pool-3-thread-6] c.kisansarthi.slot.SlotEventPublisher    : Broadcasted real-time event [SLOT_CAPACITY_CHANGED] for mandi [mandi-sehore-test] post-commit
2026-09-15T08:43:27.065Z  INFO 8456 --- [kisansarthi-backend] [pool-3-thread-3] c.k.booking.BookingTransactionExecutor   : Official Token MP-SEH-007 successfully generated and committed for farmer 9800000003 at mandi mandi-sehore-test in slot 08:00 AM - 10:00 AM
2026-09-15T08:43:27.067Z  WARN 8456 --- [kisansarthi-backend] [      Thread-10] com.kisansarthi.sms.SmsService           : [SMS SERVICE] Blocked custom message dispatch in Trial mode to 9800000003: Twilio Trial accounts cannot send this custom message. Use Twilio Trial Test mode or upgrade/configure the Twilio account for production SMS.
2026-09-15T08:43:27.068Z  INFO 8456 --- [kisansarthi-backend] [pool-3-thread-3] c.kisansarthi.slot.SlotEventPublisher    : Broadcasted real-time event [BOOKING_CREATED] for mandi [mandi-sehore-test] post-commit
2026-09-15T08:43:27.069Z  INFO 8456 --- [kisansarthi-backend] [pool-3-thread-3] c.kisansarthi.slot.SlotEventPublisher    : Broadcasted real-time event [SLOT_CAPACITY_CHANGED] for mandi [mandi-sehore-test] post-commit
2026-09-15T08:43:27.082Z  INFO 8456 --- [kisansarthi-backend] [ool-3-thread-10] c.k.booking.BookingTransactionExecutor   : Official Token MP-SEH-008 successfully generated and committed for farmer 9800000012 at mandi mandi-sehore-test in slot 08:00 AM - 10:00 AM
2026-09-15T08:43:27.084Z  WARN 8456 --- [kisansarthi-backend] [      Thread-11] com.kisansarthi.sms.SmsService           : [SMS SERVICE] Blocked custom message dispatch in Trial mode to 9800000012: Twilio Trial accounts cannot send this custom message. Use Twilio Trial Test mode or upgrade/configure the Twilio account for production SMS.
2026-09-15T08:43:27.084Z  INFO 8456 --- [kisansarthi-backend] [ool-3-thread-10] c.kisansarthi.slot.SlotEventPublisher    : Broadcasted real-time event [BOOKING_CREATED] for mandi [mandi-sehore-test] post-commit
2026-09-15T08:43:27.085Z  INFO 8456 --- [kisansarthi-backend] [ool-3-thread-10] c.kisansarthi.slot.SlotEventPublisher    : Broadcasted real-time event [SLOT_CAPACITY_CHANGED] for mandi [mandi-sehore-test] post-commit
2026-09-15T08:43:27.159Z  INFO 8456 --- [kisansarthi-backend] [pool-3-thread-6] c.k.booking.BookingTransactionExecutor   : Official Token MP-SEH-009 successfully generated and committed for farmer 9800000016 at mandi mandi-sehore-test in slot 08:00 AM - 10:00 AM
2026-09-15T08:43:27.160Z  WARN 8456 --- [kisansarthi-backend] [      Thread-12] com.kisansarthi.sms.SmsService           : [SMS SERVICE] Blocked custom message dispatch in Trial mode to 9800000016: Twilio Trial accounts cannot send this custom message. Use Twilio Trial Test mode or upgrade/configure the Twilio account for production SMS.
2026-09-15T08:43:27.161Z  INFO 8456 --- [kisansarthi-backend] [pool-3-thread-6] c.kisansarthi.slot.SlotEventPublisher    : Broadcasted real-time event [BOOKING_CREATED] for mandi [mandi-sehore-test] post-commit
2026-09-15T08:43:27.161Z  INFO 8456 --- [kisansarthi-backend] [pool-3-thread-6] c.kisansarthi.slot.SlotEventPublisher    : Broadcasted real-time event [SLOT_CAPACITY_CHANGED] for mandi [mandi-sehore-test] post-commit
2026-09-15T08:43:27.173Z  INFO 8456 --- [kisansarthi-backend] [pool-3-thread-1] c.k.booking.BookingTransactionExecutor   : Official Token MP-SEH-010 successfully generated and committed for farmer 9800000015 at mandi mandi-sehore-test in slot 08:00 AM - 10:00 AM
2026-09-15T08:43:27.174Z  WARN 8456 --- [kisansarthi-backend] [      Thread-13] com.kisansarthi.sms.SmsService           : [SMS SERVICE] Blocked custom message dispatch in Trial mode to 9800000015: Twilio Trial accounts cannot send this custom message. Use Twilio Trial Test mode or upgrade/configure the Twilio account for production SMS.
2026-09-15T08:43:27.175Z  INFO 8456 --- [kisansarthi-backend] [pool-3-thread-1] c.kisansarthi.slot.SlotEventPublisher    : Broadcasted real-time event [BOOKING_CREATED] for mandi [mandi-sehore-test] post-commit
2026-09-15T08:43:27.176Z  INFO 8456 --- [kisansarthi-backend] [pool-3-thread-1] c.kisansarthi.slot.SlotEventPublisher    : Broadcasted real-time event [SLOT_CAPACITY_CHANGED] for mandi [mandi-sehore-test] post-commit
2026-09-15T08:43:27.187Z  INFO 8456 --- [kisansarthi-backend] [ool-3-thread-10] c.k.booking.BookingTransactionExecutor   : Official Token MP-SEH-011 successfully generated and committed for farmer 9800000018 at mandi mandi-sehore-test in slot 08:00 AM - 10:00 AM
2026-09-15T08:43:27.189Z  INFO 8456 --- [kisansarthi-backend] [ool-3-thread-10] c.kisansarthi.slot.SlotEventPublisher    : Broadcasted real-time event [BOOKING_CREATED] for mandi [mandi-sehore-test] post-commit
2026-09-15T08:43:27.189Z  WARN 8456 --- [kisansarthi-backend] [      Thread-14] com.kisansarthi.sms.SmsService           : [SMS SERVICE] Blocked custom message dispatch in Trial mode to 9800000018: Twilio Trial accounts cannot send this custom message. Use Twilio Trial Test mode or upgrade/configure the Twilio account for production SMS.
2026-09-15T08:43:27.190Z  INFO 8456 --- [kisansarthi-backend] [ool-3-thread-10] c.kisansarthi.slot.SlotEventPublisher    : Broadcasted real-time event [SLOT_CAPACITY_CHANGED] for mandi [mandi-sehore-test] post-commit
2026-09-15T08:43:27.263Z  INFO 8456 --- [kisansarthi-backend] [pool-3-thread-6] c.k.booking.BookingTransactionExecutor   : Official Token MP-SEH-012 successfully generated and committed for farmer 9800000019 at mandi mandi-sehore-test in slot 08:00 AM - 10:00 AM
2026-09-15T08:43:27.265Z  WARN 8456 --- [kisansarthi-backend] [      Thread-15] com.kisansarthi.sms.SmsService           : [SMS SERVICE] Blocked custom message dispatch in Trial mode to 9800000019: Twilio Trial accounts cannot send this custom message. Use Twilio Trial Test mode or upgrade/configure the Twilio account for production SMS.
2026-09-15T08:43:27.265Z  INFO 8456 --- [kisansarthi-backend] [pool-3-thread-6] c.kisansarthi.slot.SlotEventPublisher    : Broadcasted real-time event [BOOKING_CREATED] for mandi [mandi-sehore-test] post-commit
2026-09-15T08:43:27.266Z  INFO 8456 --- [kisansarthi-backend] [pool-3-thread-6] c.kisansarthi.slot.SlotEventPublisher    : Broadcasted real-time event [SLOT_CAPACITY_CHANGED] for mandi [mandi-sehore-test] post-commit
2026-09-15T08:43:27.278Z  INFO 8456 --- [kisansarthi-backend] [pool-3-thread-1] c.k.booking.BookingTransactionExecutor   : Official Token MP-SEH-013 successfully generated and committed for farmer 9800000020 at mandi mandi-sehore-test in slot 08:00 AM - 10:00 AM
2026-09-15T08:43:27.279Z  INFO 8456 --- [kisansarthi-backend] [pool-3-thread-1] c.kisansarthi.slot.SlotEventPublisher    : Broadcasted real-time event [BOOKING_CREATED] for mandi [mandi-sehore-test] post-commit
2026-09-15T08:43:27.279Z  WARN 8456 --- [kisansarthi-backend] [      Thread-16] com.kisansarthi.sms.SmsService           : [SMS SERVICE] Blocked custom message dispatch in Trial mode to 9800000020: Twilio Trial accounts cannot send this custom message. Use Twilio Trial Test mode or upgrade/configure the Twilio account for production SMS.
2026-09-15T08:43:27.280Z  INFO 8456 --- [kisansarthi-backend] [pool-3-thread-1] c.kisansarthi.slot.SlotEventPublisher    : Broadcasted real-time event [SLOT_CAPACITY_CHANGED] for mandi [mandi-sehore-test] post-commit
2026-09-15T08:43:27.356Z  INFO 8456 --- [kisansarthi-backend] [ool-3-thread-10] c.k.booking.BookingTransactionExecutor   : Official Token MP-SEH-014 successfully generated and committed for farmer 9800000021 at mandi mandi-sehore-test in slot 08:00 AM - 10:00 AM
2026-09-15T08:43:27.358Z  INFO 8456 --- [kisansarthi-backend] [ool-3-thread-10] c.kisansarthi.slot.SlotEventPublisher    : Broadcasted real-time event [BOOKING_CREATED] for mandi [mandi-sehore-test] post-commit
2026-09-15T08:43:27.358Z  INFO 8456 --- [kisansarthi-backend] [ool-3-thread-10] c.kisansarthi.slot.SlotEventPublisher    : Broadcasted real-time event [SLOT_CAPACITY_CHANGED] for mandi [mandi-sehore-test] post-commit
2026-09-15T08:43:27.364Z  WARN 8456 --- [kisansarthi-backend] [      Thread-17] com.kisansarthi.sms.SmsService           : [SMS SERVICE] Blocked custom message dispatch in Trial mode to 9800000021: Twilio Trial accounts cannot send this custom message. Use Twilio Trial Test mode or upgrade/configure the Twilio account for production SMS.
2026-09-15T08:43:27.371Z  INFO 8456 --- [kisansarthi-backend] [pool-3-thread-1] c.k.booking.BookingTransactionExecutor   : Official Token MP-SEH-015 successfully generated and committed for farmer 9800000023 at mandi mandi-sehore-test in slot 08:00 AM - 10:00 AM
2026-09-15T08:43:27.378Z  WARN 8456 --- [kisansarthi-backend] [      Thread-18] com.kisansarthi.sms.SmsService           : [SMS SERVICE] Blocked custom message dispatch in Trial mode to 9800000023: Twilio Trial accounts cannot send this custom message. Use Twilio Trial Test mode or upgrade/configure the Twilio account for production SMS.
2026-09-15T08:43:27.379Z  INFO 8456 --- [kisansarthi-backend] [pool-3-thread-1] c.kisansarthi.slot.SlotEventPublisher    : Broadcasted real-time event [BOOKING_CREATED] for mandi [mandi-sehore-test] post-commit
2026-09-15T08:43:27.380Z  INFO 8456 --- [kisansarthi-backend] [pool-3-thread-1] c.kisansarthi.slot.SlotEventPublisher    : Broadcasted real-time event [SLOT_CAPACITY_CHANGED] for mandi [mandi-sehore-test] post-commit
2026-09-15T08:43:27.394Z  INFO 8456 --- [kisansarthi-backend] [pool-3-thread-6] c.k.booking.BookingTransactionExecutor   : Official Token MP-SEH-016 successfully generated and committed for farmer 9800000022 at mandi mandi-sehore-test in slot 08:00 AM - 10:00 AM
2026-09-15T08:43:27.396Z  WARN 8456 --- [kisansarthi-backend] [      Thread-19] com.kisansarthi.sms.SmsService           : [SMS SERVICE] Blocked custom message dispatch in Trial mode to 9800000022: Twilio Trial accounts cannot send this custom message. Use Twilio Trial Test mode or upgrade/configure the Twilio account for production SMS.
2026-09-15T08:43:27.396Z  INFO 8456 --- [kisansarthi-backend] [pool-3-thread-6] c.kisansarthi.slot.SlotEventPublisher    : Broadcasted real-time event [BOOKING_CREATED] for mandi [mandi-sehore-test] post-commit
2026-09-15T08:43:27.452Z  INFO 8456 --- [kisansarthi-backend] [pool-3-thread-6] c.kisansarthi.slot.SlotEventPublisher    : Broadcasted real-time event [SLOT_CAPACITY_CHANGED] for mandi [mandi-sehore-test] post-commit
2026-09-15T08:43:27.459Z  INFO 8456 --- [kisansarthi-backend] [ool-3-thread-10] c.k.booking.BookingTransactionExecutor   : Official Token MP-SEH-017 successfully generated and committed for farmer 9800000024 at mandi mandi-sehore-test in slot 08:00 AM - 10:00 AM
2026-09-15T08:43:27.460Z  INFO 8456 --- [kisansarthi-backend] [ool-3-thread-10] c.kisansarthi.slot.SlotEventPublisher    : Broadcasted real-time event [BOOKING_CREATED] for mandi [mandi-sehore-test] post-commit
2026-09-15T08:43:27.460Z  WARN 8456 --- [kisansarthi-backend] [      Thread-20] com.kisansarthi.sms.SmsService           : [SMS SERVICE] Blocked custom message dispatch in Trial mode to 9800000024: Twilio Trial accounts cannot send this custom message. Use Twilio Trial Test mode or upgrade/configure the Twilio account for production SMS.
2026-09-15T08:43:27.461Z  INFO 8456 --- [kisansarthi-backend] [ool-3-thread-10] c.kisansarthi.slot.SlotEventPublisher    : Broadcasted real-time event [SLOT_CAPACITY_CHANGED] for mandi [mandi-sehore-test] post-commit
2026-09-15T08:43:27.478Z  INFO 8456 --- [kisansarthi-backend] [pool-3-thread-1] c.k.booking.BookingTransactionExecutor   : Official Token MP-SEH-018 successfully generated and committed for farmer 9800000025 at mandi mandi-sehore-test in slot 08:00 AM - 10:00 AM
2026-09-15T08:43:27.479Z  WARN 8456 --- [kisansarthi-backend] [      Thread-21] com.kisansarthi.sms.SmsService           : [SMS SERVICE] Blocked custom message dispatch in Trial mode to 9800000025: Twilio Trial accounts cannot send this custom message. Use Twilio Trial Test mode or upgrade/configure the Twilio account for production SMS.
2026-09-15T08:43:27.480Z  INFO 8456 --- [kisansarthi-backend] [pool-3-thread-1] c.kisansarthi.slot.SlotEventPublisher    : Broadcasted real-time event [BOOKING_CREATED] for mandi [mandi-sehore-test] post-commit
2026-09-15T08:43:27.481Z  INFO 8456 --- [kisansarthi-backend] [pool-3-thread-1] c.kisansarthi.slot.SlotEventPublisher    : Broadcasted real-time event [SLOT_CAPACITY_CHANGED] for mandi [mandi-sehore-test] post-commit
2026-09-15T08:43:27.496Z  INFO 8456 --- [kisansarthi-backend] [pool-3-thread-5] c.k.booking.BookingTransactionExecutor   : Official Token MP-SEH-019 successfully generated and committed for farmer 9800000005 at mandi mandi-sehore-test in slot 08:00 AM - 10:00 AM
2026-09-15T08:43:27.498Z  WARN 8456 --- [kisansarthi-backend] [      Thread-22] com.kisansarthi.sms.SmsService           : [SMS SERVICE] Blocked custom message dispatch in Trial mode to 9800000005: Twilio Trial accounts cannot send this custom message. Use Twilio Trial Test mode or upgrade/configure the Twilio account for production SMS.
2026-09-15T08:43:27.498Z  INFO 8456 --- [kisansarthi-backend] [pool-3-thread-5] c.kisansarthi.slot.SlotEventPublisher    : Broadcasted real-time event [BOOKING_CREATED] for mandi [mandi-sehore-test] post-commit
2026-09-15T08:43:27.499Z  INFO 8456 --- [kisansarthi-backend] [pool-3-thread-5] c.kisansarthi.slot.SlotEventPublisher    : Broadcasted real-time event [SLOT_CAPACITY_CHANGED] for mandi [mandi-sehore-test] post-commit
2026-09-15T08:43:27.562Z  INFO 8456 --- [kisansarthi-backend] [pool-3-thread-3] c.k.booking.BookingTransactionExecutor   : Official Token MP-SEH-020 successfully generated and committed for farmer 9800000017 at mandi mandi-sehore-test in slot 08:00 AM - 10:00 AM
2026-09-15T08:43:27.564Z  WARN 8456 --- [kisansarthi-backend] [      Thread-23] com.kisansarthi.sms.SmsService           : [SMS SERVICE] Blocked custom message dispatch in Trial mode to 9800000017: Twilio Trial accounts cannot send this custom message. Use Twilio Trial Test mode or upgrade/configure the Twilio account for production SMS.
2026-09-15T08:43:27.565Z  INFO 8456 --- [kisansarthi-backend] [pool-3-thread-3] c.kisansarthi.slot.SlotEventPublisher    : Broadcasted real-time event [BOOKING_CREATED] for mandi [mandi-sehore-test] post-commit
2026-09-15T08:43:27.566Z  INFO 8456 --- [kisansarthi-backend] [pool-3-thread-3] c.kisansarthi.slot.SlotEventPublisher    : Broadcasted real-time event [SLOT_CAPACITY_CHANGED] for mandi [mandi-sehore-test] post-commit
2026-09-15T08:43:27.581Z  INFO 8456 --- [kisansarthi-backend] [pool-3-thread-8] c.k.booking.BookingTransactionExecutor   : Official Token MP-SEH-021 successfully generated and committed for farmer 9800000008 at mandi mandi-sehore-test in slot 08:00 AM - 10:00 AM
2026-09-15T08:43:27.583Z  WARN 8456 --- [kisansarthi-backend] [      Thread-24] com.kisansarthi.sms.SmsService           : [SMS SERVICE] Blocked custom message dispatch in Trial mode to 9800000008: Twilio Trial accounts cannot send this custom message. Use Twilio Trial Test mode or upgrade/configure the Twilio account for production SMS.
2026-09-15T08:43:27.583Z  INFO 8456 --- [kisansarthi-backend] [pool-3-thread-8] c.kisansarthi.slot.SlotEventPublisher    : Broadcasted real-time event [BOOKING_CREATED] for mandi [mandi-sehore-test] post-commit
2026-09-15T08:43:27.584Z  INFO 8456 --- [kisansarthi-backend] [pool-3-thread-8] c.kisansarthi.slot.SlotEventPublisher    : Broadcasted real-time event [SLOT_CAPACITY_CHANGED] for mandi [mandi-sehore-test] post-commit
2026-09-15T08:43:27.598Z  INFO 8456 --- [kisansarthi-backend] [pool-3-thread-7] c.k.booking.BookingTransactionExecutor   : Official Token MP-SEH-022 successfully generated and committed for farmer 9800000013 at mandi mandi-sehore-test in slot 08:00 AM - 10:00 AM
2026-09-15T08:43:27.600Z  WARN 8456 --- [kisansarthi-backend] [      Thread-25] com.kisansarthi.sms.SmsService           : [SMS SERVICE] Blocked custom message dispatch in Trial mode to 9800000013: Twilio Trial accounts cannot send this custom message. Use Twilio Trial Test mode or upgrade/configure the Twilio account for production SMS.
2026-09-15T08:43:27.601Z  INFO 8456 --- [kisansarthi-backend] [pool-3-thread-7] c.kisansarthi.slot.SlotEventPublisher    : Broadcasted real-time event [BOOKING_CREATED] for mandi [mandi-sehore-test] post-commit
2026-09-15T08:43:27.602Z  INFO 8456 --- [kisansarthi-backend] [pool-3-thread-7] c.kisansarthi.slot.SlotEventPublisher    : Broadcasted real-time event [SLOT_CAPACITY_CHANGED] for mandi [mandi-sehore-test] post-commit
2026-09-15T08:43:27.666Z  INFO 8456 --- [kisansarthi-backend] [pool-3-thread-9] c.k.booking.BookingTransactionExecutor   : Official Token MP-SEH-023 successfully generated and committed for farmer 9800000009 at mandi mandi-sehore-test in slot 08:00 AM - 10:00 AM
2026-09-15T08:43:27.668Z  WARN 8456 --- [kisansarthi-backend] [      Thread-26] com.kisansarthi.sms.SmsService           : [SMS SERVICE] Blocked custom message dispatch in Trial mode to 9800000009: Twilio Trial accounts cannot send this custom message. Use Twilio Trial Test mode or upgrade/configure the Twilio account for production SMS.
2026-09-15T08:43:27.669Z  INFO 8456 --- [kisansarthi-backend] [pool-3-thread-9] c.kisansarthi.slot.SlotEventPublisher    : Broadcasted real-time event [BOOKING_CREATED] for mandi [mandi-sehore-test] post-commit
2026-09-15T08:43:27.669Z  INFO 8456 --- [kisansarthi-backend] [pool-3-thread-9] c.kisansarthi.slot.SlotEventPublisher    : Broadcasted real-time event [SLOT_CAPACITY_CHANGED] for mandi [mandi-sehore-test] post-commit
2026-09-15T08:43:27.682Z  INFO 8456 --- [kisansarthi-backend] [pool-3-thread-2] c.k.booking.BookingTransactionExecutor   : Official Token MP-SEH-024 successfully generated and committed for farmer 9800000011 at mandi mandi-sehore-test in slot 08:00 AM - 10:00 AM
2026-09-15T08:43:27.683Z  WARN 8456 --- [kisansarthi-backend] [      Thread-27] com.kisansarthi.sms.SmsService           : [SMS SERVICE] Blocked custom message dispatch in Trial mode to 9800000011: Twilio Trial accounts cannot send this custom message. Use Twilio Trial Test mode or upgrade/configure the Twilio account for production SMS.
2026-09-15T08:43:27.684Z  INFO 8456 --- [kisansarthi-backend] [pool-3-thread-2] c.kisansarthi.slot.SlotEventPublisher    : Broadcasted real-time event [BOOKING_CREATED] for mandi [mandi-sehore-test] post-commit
2026-09-15T08:43:27.684Z  INFO 8456 --- [kisansarthi-backend] [pool-3-thread-2] c.kisansarthi.slot.SlotEventPublisher    : Broadcasted real-time event [SLOT_CAPACITY_CHANGED] for mandi [mandi-sehore-test] post-commit
2026-09-15T08:43:27.700Z  INFO 8456 --- [kisansarthi-backend] [pool-3-thread-4] c.k.booking.BookingTransactionExecutor   : Official Token MP-SEH-025 successfully generated and committed for farmer 9800000014 at mandi mandi-sehore-test in slot 08:00 AM - 10:00 AM
2026-09-15T08:43:27.702Z  WARN 8456 --- [kisansarthi-backend] [      Thread-28] com.kisansarthi.sms.SmsService           : [SMS SERVICE] Blocked custom message dispatch in Trial mode to 9800000014: Twilio Trial accounts cannot send this custom message. Use Twilio Trial Test mode or upgrade/configure the Twilio account for production SMS.
2026-09-15T08:43:27.702Z  INFO 8456 --- [kisansarthi-backend] [pool-3-thread-4] c.kisansarthi.slot.SlotEventPublisher    : Broadcasted real-time event [BOOKING_CREATED] for mandi [mandi-sehore-test] post-commit
2026-09-15T08:43:27.703Z  INFO 8456 --- [kisansarthi-backend] [pool-3-thread-4] c.kisansarthi.slot.SlotEventPublisher    : Broadcasted real-time event [SLOT_CAPACITY_CHANGED] for mandi [mandi-sehore-test] post-commit
]]></system-out>
  </testcase>
  <testcase name="test50ConcurrentBookingsForCapacity30Slot" classname="com.kisansarthi.booking.BookingConcurrencyTest" time="1.894">
    <system-out><![CDATA[2026-09-15T08:43:28.481Z  INFO 8456 --- [kisansarthi-backend] [pool-4-thread-8] c.k.booking.BookingTransactionExecutor   : Official Token MP-SEH-001 successfully generated and committed for farmer 9800000008 at mandi mandi-sehore-test in slot 10:00 AM - 12:00 PM
2026-09-15T08:43:28.484Z  WARN 8456 --- [kisansarthi-backend] [      Thread-29] com.kisansarthi.sms.SmsService           : [SMS SERVICE] Blocked custom message dispatch in Trial mode to 9800000008: Twilio Trial accounts cannot send this custom message. Use Twilio Trial Test mode or upgrade/configure the Twilio account for production SMS.
2026-09-15T08:43:28.551Z  INFO 8456 --- [kisansarthi-backend] [pool-4-thread-8] c.kisansarthi.slot.SlotEventPublisher    : Broadcasted real-time event [BOOKING_CREATED] for mandi [mandi-sehore-test] post-commit
2026-09-15T08:43:28.552Z  INFO 8456 --- [kisansarthi-backend] [pool-4-thread-8] c.kisansarthi.slot.SlotEventPublisher    : Broadcasted real-time event [SLOT_CAPACITY_CHANGED] for mandi [mandi-sehore-test] post-commit
2026-09-15T08:43:28.561Z  INFO 8456 --- [kisansarthi-backend] [ool-4-thread-12] c.k.booking.BookingTransactionExecutor   : Official Token MP-SEH-002 successfully generated and committed for farmer 9800000012 at mandi mandi-sehore-test in slot 10:00 AM - 12:00 PM
2026-09-15T08:43:28.564Z  WARN 8456 --- [kisansarthi-backend] [      Thread-30] com.kisansarthi.sms.SmsService           : [SMS SERVICE] Blocked custom message dispatch in Trial mode to 9800000012: Twilio Trial accounts cannot send this custom message. Use Twilio Trial Test mode or upgrade/configure the Twilio account for production SMS.
2026-09-15T08:43:28.564Z  INFO 8456 --- [kisansarthi-backend] [ool-4-thread-12] c.kisansarthi.slot.SlotEventPublisher    : Broadcasted real-time event [BOOKING_CREATED] for mandi [mandi-sehore-test] post-commit
2026-09-15T08:43:28.565Z  INFO 8456 --- [kisansarthi-backend] [ool-4-thread-12] c.kisansarthi.slot.SlotEventPublisher    : Broadcasted real-time event [SLOT_CAPACITY_CHANGED] for mandi [mandi-sehore-test] post-commit
2026-09-15T08:43:28.572Z  INFO 8456 --- [kisansarthi-backend] [pool-4-thread-2] c.k.booking.BookingTransactionExecutor   : Official Token MP-SEH-003 successfully generated and committed for farmer 9800000002 at mandi mandi-sehore-test in slot 10:00 AM - 12:00 PM
2026-09-15T08:43:28.574Z  WARN 8456 --- [kisansarthi-backend] [      Thread-31] com.kisansarthi.sms.SmsService           : [SMS SERVICE] Blocked custom message dispatch in Trial mode to 9800000002: Twilio Trial accounts cannot send this custom message. Use Twilio Trial Test mode or upgrade/configure the Twilio account for production SMS.
2026-09-15T08:43:28.574Z  INFO 8456 --- [kisansarthi-backend] [pool-4-thread-2] c.kisansarthi.slot.SlotEventPublisher    : Broadcasted real-time event [BOOKING_CREATED] for mandi [mandi-sehore-test] post-commit
2026-09-15T08:43:28.575Z  INFO 8456 --- [kisansarthi-backend] [pool-4-thread-2] c.kisansarthi.slot.SlotEventPublisher    : Broadcasted real-time event [SLOT_CAPACITY_CHANGED] for mandi [mandi-sehore-test] post-commit
2026-09-15T08:43:28.586Z  INFO 8456 --- [kisansarthi-backend] [ool-4-thread-15] c.k.booking.BookingTransactionExecutor   : Official Token MP-SEH-004 successfully generated and committed for farmer 9800000015 at mandi mandi-sehore-test in slot 10:00 AM - 12:00 PM
2026-09-15T08:43:28.588Z  WARN 8456 --- [kisansarthi-backend] [      Thread-32] com.kisansarthi.sms.SmsService           : [SMS SERVICE] Blocked custom message dispatch in Trial mode to 9800000015: Twilio Trial accounts cannot send this custom message. Use Twilio Trial Test mode or upgrade/configure the Twilio account for production SMS.
2026-09-15T08:43:28.588Z  INFO 8456 --- [kisansarthi-backend] [ool-4-thread-15] c.kisansarthi.slot.SlotEventPublisher    : Broadcasted real-time event [BOOKING_CREATED] for mandi [mandi-sehore-test] post-commit
2026-09-15T08:43:28.589Z  INFO 8456 --- [kisansarthi-backend] [ool-4-thread-15] c.kisansarthi.slot.SlotEventPublisher    : Broadcasted real-time event [SLOT_CAPACITY_CHANGED] for mandi [mandi-sehore-test] post-commit
2026-09-15T08:43:28.659Z  INFO 8456 --- [kisansarthi-backend] [pool-4-thread-3] c.k.booking.BookingTransactionExecutor   : Official Token MP-SEH-005 successfully generated and committed for farmer 9800000003 at mandi mandi-sehore-test in slot 10:00 AM - 12:00 PM
2026-09-15T08:43:28.661Z  WARN 8456 --- [kisansarthi-backend] [      Thread-33] com.kisansarthi.sms.SmsService           : [SMS SERVICE] Blocked custom message dispatch in Trial mode to 9800000003: Twilio Trial accounts cannot send this custom message. Use Twilio Trial Test mode or upgrade/configure the Twilio account for production SMS.
2026-09-15T08:43:28.662Z  INFO 8456 --- [kisansarthi-backend] [pool-4-thread-3] c.kisansarthi.slot.SlotEventPublisher    : Broadcasted real-time event [BOOKING_CREATED] for mandi [mandi-sehore-test] post-commit
2026-09-15T08:43:28.663Z  INFO 8456 --- [kisansarthi-backend] [pool-4-thread-3] c.kisansarthi.slot.SlotEventPublisher    : Broadcasted real-time event [SLOT_CAPACITY_CHANGED] for mandi [mandi-sehore-test] post-commit
2026-09-15T08:43:28.673Z  INFO 8456 --- [kisansarthi-backend] [pool-4-thread-9] c.k.booking.BookingTransactionExecutor   : Official Token MP-SEH-006 successfully generated and committed for farmer 9800000009 at mandi mandi-sehore-test in slot 10:00 AM - 12:00 PM
2026-09-15T08:43:28.674Z  WARN 8456 --- [kisansarthi-backend] [      Thread-34] com.kisansarthi.sms.SmsService           : [SMS SERVICE] Blocked custom message dispatch in Trial mode to 9800000009: Twilio Trial accounts cannot send this custom message. Use Twilio Trial Test mode or upgrade/configure the Twilio account for production SMS.
2026-09-15T08:43:28.675Z  INFO 8456 --- [kisansarthi-backend] [pool-4-thread-9] c.kisansarthi.slot.SlotEventPublisher    : Broadcasted real-time event [BOOKING_CREATED] for mandi [mandi-sehore-test] post-commit
2026-09-15T08:43:28.675Z  INFO 8456 --- [kisansarthi-backend] [pool-4-thread-9] c.kisansarthi.slot.SlotEventPublisher    : Broadcasted real-time event [SLOT_CAPACITY_CHANGED] for mandi [mandi-sehore-test] post-commit
2026-09-15T08:43:28.684Z  INFO 8456 --- [kisansarthi-backend] [ool-4-thread-13] c.k.booking.BookingTransactionExecutor   : Official Token MP-SEH-007 successfully generated and committed for farmer 9800000013 at mandi mandi-sehore-test in slot 10:00 AM - 12:00 PM
2026-09-15T08:43:28.688Z  WARN 8456 --- [kisansarthi-backend] [      Thread-35] com.kisansarthi.sms.SmsService           : [SMS SERVICE] Blocked custom message dispatch in Trial mode to 9800000013: Twilio Trial accounts cannot send this custom message. Use Twilio Trial Test mode or upgrade/configure the Twilio account for production SMS.
2026-09-15T08:43:28.688Z  INFO 8456 --- [kisansarthi-backend] [ool-4-thread-13] c.kisansarthi.slot.SlotEventPublisher    : Broadcasted real-time event [BOOKING_CREATED] for mandi [mandi-sehore-test] post-commit
2026-09-15T08:43:28.689Z  INFO 8456 --- [kisansarthi-backend] [ool-4-thread-13] c.kisansarthi.slot.SlotEventPublisher    : Broadcasted real-time event [SLOT_CAPACITY_CHANGED] for mandi [mandi-sehore-test] post-commit
2026-09-15T08:43:28.763Z  INFO 8456 --- [kisansarthi-backend] [ool-4-thread-14] c.k.booking.BookingTransactionExecutor   : Official Token MP-SEH-008 successfully generated and committed for farmer 9800000014 at mandi mandi-sehore-test in slot 10:00 AM - 12:00 PM
2026-09-15T08:43:28.765Z  WARN 8456 --- [kisansarthi-backend] [      Thread-36] com.kisansarthi.sms.SmsService           : [SMS SERVICE] Blocked custom message dispatch in Trial mode to 9800000014: Twilio Trial accounts cannot send this custom message. Use Twilio Trial Test mode or upgrade/configure the Twilio account for production SMS.
2026-09-15T08:43:28.766Z  INFO 8456 --- [kisansarthi-backend] [ool-4-thread-14] c.kisansarthi.slot.SlotEventPublisher    : Broadcasted real-time event [BOOKING_CREATED] for mandi [mandi-sehore-test] post-commit
2026-09-15T08:43:28.766Z  INFO 8456 --- [kisansarthi-backend] [ool-4-thread-14] c.kisansarthi.slot.SlotEventPublisher    : Broadcasted real-time event [SLOT_CAPACITY_CHANGED] for mandi [mandi-sehore-test] post-commit
2026-09-15T08:43:28.778Z  INFO 8456 --- [kisansarthi-backend] [pool-4-thread-8] c.k.booking.BookingTransactionExecutor   : Official Token MP-SEH-009 successfully generated and committed for farmer 9800000016 at mandi mandi-sehore-test in slot 10:00 AM - 12:00 PM
2026-09-15T08:43:28.782Z  WARN 8456 --- [kisansarthi-backend] [      Thread-37] com.kisansarthi.sms.SmsService           : [SMS SERVICE] Blocked custom message dispatch in Trial mode to 9800000016: Twilio Trial accounts cannot send this custom message. Use Twilio Trial Test mode or upgrade/configure the Twilio account for production SMS.
2026-09-15T08:43:28.782Z  INFO 8456 --- [kisansarthi-backend] [pool-4-thread-8] c.kisansarthi.slot.SlotEventPublisher    : Broadcasted real-time event [BOOKING_CREATED] for mandi [mandi-sehore-test] post-commit
2026-09-15T08:43:28.783Z  INFO 8456 --- [kisansarthi-backend] [pool-4-thread-8] c.kisansarthi.slot.SlotEventPublisher    : Broadcasted real-time event [SLOT_CAPACITY_CHANGED] for mandi [mandi-sehore-test] post-commit
2026-09-15T08:43:28.793Z  INFO 8456 --- [kisansarthi-backend] [ool-4-thread-12] c.k.booking.BookingTransactionExecutor   : Official Token MP-SEH-010 successfully generated and committed for farmer 9800000017 at mandi mandi-sehore-test in slot 10:00 AM - 12:00 PM
2026-09-15T08:43:28.795Z  WARN 8456 --- [kisansarthi-backend] [      Thread-38] com.kisansarthi.sms.SmsService           : [SMS SERVICE] Blocked custom message dispatch in Trial mode to 9800000017: Twilio Trial accounts cannot send this custom message. Use Twilio Trial Test mode or upgrade/configure the Twilio account for production SMS.
2026-09-15T08:43:28.795Z  INFO 8456 --- [kisansarthi-backend] [ool-4-thread-12] c.kisansarthi.slot.SlotEventPublisher    : Broadcasted real-time event [BOOKING_CREATED] for mandi [mandi-sehore-test] post-commit
2026-09-15T08:43:28.795Z  INFO 8456 --- [kisansarthi-backend] [ool-4-thread-12] c.kisansarthi.slot.SlotEventPublisher    : Broadcasted real-time event [SLOT_CAPACITY_CHANGED] for mandi [mandi-sehore-test] post-commit
2026-09-15T08:43:28.858Z  INFO 8456 --- [kisansarthi-backend] [pool-4-thread-2] c.k.booking.BookingTransactionExecutor   : Official Token MP-SEH-011 successfully generated and committed for farmer 9800000018 at mandi mandi-sehore-test in slot 10:00 AM - 12:00 PM
2026-09-15T08:43:28.861Z  INFO 8456 --- [kisansarthi-backend] [pool-4-thread-2] c.kisansarthi.slot.SlotEventPublisher    : Broadcasted real-time event [BOOKING_CREATED] for mandi [mandi-sehore-test] post-commit
2026-09-15T08:43:28.862Z  WARN 8456 --- [kisansarthi-backend] [      Thread-39] com.kisansarthi.sms.SmsService           : [SMS SERVICE] Blocked custom message dispatch in Trial mode to 9800000018: Twilio Trial accounts cannot send this custom message. Use Twilio Trial Test mode or upgrade/configure the Twilio account for production SMS.
2026-09-15T08:43:28.862Z  INFO 8456 --- [kisansarthi-backend] [pool-4-thread-2] c.kisansarthi.slot.SlotEventPublisher    : Broadcasted real-time event [SLOT_CAPACITY_CHANGED] for mandi [mandi-sehore-test] post-commit
2026-09-15T08:43:28.874Z  INFO 8456 --- [kisansarthi-backend] [ool-4-thread-15] c.k.booking.BookingTransactionExecutor   : Official Token MP-SEH-012 successfully generated and committed for farmer 9800000019 at mandi mandi-sehore-test in slot 10:00 AM - 12:00 PM
2026-09-15T08:43:28.876Z  WARN 8456 --- [kisansarthi-backend] [      Thread-40] com.kisansarthi.sms.SmsService           : [SMS SERVICE] Blocked custom message dispatch in Trial mode to 9800000019: Twilio Trial accounts cannot send this custom message. Use Twilio Trial Test mode or upgrade/configure the Twilio account for production SMS.
2026-09-15T08:43:28.877Z  INFO 8456 --- [kisansarthi-backend] [ool-4-thread-15] c.kisansarthi.slot.SlotEventPublisher    : Broadcasted real-time event [BOOKING_CREATED] for mandi [mandi-sehore-test] post-commit
2026-09-15T08:43:28.878Z  INFO 8456 --- [kisansarthi-backend] [ool-4-thread-15] c.kisansarthi.slot.SlotEventPublisher    : Broadcasted real-time event [SLOT_CAPACITY_CHANGED] for mandi [mandi-sehore-test] post-commit
2026-09-15T08:43:28.887Z  INFO 8456 --- [kisansarthi-backend] [pool-4-thread-1] c.k.booking.BookingTransactionExecutor   : Official Token MP-SEH-013 successfully generated and committed for farmer 9800000001 at mandi mandi-sehore-test in slot 10:00 AM - 12:00 PM
2026-09-15T08:43:28.889Z  INFO 8456 --- [kisansarthi-backend] [pool-4-thread-1] c.kisansarthi.slot.SlotEventPublisher    : Broadcasted real-time event [BOOKING_CREATED] for mandi [mandi-sehore-test] post-commit
2026-09-15T08:43:28.889Z  WARN 8456 --- [kisansarthi-backend] [      Thread-41] com.kisansarthi.sms.SmsService           : [SMS SERVICE] Blocked custom message dispatch in Trial mode to 9800000001: Twilio Trial accounts cannot send this custom message. Use Twilio Trial Test mode or upgrade/configure the Twilio account for production SMS.
2026-09-15T08:43:28.890Z  INFO 8456 --- [kisansarthi-backend] [pool-4-thread-1] c.kisansarthi.slot.SlotEventPublisher    : Broadcasted real-time event [SLOT_CAPACITY_CHANGED] for mandi [mandi-sehore-test] post-commit
2026-09-15T08:43:28.961Z  INFO 8456 --- [kisansarthi-backend] [ool-4-thread-14] c.k.booking.BookingTransactionExecutor   : Official Token MP-SEH-014 successfully generated and committed for farmer 9800000023 at mandi mandi-sehore-test in slot 10:00 AM - 12:00 PM
2026-09-15T08:43:28.962Z  WARN 8456 --- [kisansarthi-backend] [      Thread-42] com.kisansarthi.sms.SmsService           : [SMS SERVICE] Blocked custom message dispatch in Trial mode to 9800000023: Twilio Trial accounts cannot send this custom message. Use Twilio Trial Test mode or upgrade/configure the Twilio account for production SMS.
2026-09-15T08:43:28.963Z  INFO 8456 --- [kisansarthi-backend] [ool-4-thread-14] c.kisansarthi.slot.SlotEventPublisher    : Broadcasted real-time event [BOOKING_CREATED] for mandi [mandi-sehore-test] post-commit
2026-09-15T08:43:28.964Z  INFO 8456 --- [kisansarthi-backend] [ool-4-thread-14] c.kisansarthi.slot.SlotEventPublisher    : Broadcasted real-time event [SLOT_CAPACITY_CHANGED] for mandi [mandi-sehore-test] post-commit
2026-09-15T08:43:28.973Z  INFO 8456 --- [kisansarthi-backend] [pool-4-thread-9] c.k.booking.BookingTransactionExecutor   : Official Token MP-SEH-015 successfully generated and committed for farmer 9800000021 at mandi mandi-sehore-test in slot 10:00 AM - 12:00 PM
2026-09-15T08:43:28.975Z  WARN 8456 --- [kisansarthi-backend] [      Thread-43] com.kisansarthi.sms.SmsService           : [SMS SERVICE] Blocked custom message dispatch in Trial mode to 9800000021: Twilio Trial accounts cannot send this custom message. Use Twilio Trial Test mode or upgrade/configure the Twilio account for production SMS.
2026-09-15T08:43:28.976Z  INFO 8456 --- [kisansarthi-backend] [pool-4-thread-9] c.kisansarthi.slot.SlotEventPublisher    : Broadcasted real-time event [BOOKING_CREATED] for mandi [mandi-sehore-test] post-commit
2026-09-15T08:43:28.976Z  INFO 8456 --- [kisansarthi-backend] [pool-4-thread-9] c.kisansarthi.slot.SlotEventPublisher    : Broadcasted real-time event [SLOT_CAPACITY_CHANGED] for mandi [mandi-sehore-test] post-commit
2026-09-15T08:43:28.987Z  INFO 8456 --- [kisansarthi-backend] [pool-4-thread-8] c.k.booking.BookingTransactionExecutor   : Official Token MP-SEH-016 successfully generated and committed for farmer 9800000024 at mandi mandi-sehore-test in slot 10:00 AM - 12:00 PM
2026-09-15T08:43:28.989Z  WARN 8456 --- [kisansarthi-backend] [      Thread-44] com.kisansarthi.sms.SmsService           : [SMS SERVICE] Blocked custom message dispatch in Trial mode to 9800000024: Twilio Trial accounts cannot send this custom message. Use Twilio Trial Test mode or upgrade/configure the Twilio account for production SMS.
2026-09-15T08:43:28.990Z  INFO 8456 --- [kisansarthi-backend] [pool-4-thread-8] c.kisansarthi.slot.SlotEventPublisher    : Broadcasted real-time event [BOOKING_CREATED] for mandi [mandi-sehore-test] post-commit
2026-09-15T08:43:28.990Z  INFO 8456 --- [kisansarthi-backend] [pool-4-thread-8] c.kisansarthi.slot.SlotEventPublisher    : Broadcasted real-time event [SLOT_CAPACITY_CHANGED] for mandi [mandi-sehore-test] post-commit
2026-09-15T08:43:29.059Z  INFO 8456 --- [kisansarthi-backend] [ool-4-thread-13] c.k.booking.BookingTransactionExecutor   : Official Token MP-SEH-017 successfully generated and committed for farmer 9800000022 at mandi mandi-sehore-test in slot 10:00 AM - 12:00 PM
2026-09-15T08:43:29.062Z  INFO 8456 --- [kisansarthi-backend] [ool-4-thread-13] c.kisansarthi.slot.SlotEventPublisher    : Broadcasted real-time event [BOOKING_CREATED] for mandi [mandi-sehore-test] post-commit
2026-09-15T08:43:29.062Z  INFO 8456 --- [kisansarthi-backend] [ool-4-thread-13] c.kisansarthi.slot.SlotEventPublisher    : Broadcasted real-time event [SLOT_CAPACITY_CHANGED] for mandi [mandi-sehore-test] post-commit
2026-09-15T08:43:29.063Z  WARN 8456 --- [kisansarthi-backend] [      Thread-45] com.kisansarthi.sms.SmsService           : [SMS SERVICE] Blocked custom message dispatch in Trial mode to 9800000022: Twilio Trial accounts cannot send this custom message. Use Twilio Trial Test mode or upgrade/configure the Twilio account for production SMS.
2026-09-15T08:43:29.072Z  INFO 8456 --- [kisansarthi-backend] [pool-4-thread-2] c.k.booking.BookingTransactionExecutor   : Official Token MP-SEH-018 successfully generated and committed for farmer 9800000026 at mandi mandi-sehore-test in slot 10:00 AM - 12:00 PM
2026-09-15T08:43:29.074Z  WARN 8456 --- [kisansarthi-backend] [      Thread-46] com.kisansarthi.sms.SmsService           : [SMS SERVICE] Blocked custom message dispatch in Trial mode to 9800000026: Twilio Trial accounts cannot send this custom message. Use Twilio Trial Test mode or upgrade/configure the Twilio account for production SMS.
2026-09-15T08:43:29.077Z  INFO 8456 --- [kisansarthi-backend] [pool-4-thread-2] c.kisansarthi.slot.SlotEventPublisher    : Broadcasted real-time event [BOOKING_CREATED] for mandi [mandi-sehore-test] post-commit
2026-09-15T08:43:29.079Z  INFO 8456 --- [kisansarthi-backend] [pool-4-thread-2] c.kisansarthi.slot.SlotEventPublisher    : Broadcasted real-time event [SLOT_CAPACITY_CHANGED] for mandi [mandi-sehore-test] post-commit
2026-09-15T08:43:29.085Z  INFO 8456 --- [kisansarthi-backend] [pool-4-thread-7] c.k.booking.BookingTransactionExecutor   : Official Token MP-SEH-019 successfully generated and committed for farmer 9800000007 at mandi mandi-sehore-test in slot 10:00 AM - 12:00 PM
2026-09-15T08:43:29.086Z  WARN 8456 --- [kisansarthi-backend] [      Thread-47] com.kisansarthi.sms.SmsService           : [SMS SERVICE] Blocked custom message dispatch in Trial mode to 9800000007: Twilio Trial accounts cannot send this custom message. Use Twilio Trial Test mode or upgrade/configure the Twilio account for production SMS.
2026-09-15T08:43:29.090Z  INFO 8456 --- [kisansarthi-backend] [pool-4-thread-7] c.kisansarthi.slot.SlotEventPublisher    : Broadcasted real-time event [BOOKING_CREATED] for mandi [mandi-sehore-test] post-commit
2026-09-15T08:43:29.152Z  INFO 8456 --- [kisansarthi-backend] [pool-4-thread-7] c.kisansarthi.slot.SlotEventPublisher    : Broadcasted real-time event [SLOT_CAPACITY_CHANGED] for mandi [mandi-sehore-test] post-commit
2026-09-15T08:43:29.159Z  INFO 8456 --- [kisansarthi-backend] [ool-4-thread-12] c.k.booking.BookingTransactionExecutor   : Official Token MP-SEH-020 successfully generated and committed for farmer 9800000025 at mandi mandi-sehore-test in slot 10:00 AM - 12:00 PM
2026-09-15T08:43:29.161Z  WARN 8456 --- [kisansarthi-backend] [      Thread-48] com.kisansarthi.sms.SmsService           : [SMS SERVICE] Blocked custom message dispatch in Trial mode to 9800000025: Twilio Trial accounts cannot send this custom message. Use Twilio Trial Test mode or upgrade/configure the Twilio account for production SMS.
2026-09-15T08:43:29.161Z  INFO 8456 --- [kisansarthi-backend] [ool-4-thread-12] c.kisansarthi.slot.SlotEventPublisher    : Broadcasted real-time event [BOOKING_CREATED] for mandi [mandi-sehore-test] post-commit
2026-09-15T08:43:29.162Z  INFO 8456 --- [kisansarthi-backend] [ool-4-thread-12] c.kisansarthi.slot.SlotEventPublisher    : Broadcasted real-time event [SLOT_CAPACITY_CHANGED] for mandi [mandi-sehore-test] post-commit
2026-09-15T08:43:29.170Z  INFO 8456 --- [kisansarthi-backend] [ool-4-thread-13] c.k.booking.BookingTransactionExecutor   : Official Token MP-SEH-021 successfully generated and committed for farmer 9800000032 at mandi mandi-sehore-test in slot 10:00 AM - 12:00 PM
2026-09-15T08:43:29.172Z  INFO 8456 --- [kisansarthi-backend] [ool-4-thread-13] c.kisansarthi.slot.SlotEventPublisher    : Broadcasted real-time event [BOOKING_CREATED] for mandi [mandi-sehore-test] post-commit
2026-09-15T08:43:29.172Z  WARN 8456 --- [kisansarthi-backend] [      Thread-49] com.kisansarthi.sms.SmsService           : [SMS SERVICE] Blocked custom message dispatch in Trial mode to 9800000032: Twilio Trial accounts cannot send this custom message. Use Twilio Trial Test mode or upgrade/configure the Twilio account for production SMS.
2026-09-15T08:43:29.173Z  INFO 8456 --- [kisansarthi-backend] [ool-4-thread-13] c.kisansarthi.slot.SlotEventPublisher    : Broadcasted real-time event [SLOT_CAPACITY_CHANGED] for mandi [mandi-sehore-test] post-commit
2026-09-15T08:43:29.182Z  INFO 8456 --- [kisansarthi-backend] [ool-4-thread-14] c.k.booking.BookingTransactionExecutor   : Official Token MP-SEH-022 successfully generated and committed for farmer 9800000029 at mandi mandi-sehore-test in slot 10:00 AM - 12:00 PM
2026-09-15T08:43:29.184Z  INFO 8456 --- [kisansarthi-backend] [ool-4-thread-14] c.kisansarthi.slot.SlotEventPublisher    : Broadcasted real-time event [BOOKING_CREATED] for mandi [mandi-sehore-test] post-commit
2026-09-15T08:43:29.186Z  WARN 8456 --- [kisansarthi-backend] [      Thread-50] com.kisansarthi.sms.SmsService           : [SMS SERVICE] Blocked custom message dispatch in Trial mode to 9800000029: Twilio Trial accounts cannot send this custom message. Use Twilio Trial Test mode or upgrade/configure the Twilio account for production SMS.
2026-09-15T08:43:29.187Z  INFO 8456 --- [kisansarthi-backend] [ool-4-thread-14] c.kisansarthi.slot.SlotEventPublisher    : Broadcasted real-time event [SLOT_CAPACITY_CHANGED] for mandi [mandi-sehore-test] post-commit
2026-09-15T08:43:29.258Z  INFO 8456 --- [kisansarthi-backend] [pool-4-thread-1] c.k.booking.BookingTransactionExecutor   : Official Token MP-SEH-023 successfully generated and committed for farmer 9800000028 at mandi mandi-sehore-test in slot 10:00 AM - 12:00 PM
2026-09-15T08:43:29.261Z  INFO 8456 --- [kisansarthi-backend] [pool-4-thread-1] c.kisansarthi.slot.SlotEventPublisher    : Broadcasted real-time event [BOOKING_CREATED] for mandi [mandi-sehore-test] post-commit
2026-09-15T08:43:29.262Z  INFO 8456 --- [kisansarthi-backend] [pool-4-thread-1] c.kisansarthi.slot.SlotEventPublisher    : Broadcasted real-time event [SLOT_CAPACITY_CHANGED] for mandi [mandi-sehore-test] post-commit
2026-09-15T08:43:29.264Z  WARN 8456 --- [kisansarthi-backend] [      Thread-51] com.kisansarthi.sms.SmsService           : [SMS SERVICE] Blocked custom message dispatch in Trial mode to 9800000028: Twilio Trial accounts cannot send this custom message. Use Twilio Trial Test mode or upgrade/configure the Twilio account for production SMS.
2026-09-15T08:43:29.273Z  INFO 8456 --- [kisansarthi-backend] [pool-4-thread-9] c.k.booking.BookingTransactionExecutor   : Official Token MP-SEH-024 successfully generated and committed for farmer 9800000030 at mandi mandi-sehore-test in slot 10:00 AM - 12:00 PM
2026-09-15T08:43:29.275Z  WARN 8456 --- [kisansarthi-backend] [      Thread-52] com.kisansarthi.sms.SmsService           : [SMS SERVICE] Blocked custom message dispatch in Trial mode to 9800000030: Twilio Trial accounts cannot send this custom message. Use Twilio Trial Test mode or upgrade/configure the Twilio account for production SMS.
2026-09-15T08:43:29.275Z  INFO 8456 --- [kisansarthi-backend] [pool-4-thread-9] c.kisansarthi.slot.SlotEventPublisher    : Broadcasted real-time event [BOOKING_CREATED] for mandi [mandi-sehore-test] post-commit
2026-09-15T08:43:29.275Z  INFO 8456 --- [kisansarthi-backend] [pool-4-thread-9] c.kisansarthi.slot.SlotEventPublisher    : Broadcasted real-time event [SLOT_CAPACITY_CHANGED] for mandi [mandi-sehore-test] post-commit
2026-09-15T08:43:29.283Z  INFO 8456 --- [kisansarthi-backend] [pool-4-thread-2] c.k.booking.BookingTransactionExecutor   : Official Token MP-SEH-025 successfully generated and committed for farmer 9800000033 at mandi mandi-sehore-test in slot 10:00 AM - 12:00 PM
2026-09-15T08:43:29.285Z  WARN 8456 --- [kisansarthi-backend] [      Thread-53] com.kisansarthi.sms.SmsService           : [SMS SERVICE] Blocked custom message dispatch in Trial mode to 9800000033: Twilio Trial accounts cannot send this custom message. Use Twilio Trial Test mode or upgrade/configure the Twilio account for production SMS.
2026-09-15T08:43:29.286Z  INFO 8456 --- [kisansarthi-backend] [pool-4-thread-2] c.kisansarthi.slot.SlotEventPublisher    : Broadcasted real-time event [BOOKING_CREATED] for mandi [mandi-sehore-test] post-commit
2026-09-15T08:43:29.286Z  INFO 8456 --- [kisansarthi-backend] [pool-4-thread-2] c.kisansarthi.slot.SlotEventPublisher    : Broadcasted real-time event [SLOT_CAPACITY_CHANGED] for mandi [mandi-sehore-test] post-commit
2026-09-15T08:43:29.351Z  INFO 8456 --- [kisansarthi-backend] [pool-4-thread-7] c.k.booking.BookingTransactionExecutor   : Official Token MP-SEH-026 successfully generated and committed for farmer 9800000034 at mandi mandi-sehore-test in slot 10:00 AM - 12:00 PM
2026-09-15T08:43:29.353Z  WARN 8456 --- [kisansarthi-backend] [      Thread-54] com.kisansarthi.sms.SmsService           : [SMS SERVICE] Blocked custom message dispatch in Trial mode to 9800000034: Twilio Trial accounts cannot send this custom message. Use Twilio Trial Test mode or upgrade/configure the Twilio account for production SMS.
2026-09-15T08:43:29.354Z  INFO 8456 --- [kisansarthi-backend] [pool-4-thread-7] c.kisansarthi.slot.SlotEventPublisher    : Broadcasted real-time event [BOOKING_CREATED] for mandi [mandi-sehore-test] post-commit
2026-09-15T08:43:29.354Z  INFO 8456 --- [kisansarthi-backend] [pool-4-thread-7] c.kisansarthi.slot.SlotEventPublisher    : Broadcasted real-time event [SLOT_CAPACITY_CHANGED] for mandi [mandi-sehore-test] post-commit
2026-09-15T08:43:29.366Z  INFO 8456 --- [kisansarthi-backend] [pool-4-thread-8] c.k.booking.BookingTransactionExecutor   : Official Token MP-SEH-027 successfully generated and committed for farmer 9800000031 at mandi mandi-sehore-test in slot 10:00 AM - 12:00 PM
2026-09-15T08:43:29.369Z  WARN 8456 --- [kisansarthi-backend] [      Thread-55] com.kisansarthi.sms.SmsService           : [SMS SERVICE] Blocked custom message dispatch in Trial mode to 9800000031: Twilio Trial accounts cannot send this custom message. Use Twilio Trial Test mode or upgrade/configure the Twilio account for production SMS.
2026-09-15T08:43:29.370Z  INFO 8456 --- [kisansarthi-backend] [pool-4-thread-8] c.kisansarthi.slot.SlotEventPublisher    : Broadcasted real-time event [BOOKING_CREATED] for mandi [mandi-sehore-test] post-commit
2026-09-15T08:43:29.370Z  INFO 8456 --- [kisansarthi-backend] [pool-4-thread-8] c.kisansarthi.slot.SlotEventPublisher    : Broadcasted real-time event [SLOT_CAPACITY_CHANGED] for mandi [mandi-sehore-test] post-commit
2026-09-15T08:43:29.380Z  INFO 8456 --- [kisansarthi-backend] [ool-4-thread-13] c.k.booking.BookingTransactionExecutor   : Official Token MP-SEH-028 successfully generated and committed for farmer 9800000036 at mandi mandi-sehore-test in slot 10:00 AM - 12:00 PM
2026-09-15T08:43:29.381Z  WARN 8456 --- [kisansarthi-backend] [      Thread-56] com.kisansarthi.sms.SmsService           : [SMS SERVICE] Blocked custom message dispatch in Trial mode to 9800000036: Twilio Trial accounts cannot send this custom message. Use Twilio Trial Test mode or upgrade/configure the Twilio account for production SMS.
2026-09-15T08:43:29.382Z  INFO 8456 --- [kisansarthi-backend] [ool-4-thread-13] c.kisansarthi.slot.SlotEventPublisher    : Broadcasted real-time event [BOOKING_CREATED] for mandi [mandi-sehore-test] post-commit
2026-09-15T08:43:29.382Z  INFO 8456 --- [kisansarthi-backend] [ool-4-thread-13] c.kisansarthi.slot.SlotEventPublisher    : Broadcasted real-time event [SLOT_CAPACITY_CHANGED] for mandi [mandi-sehore-test] post-commit
2026-09-15T08:43:29.391Z  INFO 8456 --- [kisansarthi-backend] [ool-4-thread-12] c.k.booking.BookingTransactionExecutor   : Official Token MP-SEH-029 successfully generated and committed for farmer 9800000035 at mandi mandi-sehore-test in slot 10:00 AM - 12:00 PM
2026-09-15T08:43:29.392Z  WARN 8456 --- [kisansarthi-backend] [      Thread-57] com.kisansarthi.sms.SmsService           : [SMS SERVICE] Blocked custom message dispatch in Trial mode to 9800000035: Twilio Trial accounts cannot send this custom message. Use Twilio Trial Test mode or upgrade/configure the Twilio account for production SMS.
2026-09-15T08:43:29.393Z  INFO 8456 --- [kisansarthi-backend] [ool-4-thread-12] c.kisansarthi.slot.SlotEventPublisher    : Broadcasted real-time event [BOOKING_CREATED] for mandi [mandi-sehore-test] post-commit
2026-09-15T08:43:29.393Z  INFO 8456 --- [kisansarthi-backend] [ool-4-thread-12] c.kisansarthi.slot.SlotEventPublisher    : Broadcasted real-time event [SLOT_CAPACITY_CHANGED] for mandi [mandi-sehore-test] post-commit
2026-09-15T08:43:29.460Z  INFO 8456 --- [kisansarthi-backend] [pool-4-thread-1] c.k.booking.BookingTransactionExecutor   : Official Token MP-SEH-030 successfully generated and committed for farmer 9800000038 at mandi mandi-sehore-test in slot 10:00 AM - 12:00 PM
2026-09-15T08:43:29.462Z  WARN 8456 --- [kisansarthi-backend] [      Thread-58] com.kisansarthi.sms.SmsService           : [SMS SERVICE] Blocked custom message dispatch in Trial mode to 9800000038: Twilio Trial accounts cannot send this custom message. Use Twilio Trial Test mode or upgrade/configure the Twilio account for production SMS.
2026-09-15T08:43:29.462Z  INFO 8456 --- [kisansarthi-backend] [pool-4-thread-1] c.kisansarthi.slot.SlotEventPublisher    : Broadcasted real-time event [BOOKING_CREATED] for mandi [mandi-sehore-test] post-commit
2026-09-15T08:43:29.463Z  INFO 8456 --- [kisansarthi-backend] [pool-4-thread-1] c.kisansarthi.slot.SlotEventPublisher    : Broadcasted real-time event [SLOT_CAPACITY_CHANGED] for mandi [mandi-sehore-test] post-commit
]]></system-out>
  </testcase>
  <testcase name="testSimultaneousQueueAdvancement" classname="com.kisansarthi.booking.BookingConcurrencyTest" time="0.83">
    <system-out><![CDATA[2026-09-15T08:43:30.082Z  INFO 8456 --- [kisansarthi-backend] [           main] c.k.booking.BookingTransactionExecutor   : Official Token MP-SEH-001 successfully generated and committed for farmer 9800000001 at mandi mandi-sehore-test in slot 08:00 AM - 10:00 AM
2026-09-15T08:43:30.084Z  WARN 8456 --- [kisansarthi-backend] [      Thread-59] com.kisansarthi.sms.SmsService           : [SMS SERVICE] Blocked custom message dispatch in Trial mode to 9800000001: Twilio Trial accounts cannot send this custom message. Use Twilio Trial Test mode or upgrade/configure the Twilio account for production SMS.
2026-09-15T08:43:30.084Z  INFO 8456 --- [kisansarthi-backend] [           main] c.kisansarthi.slot.SlotEventPublisher    : Broadcasted real-time event [BOOKING_CREATED] for mandi [mandi-sehore-test] post-commit
2026-09-15T08:43:30.084Z  INFO 8456 --- [kisansarthi-backend] [           main] c.kisansarthi.slot.SlotEventPublisher    : Broadcasted real-time event [SLOT_CAPACITY_CHANGED] for mandi [mandi-sehore-test] post-commit
2026-09-15T08:43:30.102Z  INFO 8456 --- [kisansarthi-backend] [           main] c.k.booking.BookingTransactionExecutor   : Official Token MP-SEH-002 successfully generated and committed for farmer 9800000002 at mandi mandi-sehore-test in slot 08:00 AM - 10:00 AM
2026-09-15T08:43:30.104Z  WARN 8456 --- [kisansarthi-backend] [      Thread-60] com.kisansarthi.sms.SmsService           : [SMS SERVICE] Blocked custom message dispatch in Trial mode to 9800000002: Twilio Trial accounts cannot send this custom message. Use Twilio Trial Test mode or upgrade/configure the Twilio account for production SMS.
2026-09-15T08:43:30.104Z  INFO 8456 --- [kisansarthi-backend] [           main] c.kisansarthi.slot.SlotEventPublisher    : Broadcasted real-time event [BOOKING_CREATED] for mandi [mandi-sehore-test] post-commit
2026-09-15T08:43:30.105Z  INFO 8456 --- [kisansarthi-backend] [           main] c.kisansarthi.slot.SlotEventPublisher    : Broadcasted real-time event [SLOT_CAPACITY_CHANGED] for mandi [mandi-sehore-test] post-commit
2026-09-15T08:43:30.159Z  INFO 8456 --- [kisansarthi-backend] [           main] c.k.booking.BookingTransactionExecutor   : Official Token MP-SEH-003 successfully generated and committed for farmer 9800000003 at mandi mandi-sehore-test in slot 08:00 AM - 10:00 AM
2026-09-15T08:43:30.161Z  WARN 8456 --- [kisansarthi-backend] [      Thread-61] com.kisansarthi.sms.SmsService           : [SMS SERVICE] Blocked custom message dispatch in Trial mode to 9800000003: Twilio Trial accounts cannot send this custom message. Use Twilio Trial Test mode or upgrade/configure the Twilio account for production SMS.
2026-09-15T08:43:30.161Z  INFO 8456 --- [kisansarthi-backend] [           main] c.kisansarthi.slot.SlotEventPublisher    : Broadcasted real-time event [BOOKING_CREATED] for mandi [mandi-sehore-test] post-commit
2026-09-15T08:43:30.162Z  INFO 8456 --- [kisansarthi-backend] [           main] c.kisansarthi.slot.SlotEventPublisher    : Broadcasted real-time event [SLOT_CAPACITY_CHANGED] for mandi [mandi-sehore-test] post-commit
2026-09-15T08:43:30.178Z  INFO 8456 --- [kisansarthi-backend] [           main] c.k.booking.BookingTransactionExecutor   : Official Token MP-SEH-004 successfully generated and committed for farmer 9800000004 at mandi mandi-sehore-test in slot 08:00 AM - 10:00 AM
2026-09-15T08:43:30.180Z  WARN 8456 --- [kisansarthi-backend] [      Thread-62] com.kisansarthi.sms.SmsService           : [SMS SERVICE] Blocked custom message dispatch in Trial mode to 9800000004: Twilio Trial accounts cannot send this custom message. Use Twilio Trial Test mode or upgrade/configure the Twilio account for production SMS.
2026-09-15T08:43:30.181Z  INFO 8456 --- [kisansarthi-backend] [           main] c.kisansarthi.slot.SlotEventPublisher    : Broadcasted real-time event [BOOKING_CREATED] for mandi [mandi-sehore-test] post-commit
2026-09-15T08:43:30.182Z  INFO 8456 --- [kisansarthi-backend] [           main] c.kisansarthi.slot.SlotEventPublisher    : Broadcasted real-time event [SLOT_CAPACITY_CHANGED] for mandi [mandi-sehore-test] post-commit
2026-09-15T08:43:30.200Z  INFO 8456 --- [kisansarthi-backend] [           main] c.k.booking.BookingTransactionExecutor   : Official Token MP-SEH-005 successfully generated and committed for farmer 9800000005 at mandi mandi-sehore-test in slot 08:00 AM - 10:00 AM
2026-09-15T08:43:30.201Z  WARN 8456 --- [kisansarthi-backend] [      Thread-63] com.kisansarthi.sms.SmsService           : [SMS SERVICE] Blocked custom message dispatch in Trial mode to 9800000005: Twilio Trial accounts cannot send this custom message. Use Twilio Trial Test mode or upgrade/configure the Twilio account for production SMS.
2026-09-15T08:43:30.201Z  INFO 8456 --- [kisansarthi-backend] [           main] c.kisansarthi.slot.SlotEventPublisher    : Broadcasted real-time event [BOOKING_CREATED] for mandi [mandi-sehore-test] post-commit
2026-09-15T08:43:30.202Z  INFO 8456 --- [kisansarthi-backend] [           main] c.kisansarthi.slot.SlotEventPublisher    : Broadcasted real-time event [SLOT_CAPACITY_CHANGED] for mandi [mandi-sehore-test] post-commit
2026-09-15T08:43:30.257Z  INFO 8456 --- [kisansarthi-backend] [           main] c.k.booking.BookingTransactionExecutor   : Official Token MP-SEH-006 successfully generated and committed for farmer 9800000006 at mandi mandi-sehore-test in slot 08:00 AM - 10:00 AM
2026-09-15T08:43:30.258Z  WARN 8456 --- [kisansarthi-backend] [      Thread-64] com.kisansarthi.sms.SmsService           : [SMS SERVICE] Blocked custom message dispatch in Trial mode to 9800000006: Twilio Trial accounts cannot send this custom message. Use Twilio Trial Test mode or upgrade/configure the Twilio account for production SMS.
2026-09-15T08:43:30.259Z  INFO 8456 --- [kisansarthi-backend] [           main] c.kisansarthi.slot.SlotEventPublisher    : Broadcasted real-time event [BOOKING_CREATED] for mandi [mandi-sehore-test] post-commit
2026-09-15T08:43:30.259Z  INFO 8456 --- [kisansarthi-backend] [           main] c.kisansarthi.slot.SlotEventPublisher    : Broadcasted real-time event [SLOT_CAPACITY_CHANGED] for mandi [mandi-sehore-test] post-commit
2026-09-15T08:43:30.275Z  INFO 8456 --- [kisansarthi-backend] [           main] c.k.booking.BookingTransactionExecutor   : Official Token MP-SEH-007 successfully generated and committed for farmer 9800000007 at mandi mandi-sehore-test in slot 08:00 AM - 10:00 AM
2026-09-15T08:43:30.276Z  WARN 8456 --- [kisansarthi-backend] [      Thread-65] com.kisansarthi.sms.SmsService           : [SMS SERVICE] Blocked custom message dispatch in Trial mode to 9800000007: Twilio Trial accounts cannot send this custom message. Use Twilio Trial Test mode or upgrade/configure the Twilio account for production SMS.
2026-09-15T08:43:30.276Z  INFO 8456 --- [kisansarthi-backend] [           main] c.kisansarthi.slot.SlotEventPublisher    : Broadcasted real-time event [BOOKING_CREATED] for mandi [mandi-sehore-test] post-commit
2026-09-15T08:43:30.277Z  INFO 8456 --- [kisansarthi-backend] [           main] c.kisansarthi.slot.SlotEventPublisher    : Broadcasted real-time event [SLOT_CAPACITY_CHANGED] for mandi [mandi-sehore-test] post-commit
2026-09-15T08:43:30.293Z  INFO 8456 --- [kisansarthi-backend] [           main] c.k.booking.BookingTransactionExecutor   : Official Token MP-SEH-008 successfully generated and committed for farmer 9800000008 at mandi mandi-sehore-test in slot 08:00 AM - 10:00 AM
2026-09-15T08:43:30.295Z  WARN 8456 --- [kisansarthi-backend] [      Thread-66] com.kisansarthi.sms.SmsService           : [SMS SERVICE] Blocked custom message dispatch in Trial mode to 9800000008: Twilio Trial accounts cannot send this custom message. Use Twilio Trial Test mode or upgrade/configure the Twilio account for production SMS.
2026-09-15T08:43:30.295Z  INFO 8456 --- [kisansarthi-backend] [           main] c.kisansarthi.slot.SlotEventPublisher    : Broadcasted real-time event [BOOKING_CREATED] for mandi [mandi-sehore-test] post-commit
2026-09-15T08:43:30.296Z  INFO 8456 --- [kisansarthi-backend] [           main] c.kisansarthi.slot.SlotEventPublisher    : Broadcasted real-time event [SLOT_CAPACITY_CHANGED] for mandi [mandi-sehore-test] post-commit
2026-09-15T08:43:30.312Z  INFO 8456 --- [kisansarthi-backend] [           main] c.k.booking.BookingTransactionExecutor   : Official Token MP-SEH-009 successfully generated and committed for farmer 9800000009 at mandi mandi-sehore-test in slot 08:00 AM - 10:00 AM
2026-09-15T08:43:30.324Z  INFO 8456 --- [kisansarthi-backend] [           main] c.kisansarthi.slot.SlotEventPublisher    : Broadcasted real-time event [BOOKING_CREATED] for mandi [mandi-sehore-test] post-commit
2026-09-15T08:43:30.325Z  INFO 8456 --- [kisansarthi-backend] [           main] c.kisansarthi.slot.SlotEventPublisher    : Broadcasted real-time event [SLOT_CAPACITY_CHANGED] for mandi [mandi-sehore-test] post-commit
2026-09-15T08:43:30.339Z  WARN 8456 --- [kisansarthi-backend] [      Thread-67] com.kisansarthi.sms.SmsService           : [SMS SERVICE] Blocked custom message dispatch in Trial mode to 9800000009: Twilio Trial accounts cannot send this custom message. Use Twilio Trial Test mode or upgrade/configure the Twilio account for production SMS.
2026-09-15T08:43:30.368Z  INFO 8456 --- [kisansarthi-backend] [           main] c.k.booking.BookingTransactionExecutor   : Official Token MP-SEH-010 successfully generated and committed for farmer 9800000010 at mandi mandi-sehore-test in slot 08:00 AM - 10:00 AM
2026-09-15T08:43:30.369Z  WARN 8456 --- [kisansarthi-backend] [      Thread-68] com.kisansarthi.sms.SmsService           : [SMS SERVICE] Blocked custom message dispatch in Trial mode to 9800000010: Twilio Trial accounts cannot send this custom message. Use Twilio Trial Test mode or upgrade/configure the Twilio account for production SMS.
2026-09-15T08:43:30.370Z  INFO 8456 --- [kisansarthi-backend] [           main] c.kisansarthi.slot.SlotEventPublisher    : Broadcasted real-time event [BOOKING_CREATED] for mandi [mandi-sehore-test] post-commit
2026-09-15T08:43:30.370Z  INFO 8456 --- [kisansarthi-backend] [           main] c.kisansarthi.slot.SlotEventPublisher    : Broadcasted real-time event [SLOT_CAPACITY_CHANGED] for mandi [mandi-sehore-test] post-commit
2026-09-15T08:43:30.405Z  WARN 8456 --- [kisansarthi-backend] [      Thread-69] com.kisansarthi.sms.SmsService           : [SMS SERVICE] Blocked custom message dispatch in Trial mode to 9800000001: Twilio Trial accounts cannot send this custom message. Use Twilio Trial Test mode or upgrade/configure the Twilio account for production SMS.
2026-09-15T08:43:30.468Z  WARN 8456 --- [kisansarthi-backend] [      Thread-70] com.kisansarthi.sms.SmsService           : [SMS SERVICE] Blocked custom message dispatch in Trial mode to 9800000002: Twilio Trial accounts cannot send this custom message. Use Twilio Trial Test mode or upgrade/configure the Twilio account for production SMS.
2026-09-15T08:43:30.480Z  WARN 8456 --- [kisansarthi-backend] [      Thread-71] com.kisansarthi.sms.SmsService           : [SMS SERVICE] Blocked custom message dispatch in Trial mode to 9800000003: Twilio Trial accounts cannot send this custom message. Use Twilio Trial Test mode or upgrade/configure the Twilio account for production SMS.
2026-09-15T08:43:30.490Z  WARN 8456 --- [kisansarthi-backend] [      Thread-72] com.kisansarthi.sms.SmsService           : [SMS SERVICE] Blocked custom message dispatch in Trial mode to 9800000004: Twilio Trial accounts cannot send this custom message. Use Twilio Trial Test mode or upgrade/configure the Twilio account for production SMS.
2026-09-15T08:43:30.501Z  WARN 8456 --- [kisansarthi-backend] [      Thread-73] com.kisansarthi.sms.SmsService           : [SMS SERVICE] Blocked custom message dispatch in Trial mode to 9800000005: Twilio Trial accounts cannot send this custom message. Use Twilio Trial Test mode or upgrade/configure the Twilio account for production SMS.
]]></system-out>
  </testcase>
  <testcase name="testFailedTransactionDoesNotCorruptSequence" classname="com.kisansarthi.booking.BookingConcurrencyTest" time="0.4">
    <system-out><![CDATA[2026-09-15T08:43:30.876Z  INFO 8456 --- [kisansarthi-backend] [           main] c.k.booking.BookingTransactionExecutor   : Official Token MP-SEH-001 successfully generated and committed for farmer 9800000001 at mandi mandi-sehore-test in slot 08:00 AM - 10:00 AM
2026-09-15T08:43:30.878Z  WARN 8456 --- [kisansarthi-backend] [      Thread-74] com.kisansarthi.sms.SmsService           : [SMS SERVICE] Blocked custom message dispatch in Trial mode to 9800000001: Twilio Trial accounts cannot send this custom message. Use Twilio Trial Test mode or upgrade/configure the Twilio account for production SMS.
2026-09-15T08:43:30.878Z  INFO 8456 --- [kisansarthi-backend] [           main] c.kisansarthi.slot.SlotEventPublisher    : Broadcasted real-time event [BOOKING_CREATED] for mandi [mandi-sehore-test] post-commit
2026-09-15T08:43:30.878Z  INFO 8456 --- [kisansarthi-backend] [           main] c.kisansarthi.slot.SlotEventPublisher    : Broadcasted real-time event [SLOT_CAPACITY_CHANGED] for mandi [mandi-sehore-test] post-commit
2026-09-15T08:43:30.905Z  INFO 8456 --- [kisansarthi-backend] [           main] c.k.booking.BookingTransactionExecutor   : Official Token MP-SEH-002 successfully generated and committed for farmer 9800000003 at mandi mandi-sehore-test in slot 08:00 AM - 10:00 AM
2026-09-15T08:43:30.906Z  WARN 8456 --- [kisansarthi-backend] [      Thread-75] com.kisansarthi.sms.SmsService           : [SMS SERVICE] Blocked custom message dispatch in Trial mode to 9800000003: Twilio Trial accounts cannot send this custom message. Use Twilio Trial Test mode or upgrade/configure the Twilio account for production SMS.
2026-09-15T08:43:30.907Z  INFO 8456 --- [kisansarthi-backend] [           main] c.kisansarthi.slot.SlotEventPublisher    : Broadcasted real-time event [BOOKING_CREATED] for mandi [mandi-sehore-test] post-commit
2026-09-15T08:43:30.907Z  INFO 8456 --- [kisansarthi-backend] [           main] c.kisansarthi.slot.SlotEventPublisher    : Broadcasted real-time event [SLOT_CAPACITY_CHANGED] for mandi [mandi-sehore-test] post-commit
]]></system-out>
  </testcase>
  <testcase name="testSlotCapacityReleaseOnCancellation" classname="com.kisansarthi.booking.BookingConcurrencyTest" time="0.342">
    <system-out><![CDATA[2026-09-15T08:43:31.214Z  INFO 8456 --- [kisansarthi-backend] [           main] c.k.booking.BookingTransactionExecutor   : Official Token MP-SEH-001 successfully generated and committed for farmer 9800000001 at mandi mandi-sehore-test in slot 08:00 AM - 10:00 AM
2026-09-15T08:43:31.224Z  WARN 8456 --- [kisansarthi-backend] [      Thread-76] com.kisansarthi.sms.SmsService           : [SMS SERVICE] Blocked custom message dispatch in Trial mode to 9800000001: Twilio Trial accounts cannot send this custom message. Use Twilio Trial Test mode or upgrade/configure the Twilio account for production SMS.
2026-09-15T08:43:31.224Z  INFO 8456 --- [kisansarthi-backend] [           main] c.kisansarthi.slot.SlotEventPublisher    : Broadcasted real-time event [BOOKING_CREATED] for mandi [mandi-sehore-test] post-commit
2026-09-15T08:43:31.224Z  INFO 8456 --- [kisansarthi-backend] [           main] c.kisansarthi.slot.SlotEventPublisher    : Broadcasted real-time event [SLOT_CAPACITY_CHANGED] for mandi [mandi-sehore-test] post-commit
2026-09-15T08:43:31.274Z  INFO 8456 --- [kisansarthi-backend] [           main] c.kisansarthi.slot.SlotEventPublisher    : Broadcasted real-time event [SLOT_CAPACITY_CHANGED] for mandi [mandi-sehore-test] post-commit
[...]
2026-09-15T08:43:34.967Z  INFO 8456 --- [kisansarthi-backend] [ool-8-thread-11] c.k.booking.BookingTransactionExecutor   : Official Token MP-SEH-084 successfully generated and committed for farmer 9800000088 at mandi mandi-sehore-test in slot 08:00 AM - 10:00 AM
2026-09-15T08:43:34.968Z  INFO 8456 --- [kisansarthi-backend] [ool-8-thread-11] c.kisansarthi.slot.SlotEventPublisher    : Broadcasted real-time event [BOOKING_CREATED] for mandi [mandi-sehore-test] post-commit
2026-09-15T08:43:34.968Z  INFO 8456 --- [kisansarthi-backend] [ool-8-thread-11] c.kisansarthi.slot.SlotEventPublisher    : Broadcasted real-time event [SLOT_CAPACITY_CHANGED] for mandi [mandi-sehore-test] post-commit
2026-09-15T08:43:34.968Z  WARN 8456 --- [kisansarthi-backend] [     Thread-183] com.kisansarthi.sms.SmsService           : [SMS SERVICE] Blocked custom message dispatch in Trial mode to 9800000088: Twilio Trial accounts cannot send this custom message. Use Twilio Trial Test mode or upgrade/configure the Twilio account for production SMS.
2026-09-15T08:43:34.974Z  INFO 8456 --- [kisansarthi-backend] [ool-8-thread-19] c.k.booking.BookingTransactionExecutor   : Official Token MP-SEH-085 successfully generated and committed for farmer 9800000095 at mandi mandi-sehore-test in slot 08:00 AM - 10:00 AM
2026-09-15T08:43:34.975Z  WARN 8456 --- [kisansarthi-backend] [     Thread-184] com.kisansarthi.sms.SmsService           : [SMS SERVICE] Blocked custom message dispatch in Trial mode to 9800000095: Twilio Trial accounts cannot send this custom message. Use Twilio Trial Test mode or upgrade/configure the Twilio account for production SMS.
2026-09-15T08:43:34.975Z  INFO 8456 --- [kisansarthi-backend] [ool-8-thread-19] c.kisansarthi.slot.SlotEventPublisher    : Broadcasted real-time event [BOOKING_CREATED] for mandi [mandi-sehore-test] post-commit
2026-09-15T08:43:34.975Z  INFO 8456 --- [kisansarthi-backend] [ool-8-thread-19] c.kisansarthi.slot.SlotEventPublisher    : Broadcasted real-time event [SLOT_CAPACITY_CHANGED] for mandi [mandi-sehore-test] post-commit
2026-09-15T08:43:34.981Z  INFO 8456 --- [kisansarthi-backend] [pool-8-thread-2] c.k.booking.BookingTransactionExecutor   : Official Token MP-SEH-086 successfully generated and committed for farmer 9800000091 at mandi mandi-sehore-test in slot 08:00 AM - 10:00 AM
2026-09-15T08:43:34.982Z  INFO 8456 --- [kisansarthi-backend] [pool-8-thread-2] c.kisansarthi.slot.SlotEventPublisher    : Broadcasted real-time event [BOOKING_CREATED] for mandi [mandi-sehore-test] post-commit
2026-09-15T08:43:34.982Z  INFO 8456 --- [kisansarthi-backend] [pool-8-thread-2] c.kisansarthi.slot.SlotEventPublisher    : Broadcasted real-time event [SLOT_CAPACITY_CHANGED] for mandi [mandi-sehore-test] post-commit
2026-09-15T08:43:34.982Z  WARN 8456 --- [kisansarthi-backend] [     Thread-185] com.kisansarthi.sms.SmsService           : [SMS SERVICE] Blocked custom message dispatch in Trial mode to 9800000091: Twilio Trial accounts cannot send this custom message. Use Twilio Trial Test mode or upgrade/configure the Twilio account for production SMS.
2026-09-15T08:43:34.987Z  INFO 8456 --- [kisansarthi-backend] [pool-8-thread-1] c.k.booking.BookingTransactionExecutor   : Official Token MP-SEH-087 successfully generated and committed for farmer 9800000094 at mandi mandi-sehore-test in slot 08:00 AM - 10:00 AM
2026-09-15T08:43:34.989Z  INFO 8456 --- [kisansarthi-backend] [pool-8-thread-1] c.kisansarthi.slot.SlotEventPublisher    : Broadcasted real-time event [BOOKING_CREATED] for mandi [mandi-sehore-test] post-commit
2026-09-15T08:43:34.989Z  WARN 8456 --- [kisansarthi-backend] [     Thread-186] com.kisansarthi.sms.SmsService           : [SMS SERVICE] Blocked custom message dispatch in Trial mode to 9800000094: Twilio Trial accounts cannot send this custom message. Use Twilio Trial Test mode or upgrade/configure the Twilio account for production SMS.
2026-09-15T08:43:34.989Z  INFO 8456 --- [kisansarthi-backend] [pool-8-thread-1] c.kisansarthi.slot.SlotEventPublisher    : Broadcasted real-time event [SLOT_CAPACITY_CHANGED] for mandi [mandi-sehore-test] post-commit
2026-09-15T08:43:34.999Z  INFO 8456 --- [kisansarthi-backend] [ool-8-thread-14] c.k.booking.BookingTransactionExecutor   : Official Token MP-SEH-088 successfully generated and committed for farmer 9800000090 at mandi mandi-sehore-test in slot 08:00 AM - 10:00 AM
2026-09-15T08:43:35.000Z  INFO 8456 --- [kisansarthi-backend] [ool-8-thread-14] c.kisansarthi.slot.SlotEventPublisher    : Broadcasted real-time event [BOOKING_CREATED] for mandi [mandi-sehore-test] post-commit
2026-09-15T08:43:35.000Z  INFO 8456 --- [kisansarthi-backend] [ool-8-thread-14] c.kisansarthi.slot.SlotEventPublisher    : Broadcasted real-time event [SLOT_CAPACITY_CHANGED] for mandi [mandi-sehore-test] post-commit
2026-09-15T08:43:35.001Z  WARN 8456 --- [kisansarthi-backend] [     Thread-187] com.kisansarthi.sms.SmsService           : [SMS SERVICE] Blocked custom message dispatch in Trial mode to 9800000090: Twilio Trial accounts cannot send this custom message. Use Twilio Trial Test mode or upgrade/configure the Twilio account for production SMS.
2026-09-15T08:43:35.007Z  INFO 8456 --- [kisansarthi-backend] [ool-8-thread-15] c.k.booking.BookingTransactionExecutor   : Official Token MP-SEH-089 successfully generated and committed for farmer 9800000098 at mandi mandi-sehore-test in slot 08:00 AM - 10:00 AM
2026-09-15T08:43:35.008Z  INFO 8456 --- [kisansarthi-backend] [ool-8-thread-15] c.kisansarthi.slot.SlotEventPublisher    : Broadcasted real-time event [BOOKING_CREATED] for mandi [mandi-sehore-test] post-commit
2026-09-15T08:43:35.008Z  INFO 8456 --- [kisansarthi-backend] [ool-8-thread-15] c.kisansarthi.slot.SlotEventPublisher    : Broadcasted real-time event [SLOT_CAPACITY_CHANGED] for mandi [mandi-sehore-test] post-commit
2026-09-15T08:43:35.052Z  WARN 8456 --- [kisansarthi-backend] [     Thread-188] com.kisansarthi.sms.SmsService           : [SMS SERVICE] Blocked custom message dispatch in Trial mode to 9800000098: Twilio Trial accounts cannot send this custom message. Use Twilio Trial Test mode or upgrade/configure the Twilio account for production SMS.
2026-09-15T08:43:35.059Z  INFO 8456 --- [kisansarthi-backend] [pool-8-thread-3] c.k.booking.BookingTransactionExecutor   : Official Token MP-SEH-090 successfully generated and committed for farmer 9800000099 at mandi mandi-sehore-test in slot 08:00 AM - 10:00 AM
2026-09-15T08:43:35.060Z  INFO 8456 --- [kisansarthi-backend] [pool-8-thread-3] c.kisansarthi.slot.SlotEventPublisher    : Broadcasted real-time event [BOOKING_CREATED] for mandi [mandi-sehore-test] post-commit
2026-09-15T08:43:35.061Z  INFO 8456 --- [kisansarthi-backend] [pool-8-thread-3] c.kisansarthi.slot.SlotEventPublisher    : Broadcasted real-time event [SLOT_CAPACITY_CHANGED] for mandi [mandi-sehore-test] post-commit
2026-09-15T08:43:35.061Z  WARN 8456 --- [kisansarthi-backend] [     Thread-189] com.kisansarthi.sms.SmsService           : [SMS SERVICE] Blocked custom message dispatch in Trial mode to 9800000099: Twilio Trial accounts cannot send this custom message. Use Twilio Trial Test mode or upgrade/configure the Twilio account for production SMS.
2026-09-15T08:43:35.068Z  INFO 8456 --- [kisansarthi-backend] [ool-8-thread-13] c.k.booking.BookingTransactionExecutor   : Official Token MP-SEH-091 successfully generated and committed for farmer 9800000097 at mandi mandi-sehore-test in slot 08:00 AM - 10:00 AM
2026-09-15T08:43:35.069Z  INFO 8456 --- [kisansarthi-backend] [ool-8-thread-13] c.kisansarthi.slot.SlotEventPublisher    : Broadcasted real-time event [BOOKING_CREATED] for mandi [mandi-sehore-test] post-commit
2026-09-15T08:43:35.069Z  WARN 8456 --- [kisansarthi-backend] [     Thread-190] com.kisansarthi.sms.SmsService           : [SMS SERVICE] Blocked custom message dispatch in Trial mode to 9800000097: Twilio Trial accounts cannot send this custom message. Use Twilio Trial Test mode or upgrade/configure the Twilio account for production SMS.
2026-09-15T08:43:35.069Z  INFO 8456 --- [kisansarthi-backend] [ool-8-thread-13] c.kisansarthi.slot.SlotEventPublisher    : Broadcasted real-time event [SLOT_CAPACITY_CHANGED] for mandi [mandi-sehore-test] post-commit
2026-09-15T08:43:35.075Z  INFO 8456 --- [kisansarthi-backend] [ool-8-thread-16] c.k.booking.BookingTransactionExecutor   : Official Token MP-SEH-092 successfully generated and committed for farmer 9800000096 at mandi mandi-sehore-test in slot 08:00 AM - 10:00 AM
2026-09-15T08:43:35.077Z  INFO 8456 --- [kisansarthi-backend] [ool-8-thread-16] c.kisansarthi.slot.SlotEventPublisher    : Broadcasted real-time event [BOOKING_CREATED] for mandi [mandi-sehore-test] post-commit
2026-09-15T08:43:35.077Z  WARN 8456 --- [kisansarthi-backend] [     Thread-191] com.kisansarthi.sms.SmsService           : [SMS SERVICE] Blocked custom message dispatch in Trial mode to 9800000096: Twilio Trial accounts cannot send this custom message. Use Twilio Trial Test mode or upgrade/configure the Twilio account for production SMS.
2026-09-15T08:43:35.077Z  INFO 8456 --- [kisansarthi-backend] [ool-8-thread-16] c.kisansarthi.slot.SlotEventPublisher    : Broadcasted real-time event [SLOT_CAPACITY_CHANGED] for mandi [mandi-sehore-test] post-commit
2026-09-15T08:43:35.084Z  INFO 8456 --- [kisansarthi-backend] [pool-8-thread-5] c.k.booking.BookingTransactionExecutor   : Official Token MP-SEH-093 successfully generated and committed for farmer 9800000100 at mandi mandi-sehore-test in slot 08:00 AM - 10:00 AM
2026-09-15T08:43:35.085Z  WARN 8456 --- [kisansarthi-backend] [     Thread-192] com.kisansarthi.sms.SmsService           : [SMS SERVICE] Blocked custom message dispatch in Trial mode to 9800000100: Twilio Trial accounts cannot send this custom message. Use Twilio Trial Test mode or upgrade/configure the Twilio account for production SMS.
2026-09-15T08:43:35.085Z  INFO 8456 --- [kisansarthi-backend] [pool-8-thread-5] c.kisansarthi.slot.SlotEventPublisher    : Broadcasted real-time event [BOOKING_CREATED] for mandi [mandi-sehore-test] post-commit
2026-09-15T08:43:35.085Z  INFO 8456 --- [kisansarthi-backend] [pool-8-thread-5] c.kisansarthi.slot.SlotEventPublisher    : Broadcasted real-time event [SLOT_CAPACITY_CHANGED] for mandi [mandi-sehore-test] post-commit
2026-09-15T08:43:35.092Z  INFO 8456 --- [kisansarthi-backend] [pool-8-thread-6] c.k.booking.BookingTransactionExecutor   : Official Token MP-SEH-094 successfully generated and committed for farmer 9800000092 at mandi mandi-sehore-test in slot 08:00 AM - 10:00 AM
2026-09-15T08:43:35.093Z  INFO 8456 --- [kisansarthi-backend] [pool-8-thread-6] c.kisansarthi.slot.SlotEventPublisher    : Broadcasted real-time event [BOOKING_CREATED] for mandi [mandi-sehore-test] post-commit
2026-09-15T08:43:35.093Z  WARN 8456 --- [kisansarthi-backend] [     Thread-193] com.kisansarthi.sms.SmsService           : [SMS SERVICE] Blocked custom message dispatch in Trial mode to 9800000092: Twilio Trial accounts cannot send this custom message. Use Twilio Trial Test mode or upgrade/configure the Twilio account for production SMS.
2026-09-15T08:43:35.094Z  INFO 8456 --- [kisansarthi-backend] [pool-8-thread-6] c.kisansarthi.slot.SlotEventPublisher    : Broadcasted real-time event [SLOT_CAPACITY_CHANGED] for mandi [mandi-sehore-test] post-commit
2026-09-15T08:43:35.099Z  INFO 8456 --- [kisansarthi-backend] [pool-8-thread-9] c.k.booking.BookingTransactionExecutor   : Official Token MP-SEH-095 successfully generated and committed for farmer 9800000009 at mandi mandi-sehore-test in slot 08:00 AM - 10:00 AM
2026-09-15T08:43:35.100Z  INFO 8456 --- [kisansarthi-backend] [pool-8-thread-9] c.kisansarthi.slot.SlotEventPublisher    : Broadcasted real-time event [BOOKING_CREATED] for mandi [mandi-sehore-test] post-commit
2026-09-15T08:43:35.100Z  WARN 8456 --- [kisansarthi-backend] [     Thread-194] com.kisansarthi.sms.SmsService           : [SMS SERVICE] Blocked custom message dispatch in Trial mode to 9800000009: Twilio Trial accounts cannot send this custom message. Use Twilio Trial Test mode or upgrade/configure the Twilio account for production SMS.
2026-09-15T08:43:35.101Z  INFO 8456 --- [kisansarthi-backend] [pool-8-thread-9] c.kisansarthi.slot.SlotEventPublisher    : Broadcasted real-time event [SLOT_CAPACITY_CHANGED] for mandi [mandi-sehore-test] post-commit
2026-09-15T08:43:35.156Z  INFO 8456 --- [kisansarthi-backend] [ool-8-thread-17] c.k.booking.BookingTransactionExecutor   : Official Token MP-SEH-096 successfully generated and committed for farmer 9800000079 at mandi mandi-sehore-test in slot 08:00 AM - 10:00 AM
2026-09-15T08:43:35.158Z  INFO 8456 --- [kisansarthi-backend] [ool-8-thread-17] c.kisansarthi.slot.SlotEventPublisher    : Broadcasted real-time event [BOOKING_CREATED] for mandi [mandi-sehore-test] post-commit
2026-09-15T08:43:35.158Z  INFO 8456 --- [kisansarthi-backend] [ool-8-thread-17] c.kisansarthi.slot.SlotEventPublisher    : Broadcasted real-time event [SLOT_CAPACITY_CHANGED] for mandi [mandi-sehore-test] post-commit
2026-09-15T08:43:35.158Z  WARN 8456 --- [kisansarthi-backend] [     Thread-195] com.kisansarthi.sms.SmsService           : [SMS SERVICE] Blocked custom message dispatch in Trial mode to 9800000079: Twilio Trial accounts cannot send this custom message. Use Twilio Trial Test mode or upgrade/configure the Twilio account for production SMS.
2026-09-15T08:43:35.164Z  INFO 8456 --- [kisansarthi-backend] [ool-8-thread-10] c.k.booking.BookingTransactionExecutor   : Official Token MP-SEH-097 successfully generated and committed for farmer 9800000010 at mandi mandi-sehore-test in slot 08:00 AM - 10:00 AM
2026-09-15T08:43:35.166Z  INFO 8456 --- [kisansarthi-backend] [ool-8-thread-10] c.kisansarthi.slot.SlotEventPublisher    : Broadcasted real-time event [BOOKING_CREATED] for mandi [mandi-sehore-test] post-commit
2026-09-15T08:43:35.166Z  WARN 8456 --- [kisansarthi-backend] [     Thread-196] com.kisansarthi.sms.SmsService           : [SMS SERVICE] Blocked custom message dispatch in Trial mode to 9800000010: Twilio Trial accounts cannot send this custom message. Use Twilio Trial Test mode or upgrade/configure the Twilio account for production SMS.
2026-09-15T08:43:35.166Z  INFO 8456 --- [kisansarthi-backend] [ool-8-thread-10] c.kisansarthi.slot.SlotEventPublisher    : Broadcasted real-time event [SLOT_CAPACITY_CHANGED] for mandi [mandi-sehore-test] post-commit
2026-09-15T08:43:35.173Z  INFO 8456 --- [kisansarthi-backend] [pool-8-thread-7] c.k.booking.BookingTransactionExecutor   : Official Token MP-SEH-098 successfully generated and committed for farmer 9800000072 at mandi mandi-sehore-test in slot 08:00 AM - 10:00 AM
2026-09-15T08:43:35.174Z  INFO 8456 --- [kisansarthi-backend] [pool-8-thread-7] c.kisansarthi.slot.SlotEventPublisher    : Broadcasted real-time event [BOOKING_CREATED] for mandi [mandi-sehore-test] post-commit
2026-09-15T08:43:35.174Z  WARN 8456 --- [kisansarthi-backend] [     Thread-197] com.kisansarthi.sms.SmsService           : [SMS SERVICE] Blocked custom message dispatch in Trial mode to 9800000072: Twilio Trial accounts cannot send this custom message. Use Twilio Trial Test mode or upgrade/configure the Twilio account for production SMS.
2026-09-15T08:43:35.174Z  INFO 8456 --- [kisansarthi-backend] [pool-8-thread-7] c.kisansarthi.slot.SlotEventPublisher    : Broadcasted real-time event [SLOT_CAPACITY_CHANGED] for mandi [mandi-sehore-test] post-commit
2026-09-15T08:43:35.182Z  INFO 8456 --- [kisansarthi-backend] [ool-8-thread-12] c.k.booking.BookingTransactionExecutor   : Official Token MP-SEH-099 successfully generated and committed for farmer 9800000022 at mandi mandi-sehore-test in slot 08:00 AM - 10:00 AM
2026-09-15T08:43:35.183Z  WARN 8456 --- [kisansarthi-backend] [     Thread-198] com.kisansarthi.sms.SmsService           : [SMS SERVICE] Blocked custom message dispatch in Trial mode to 9800000022: Twilio Trial accounts cannot send this custom message. Use Twilio Trial Test mode or upgrade/configure the Twilio account for production SMS.
2026-09-15T08:43:35.184Z  INFO 8456 --- [kisansarthi-backend] [ool-8-thread-12] c.kisansarthi.slot.SlotEventPublisher    : Broadcasted real-time event [BOOKING_CREATED] for mandi [mandi-sehore-test] post-commit
2026-09-15T08:43:35.184Z  INFO 8456 --- [kisansarthi-backend] [ool-8-thread-12] c.kisansarthi.slot.SlotEventPublisher    : Broadcasted real-time event [SLOT_CAPACITY_CHANGED] for mandi [mandi-sehore-test] post-commit
2026-09-15T08:43:35.192Z  INFO 8456 --- [kisansarthi-backend] [ool-8-thread-18] c.k.booking.BookingTransactionExecutor   : Official Token MP-SEH-100 successfully generated and committed for farmer 9800000045 at mandi mandi-sehore-test in slot 08:00 AM - 10:00 AM
2026-09-15T08:43:35.193Z  WARN 8456 --- [kisansarthi-backend] [     Thread-199] com.kisansarthi.sms.SmsService           : [SMS SERVICE] Blocked custom message dispatch in Trial mode to 9800000045: Twilio Trial accounts cannot send this custom message. Use Twilio Trial Test mode or upgrade/configure the Twilio account for production SMS.
2026-09-15T08:43:35.193Z  INFO 8456 --- [kisansarthi-backend] [ool-8-thread-18] c.kisansarthi.slot.SlotEventPublisher    : Broadcasted real-time event [BOOKING_CREATED] for mandi [mandi-sehore-test] post-commit
2026-09-15T08:43:35.194Z  INFO 8456 --- [kisansarthi-backend] [ool-8-thread-18] c.kisansarthi.slot.SlotEventPublisher    : Broadcasted real-time event [SLOT_CAPACITY_CHANGED] for mandi [mandi-sehore-test] post-commit
]]></system-out>
  </testcase>
  <testcase name="testSlotCapacityExhaustionAndFarmerLimit" classname="com.kisansarthi.booking.BookingConcurrencyTest" time="0.258">
    <system-out><![CDATA[2026-09-15T08:43:35.462Z  INFO 8456 --- [kisansarthi-backend] [           main] c.k.booking.BookingTransactionExecutor   : Official Token MP-SEH-001 successfully generated and committed for farmer 9800000001 at mandi mandi-sehore-test in slot 02:00 PM - 04:00 PM
2026-09-15T08:43:35.464Z  WARN 8456 --- [kisansarthi-backend] [     Thread-200] com.kisansarthi.sms.SmsService           : [SMS SERVICE] Blocked custom message dispatch in Trial mode to 9800000001: Twilio Trial accounts cannot send this custom message. Use Twilio Trial Test mode or upgrade/configure the Twilio account for production SMS.
2026-09-15T08:43:35.464Z  INFO 8456 --- [kisansarthi-backend] [           main] c.kisansarthi.slot.SlotEventPublisher    : Broadcasted real-time event [BOOKING_CREATED] for mandi [mandi-sehore-test] post-commit
2026-09-15T08:43:35.464Z  INFO 8456 --- [kisansarthi-backend] [           main] c.kisansarthi.slot.SlotEventPublisher    : Broadcasted real-time event [SLOT_CAPACITY_CHANGED] for mandi [mandi-sehore-test] post-commit
2026-09-15T08:43:35.490Z  INFO 8456 --- [kisansarthi-backend] [           main] c.k.booking.BookingTransactionExecutor   : Official Token MP-SEH-002 successfully generated and committed for farmer 9800000002 at mandi mandi-sehore-test in slot 02:00 PM - 04:00 PM
2026-09-15T08:43:35.491Z  INFO 8456 --- [kisansarthi-backend] [           main] c.kisansarthi.slot.SlotEventPublisher    : Broadcasted real-time event [BOOKING_CREATED] for mandi [mandi-sehore-test] post-commit
2026-09-15T08:43:35.491Z  INFO 8456 --- [kisansarthi-backend] [           main] c.kisansarthi.slot.SlotEventPublisher    : Broadcasted real-time event [SLOT_CAPACITY_CHANGED] for mandi [mandi-sehore-test] post-commit
2026-09-15T08:43:35.493Z  WARN 8456 --- [kisansarthi-backend] [     Thread-201] com.kisansarthi.sms.SmsService           : [SMS SERVICE] Blocked custom message dispatch in Trial mode to 9800000002: Twilio Trial accounts cannot send this custom message. Use Twilio Trial Test mode or upgrade/configure the Twilio account for production SMS.
]]></system-out>
  </testcase>
  <testcase name="testBookingValidations" classname="com.kisansarthi.booking.BookingConcurrencyTest" time="0.239"/>
</testsuite>