<?xml version="1.0" encoding="UTF-8"?>
<testsuite xmlns:xsi="http://www.w3.org/2001/XMLSchema-instance" xsi:noNamespaceSchemaLocation="https://maven.apache.org/surefire/maven-surefire-plugin/xsd/surefire-test-report-3.0.xsd" version="3.0" name="com.kisansarthi.booking.BookingConcurrencyTest" time="29.689" tests="6" errors="0" skipped="0" failures="0">
  <properties>
[...]
</properties>
  <testcase name="testSimultaneousQueueAdvancement" classname="com.kisansarthi.booking.BookingConcurrencyTest" time="7.962">
    <system-out><![CDATA[14:18:15.323 [main] INFO org.springframework.test.context.support.AnnotationConfigContextLoaderUtils -- Could not detect default configuration classes for test class [com.kisansarthi.booking.BookingConcurrencyTest]: BookingConcurrencyTest does not declare any static, non-private, non-final, nested classes annotated with @Configuration.
14:18:15.611 [main] INFO org.springframework.boot.test.context.SpringBootTestContextBootstrapper -- Found @SpringBootConfiguration com.kisansarthi.KisanSarthiApplication for test class com.kisansarthi.booking.BookingConcurrencyTest
14:18:15.913 [main] INFO org.springframework.boot.devtools.restart.RestartApplicationListener -- Restart disabled due to context in which it is running

  .   ____          _            __ _ _
 /\\ / ___'_ __ _ _(_)_ __  __ _ \ \ \ \
( ( )\___ | '_ | '_| | '_ \/ _` | \ \ \ \
 \\/  ___)| |_)| | | | | || (_| |  ) ) ) )
  '  |____| .__|_| |_|_| |_\__, | / / / /
 =========|_|==============|___/=/_/_/_/

 :: Spring Boot ::                (v3.3.4)

2026-09-13T14:18:16.497Z  WARN 7583 --- [kisansarthi-backend] [           main] ory$DuplicateJsonObjectContextCustomizer : 

Found multiple occurrences of org.json.JSONObject on the class path:

	jar:file:/root/.m2/repository/org/json/json/20240303/json-20240303.jar!/org/json/JSONObject.class
	jar:file:/root/.m2/repository/com/vaadin/external/google/android-json/0.0.20131108.vaadin1/android-json-0.0.20131108.vaadin1.jar!/org/json/JSONObject.class

You may wish to exclude one of them to ensure predictable runtime behavior

2026-09-13T14:18:16.567Z  INFO 7583 --- [kisansarthi-backend] [           main] c.k.booking.BookingConcurrencyTest       : Starting BookingConcurrencyTest using Java 21.0.12 with PID 7583 (started by root in /app/applet/backend)
2026-09-13T14:18:16.569Z  INFO 7583 --- [kisansarthi-backend] [           main] c.k.booking.BookingConcurrencyTest       : The following 1 profile is active: "test"
2026-09-13T14:18:19.520Z  INFO 7583 --- [kisansarthi-backend] [           main] .s.d.r.c.RepositoryConfigurationDelegate : Multiple Spring Data modules found, entering strict repository configuration mode
2026-09-13T14:18:19.522Z  INFO 7583 --- [kisansarthi-backend] [           main] .s.d.r.c.RepositoryConfigurationDelegate : Bootstrapping Spring Data JPA repositories in DEFAULT mode.
2026-09-13T14:18:19.878Z  INFO 7583 --- [kisansarthi-backend] [           main] .s.d.r.c.RepositoryConfigurationDelegate : Finished Spring Data repository scanning in 347 ms. Found 14 JPA repository interfaces.
2026-09-13T14:18:21.401Z  INFO 7583 --- [kisansarthi-backend] [           main] o.hibernate.jpa.internal.util.LogHelper  : HHH000204: Processing PersistenceUnitInfo [name: default]
2026-09-13T14:18:21.496Z  INFO 7583 --- [kisansarthi-backend] [           main] org.hibernate.Version                    : HHH000412: Hibernate ORM core version 6.5.3.Final
2026-09-13T14:18:21.539Z  INFO 7583 --- [kisansarthi-backend] [           main] o.h.c.internal.RegionFactoryInitiator    : HHH000026: Second-level cache disabled
2026-09-13T14:18:22.011Z  INFO 7583 --- [kisansarthi-backend] [           main] o.s.o.j.p.SpringPersistenceUnitInfo      : No LoadTimeWeaver setup: ignoring JPA class transformer
2026-09-13T14:18:22.071Z  INFO 7583 --- [kisansarthi-backend] [           main] com.zaxxer.hikari.HikariDataSource       : HikariPool-1 - Starting...
2026-09-13T14:18:22.405Z  INFO 7583 --- [kisansarthi-backend] [           main] com.zaxxer.hikari.pool.HikariPool        : HikariPool-1 - Added connection conn0: url=jdbc:h2:mem:kisansarthi_test user=SA
2026-09-13T14:18:22.407Z  INFO 7583 --- [kisansarthi-backend] [           main] com.zaxxer.hikari.HikariDataSource       : HikariPool-1 - Start completed.
2026-09-13T14:18:22.442Z  WARN 7583 --- [kisansarthi-backend] [           main] org.hibernate.orm.deprecation            : HHH90000025: H2Dialect does not need to be specified explicitly using 'hibernate.dialect' (remove the property setting and it will be selected by default)
2026-09-13T14:18:24.552Z  INFO 7583 --- [kisansarthi-backend] [           main] o.h.e.t.j.p.i.JtaPlatformInitiator       : HHH000489: No JTA platform available (set 'hibernate.transaction.jta.platform' to enable JTA platform integration)
2026-09-13T14:18:24.685Z  INFO 7583 --- [kisansarthi-backend] [           main] j.LocalContainerEntityManagerFactoryBean : Initialized JPA EntityManagerFactory for persistence unit 'default'
2026-09-13T14:18:26.680Z  INFO 7583 --- [kisansarthi-backend] [           main] o.s.d.j.r.query.QueryEnhancerFactory     : Hibernate is in classpath; If applicable, HQL parser will be used.
2026-09-13T14:18:29.531Z  WARN 7583 --- [kisansarthi-backend] [           main] JpaBaseConfiguration$JpaWebConfiguration : spring.jpa.open-in-view is enabled by default. Therefore, database queries may be performed during view rendering. Explicitly configure spring.jpa.open-in-view to disable this warning
2026-09-13T14:18:29.612Z  WARN 7583 --- [kisansarthi-backend] [           main] .s.s.UserDetailsServiceAutoConfiguration : 

Using generated security password: e4063d67-8ad7-4750-bee0-932d35e72e71

This generated password is for development use only. Your security configuration must be updated before running your application in production.

2026-09-13T14:18:29.625Z  INFO 7583 --- [kisansarthi-backend] [           main] r$InitializeUserDetailsManagerConfigurer : Global AuthenticationManager configured with UserDetailsService bean with name inMemoryUserDetailsManager
2026-09-13T14:18:30.664Z  INFO 7583 --- [kisansarthi-backend] [           main] o.s.b.a.e.web.EndpointLinksResolver      : Exposing 3 endpoints beneath base path '/actuator'
2026-09-13T14:18:32.502Z  INFO 7583 --- [kisansarthi-backend] [           main] o.s.m.s.b.SimpleBrokerMessageHandler     : Starting...
2026-09-13T14:18:32.503Z  INFO 7583 --- [kisansarthi-backend] [           main] o.s.m.s.b.SimpleBrokerMessageHandler     : BrokerAvailabilityEvent[available=true, SimpleBrokerMessageHandler [org.springframework.messaging.simp.broker.DefaultSubscriptionRegistry@bf04793]]
2026-09-13T14:18:32.505Z  INFO 7583 --- [kisansarthi-backend] [           main] o.s.m.s.b.SimpleBrokerMessageHandler     : Started.
2026-09-13T14:18:32.525Z  INFO 7583 --- [kisansarthi-backend] [           main] c.k.booking.BookingConcurrencyTest       : Started BookingConcurrencyTest in 16.632 seconds (process running for 18.528)
2026-09-13T14:18:39.925Z  INFO 7583 --- [kisansarthi-backend] [           main] com.kisansarthi.booking.BookingService   : SLOT DEBUG: slotId=slot-sehore-test-0810, bookedQuintals=30, bookedFarmers=1
2026-09-13T14:18:39.987Z  INFO 7583 --- [kisansarthi-backend] [           main] .s.a.AnnotationAsyncExecutionInterceptor : More than one TaskExecutor bean found within the context, and none is named 'taskExecutor'. Mark one of them as primary or name it 'taskExecutor' (possibly as an alias) in order to use it for async processing: [clientInboundChannelExecutor, clientOutboundChannelExecutor, brokerChannelExecutor]
2026-09-13T14:18:39.989Z  INFO 7583 --- [kisansarthi-backend] [           main] com.kisansarthi.booking.BookingService   : Official Token MP-SEH-001 successfully generated and committed for farmer 9800000001 at mandi mandi-sehore-test in slot 08:00 AM - 10:00 AM
2026-09-13T14:18:39.990Z  INFO 7583 --- [kisansarthi-backend] [cTaskExecutor-1] com.kisansarthi.sms.TwilioSmsProvider    : [Twilio] Trial mode explicitly configured via property: true
2026-09-13T14:18:39.991Z  WARN 7583 --- [kisansarthi-backend] [cTaskExecutor-1] com.kisansarthi.sms.SmsService           : [SMS SERVICE] Blocked custom message dispatch in Trial mode to 9800000001: Twilio Trial accounts cannot send this custom message. Use Twilio Trial Test mode or upgrade/configure the Twilio account for production SMS.
2026-09-13T14:18:40.080Z  INFO 7583 --- [kisansarthi-backend] [           main] c.kisansarthi.slot.SlotEventPublisher    : Broadcasted real-time event [BOOKING_CREATED] for mandi [mandi-sehore-test] post-commit
2026-09-13T14:18:40.083Z  INFO 7583 --- [kisansarthi-backend] [           main] c.kisansarthi.slot.SlotEventPublisher    : Broadcasted real-time event [SLOT_CAPACITY_CHANGED] for mandi [mandi-sehore-test] post-commit
2026-09-13T14:18:40.095Z  INFO 7583 --- [kisansarthi-backend] [           main] com.kisansarthi.booking.BookingService   : SLOT DEBUG: slotId=slot-sehore-test-0810, bookedQuintals=60, bookedFarmers=2
2026-09-13T14:18:40.104Z  INFO 7583 --- [kisansarthi-backend] [           main] com.kisansarthi.booking.BookingService   : Official Token MP-SEH-002 successfully generated and committed for farmer 9800000002 at mandi mandi-sehore-test in slot 08:00 AM - 10:00 AM
2026-09-13T14:18:40.106Z  WARN 7583 --- [kisansarthi-backend] [cTaskExecutor-2] com.kisansarthi.sms.SmsService           : [SMS SERVICE] Blocked custom message dispatch in Trial mode to 9800000002: Twilio Trial accounts cannot send this custom message. Use Twilio Trial Test mode or upgrade/configure the Twilio account for production SMS.
2026-09-13T14:18:40.106Z  INFO 7583 --- [kisansarthi-backend] [           main] c.kisansarthi.slot.SlotEventPublisher    : Broadcasted real-time event [BOOKING_CREATED] for mandi [mandi-sehore-test] post-commit
2026-09-13T14:18:40.106Z  INFO 7583 --- [kisansarthi-backend] [           main] c.kisansarthi.slot.SlotEventPublisher    : Broadcasted real-time event [SLOT_CAPACITY_CHANGED] for mandi [mandi-sehore-test] post-commit
2026-09-13T14:18:40.118Z  INFO 7583 --- [kisansarthi-backend] [           main] com.kisansarthi.booking.BookingService   : SLOT DEBUG: slotId=slot-sehore-test-0810, bookedQuintals=90, bookedFarmers=3
2026-09-13T14:18:40.167Z  INFO 7583 --- [kisansarthi-backend] [           main] com.kisansarthi.booking.BookingService   : Official Token MP-SEH-003 successfully generated and committed for farmer 9800000003 at mandi mandi-sehore-test in slot 08:00 AM - 10:00 AM
2026-09-13T14:18:40.167Z  WARN 7583 --- [kisansarthi-backend] [cTaskExecutor-3] com.kisansarthi.sms.SmsService           : [SMS SERVICE] Blocked custom message dispatch in Trial mode to 9800000003: Twilio Trial accounts cannot send this custom message. Use Twilio Trial Test mode or upgrade/configure the Twilio account for production SMS.
2026-09-13T14:18:40.169Z  INFO 7583 --- [kisansarthi-backend] [           main] c.kisansarthi.slot.SlotEventPublisher    : Broadcasted real-time event [BOOKING_CREATED] for mandi [mandi-sehore-test] post-commit
2026-09-13T14:18:40.170Z  INFO 7583 --- [kisansarthi-backend] [           main] c.kisansarthi.slot.SlotEventPublisher    : Broadcasted real-time event [SLOT_CAPACITY_CHANGED] for mandi [mandi-sehore-test] post-commit
2026-09-13T14:18:40.183Z  INFO 7583 --- [kisansarthi-backend] [           main] com.kisansarthi.booking.BookingService   : SLOT DEBUG: slotId=slot-sehore-test-0810, bookedQuintals=120, bookedFarmers=4
2026-09-13T14:18:40.191Z  INFO 7583 --- [kisansarthi-backend] [           main] com.kisansarthi.booking.BookingService   : Official Token MP-SEH-004 successfully generated and committed for farmer 9800000004 at mandi mandi-sehore-test in slot 08:00 AM - 10:00 AM
2026-09-13T14:18:40.192Z  WARN 7583 --- [kisansarthi-backend] [cTaskExecutor-4] com.kisansarthi.sms.SmsService           : [SMS SERVICE] Blocked custom message dispatch in Trial mode to 9800000004: Twilio Trial accounts cannot send this custom message. Use Twilio Trial Test mode or upgrade/configure the Twilio account for production SMS.
2026-09-13T14:18:40.193Z  INFO 7583 --- [kisansarthi-backend] [           main] c.kisansarthi.slot.SlotEventPublisher    : Broadcasted real-time event [BOOKING_CREATED] for mandi [mandi-sehore-test] post-commit
2026-09-13T14:18:40.195Z  INFO 7583 --- [kisansarthi-backend] [           main] c.kisansarthi.slot.SlotEventPublisher    : Broadcasted real-time event [SLOT_CAPACITY_CHANGED] for mandi [mandi-sehore-test] post-commit
2026-09-13T14:18:40.205Z  INFO 7583 --- [kisansarthi-backend] [           main] com.kisansarthi.booking.BookingService   : SLOT DEBUG: slotId=slot-sehore-test-0810, bookedQuintals=150, bookedFarmers=5
2026-09-13T14:18:40.213Z  INFO 7583 --- [kisansarthi-backend] [           main] com.kisansarthi.booking.BookingService   : Official Token MP-SEH-005 successfully generated and committed for farmer 9800000005 at mandi mandi-sehore-test in slot 08:00 AM - 10:00 AM
2026-09-13T14:18:40.213Z  WARN 7583 --- [kisansarthi-backend] [cTaskExecutor-5] com.kisansarthi.sms.SmsService           : [SMS SERVICE] Blocked custom message dispatch in Trial mode to 9800000005: Twilio Trial accounts cannot send this custom message. Use Twilio Trial Test mode or upgrade/configure the Twilio account for production SMS.
2026-09-13T14:18:40.266Z  INFO 7583 --- [kisansarthi-backend] [           main] c.kisansarthi.slot.SlotEventPublisher    : Broadcasted real-time event [BOOKING_CREATED] for mandi [mandi-sehore-test] post-commit
2026-09-13T14:18:40.267Z  INFO 7583 --- [kisansarthi-backend] [           main] c.kisansarthi.slot.SlotEventPublisher    : Broadcasted real-time event [SLOT_CAPACITY_CHANGED] for mandi [mandi-sehore-test] post-commit
2026-09-13T14:18:40.278Z  INFO 7583 --- [kisansarthi-backend] [           main] com.kisansarthi.booking.BookingService   : SLOT DEBUG: slotId=slot-sehore-test-0810, bookedQuintals=180, bookedFarmers=6
2026-09-13T14:18:40.287Z  INFO 7583 --- [kisansarthi-backend] [           main] com.kisansarthi.booking.BookingService   : Official Token MP-SEH-006 successfully generated and committed for farmer 9800000006 at mandi mandi-sehore-test in slot 08:00 AM - 10:00 AM
2026-09-13T14:18:40.288Z  WARN 7583 --- [kisansarthi-backend] [cTaskExecutor-6] com.kisansarthi.sms.SmsService           : [SMS SERVICE] Blocked custom message dispatch in Trial mode to 9800000006: Twilio Trial accounts cannot send this custom message. Use Twilio Trial Test mode or upgrade/configure the Twilio account for production SMS.
2026-09-13T14:18:40.289Z  INFO 7583 --- [kisansarthi-backend] [           main] c.kisansarthi.slot.SlotEventPublisher    : Broadcasted real-time event [BOOKING_CREATED] for mandi [mandi-sehore-test] post-commit
2026-09-13T14:18:40.290Z  INFO 7583 --- [kisansarthi-backend] [           main] c.kisansarthi.slot.SlotEventPublisher    : Broadcasted real-time event [SLOT_CAPACITY_CHANGED] for mandi [mandi-sehore-test] post-commit
2026-09-13T14:18:40.301Z  INFO 7583 --- [kisansarthi-backend] [           main] com.kisansarthi.booking.BookingService   : SLOT DEBUG: slotId=slot-sehore-test-0810, bookedQuintals=210, bookedFarmers=7
2026-09-13T14:18:40.310Z  INFO 7583 --- [kisansarthi-backend] [           main] com.kisansarthi.booking.BookingService   : Official Token MP-SEH-007 successfully generated and committed for farmer 9800000007 at mandi mandi-sehore-test in slot 08:00 AM - 10:00 AM
2026-09-13T14:18:40.310Z  WARN 7583 --- [kisansarthi-backend] [cTaskExecutor-7] com.kisansarthi.sms.SmsService           : [SMS SERVICE] Blocked custom message dispatch in Trial mode to 9800000007: Twilio Trial accounts cannot send this custom message. Use Twilio Trial Test mode or upgrade/configure the Twilio account for production SMS.
2026-09-13T14:18:40.312Z  INFO 7583 --- [kisansarthi-backend] [           main] c.kisansarthi.slot.SlotEventPublisher    : Broadcasted real-time event [BOOKING_CREATED] for mandi [mandi-sehore-test] post-commit
2026-09-13T14:18:40.312Z  INFO 7583 --- [kisansarthi-backend] [           main] c.kisansarthi.slot.SlotEventPublisher    : Broadcasted real-time event [SLOT_CAPACITY_CHANGED] for mandi [mandi-sehore-test] post-commit
2026-09-13T14:18:40.322Z  INFO 7583 --- [kisansarthi-backend] [           main] com.kisansarthi.booking.BookingService   : SLOT DEBUG: slotId=slot-sehore-test-0810, bookedQuintals=240, bookedFarmers=8
2026-09-13T14:18:40.371Z  INFO 7583 --- [kisansarthi-backend] [           main] com.kisansarthi.booking.BookingService   : Official Token MP-SEH-008 successfully generated and committed for farmer 9800000008 at mandi mandi-sehore-test in slot 08:00 AM - 10:00 AM
2026-09-13T14:18:40.372Z  WARN 7583 --- [kisansarthi-backend] [cTaskExecutor-8] com.kisansarthi.sms.SmsService           : [SMS SERVICE] Blocked custom message dispatch in Trial mode to 9800000008: Twilio Trial accounts cannot send this custom message. Use Twilio Trial Test mode or upgrade/configure the Twilio account for production SMS.
2026-09-13T14:18:40.373Z  INFO 7583 --- [kisansarthi-backend] [           main] c.kisansarthi.slot.SlotEventPublisher    : Broadcasted real-time event [BOOKING_CREATED] for mandi [mandi-sehore-test] post-commit
2026-09-13T14:18:40.375Z  INFO 7583 --- [kisansarthi-backend] [           main] c.kisansarthi.slot.SlotEventPublisher    : Broadcasted real-time event [SLOT_CAPACITY_CHANGED] for mandi [mandi-sehore-test] post-commit
2026-09-13T14:18:40.385Z  INFO 7583 --- [kisansarthi-backend] [           main] com.kisansarthi.booking.BookingService   : SLOT DEBUG: slotId=slot-sehore-test-0810, bookedQuintals=270, bookedFarmers=9
2026-09-13T14:18:40.394Z  INFO 7583 --- [kisansarthi-backend] [           main] com.kisansarthi.booking.BookingService   : Official Token MP-SEH-009 successfully generated and committed for farmer 9800000009 at mandi mandi-sehore-test in slot 08:00 AM - 10:00 AM
2026-09-13T14:18:40.395Z  WARN 7583 --- [kisansarthi-backend] [cTaskExecutor-9] com.kisansarthi.sms.SmsService           : [SMS SERVICE] Blocked custom message dispatch in Trial mode to 9800000009: Twilio Trial accounts cannot send this custom message. Use Twilio Trial Test mode or upgrade/configure the Twilio account for production SMS.
2026-09-13T14:18:40.396Z  INFO 7583 --- [kisansarthi-backend] [           main] c.kisansarthi.slot.SlotEventPublisher    : Broadcasted real-time event [BOOKING_CREATED] for mandi [mandi-sehore-test] post-commit
2026-09-13T14:18:40.396Z  INFO 7583 --- [kisansarthi-backend] [           main] c.kisansarthi.slot.SlotEventPublisher    : Broadcasted real-time event [SLOT_CAPACITY_CHANGED] for mandi [mandi-sehore-test] post-commit
2026-09-13T14:18:40.406Z  INFO 7583 --- [kisansarthi-backend] [           main] com.kisansarthi.booking.BookingService   : SLOT DEBUG: slotId=slot-sehore-test-0810, bookedQuintals=300, bookedFarmers=10
2026-09-13T14:18:40.415Z  INFO 7583 --- [kisansarthi-backend] [           main] com.kisansarthi.booking.BookingService   : Official Token MP-SEH-010 successfully generated and committed for farmer 9800000010 at mandi mandi-sehore-test in slot 08:00 AM - 10:00 AM
2026-09-13T14:18:40.415Z  WARN 7583 --- [kisansarthi-backend] [TaskExecutor-10] com.kisansarthi.sms.SmsService           : [SMS SERVICE] Blocked custom message dispatch in Trial mode to 9800000010: Twilio Trial accounts cannot send this custom message. Use Twilio Trial Test mode or upgrade/configure the Twilio account for production SMS.
2026-09-13T14:18:40.416Z  INFO 7583 --- [kisansarthi-backend] [           main] c.kisansarthi.slot.SlotEventPublisher    : Broadcasted real-time event [BOOKING_CREATED] for mandi [mandi-sehore-test] post-commit
2026-09-13T14:18:40.417Z  INFO 7583 --- [kisansarthi-backend] [           main] c.kisansarthi.slot.SlotEventPublisher    : Broadcasted real-time event [SLOT_CAPACITY_CHANGED] for mandi [mandi-sehore-test] post-commit
2026-09-13T14:18:40.487Z  WARN 7583 --- [kisansarthi-backend] [pool-3-thread-4] com.kisansarthi.sms.SmsService           : [SMS SERVICE] Blocked custom message dispatch in Trial mode to 9800000001: Twilio Trial accounts cannot send this custom message. Use Twilio Trial Test mode or upgrade/configure the Twilio account for production SMS.
2026-09-13T14:18:40.513Z  WARN 7583 --- [kisansarthi-backend] [pool-3-thread-5] com.kisansarthi.sms.SmsService           : [SMS SERVICE] Blocked custom message dispatch in Trial mode to 9800000002: Twilio Trial accounts cannot send this custom message. Use Twilio Trial Test mode or upgrade/configure the Twilio account for production SMS.
2026-09-13T14:18:40.572Z  WARN 7583 --- [kisansarthi-backend] [pool-3-thread-1] com.kisansarthi.sms.SmsService           : [SMS SERVICE] Blocked custom message dispatch in Trial mode to 9800000003: Twilio Trial accounts cannot send this custom message. Use Twilio Trial Test mode or upgrade/configure the Twilio account for production SMS.
2026-09-13T14:18:40.589Z  WARN 7583 --- [kisansarthi-backend] [pool-3-thread-2] com.kisansarthi.sms.SmsService           : [SMS SERVICE] Blocked custom message dispatch in Trial mode to 9800000004: Twilio Trial accounts cannot send this custom message. Use Twilio Trial Test mode or upgrade/configure the Twilio account for production SMS.
2026-09-13T14:18:40.606Z  WARN 7583 --- [kisansarthi-backend] [pool-3-thread-3] com.kisansarthi.sms.SmsService           : [SMS SERVICE] Blocked custom message dispatch in Trial mode to 9800000005: Twilio Trial accounts cannot send this custom message. Use Twilio Trial Test mode or upgrade/configure the Twilio account for production SMS.
]]></system-out>
  </testcase>
  <testcase name="testSlotCapacityReleaseOnCancellation" classname="com.kisansarthi.booking.BookingConcurrencyTest" time="0.505">
    <system-out><![CDATA[2026-09-13T14:18:41.098Z  INFO 7583 --- [kisansarthi-backend] [           main] com.kisansarthi.booking.BookingService   : SLOT DEBUG: slotId=slot-sehore-test-0810, bookedQuintals=55, bookedFarmers=1
2026-09-13T14:18:41.107Z  INFO 7583 --- [kisansarthi-backend] [           main] com.kisansarthi.booking.BookingService   : Official Token MP-SEH-001 successfully generated and committed for farmer 9800000001 at mandi mandi-sehore-test in slot 08:00 AM - 10:00 AM
2026-09-13T14:18:41.107Z  WARN 7583 --- [kisansarthi-backend] [TaskExecutor-11] com.kisansarthi.sms.SmsService           : [SMS SERVICE] Blocked custom message dispatch in Trial mode to 9800000001: Twilio Trial accounts cannot send this custom message. Use Twilio Trial Test mode or upgrade/configure the Twilio account for production SMS.
2026-09-13T14:18:41.109Z  INFO 7583 --- [kisansarthi-backend] [           main] c.kisansarthi.slot.SlotEventPublisher    : Broadcasted real-time event [BOOKING_CREATED] for mandi [mandi-sehore-test] post-commit
2026-09-13T14:18:41.109Z  INFO 7583 --- [kisansarthi-backend] [           main] c.kisansarthi.slot.SlotEventPublisher    : Broadcasted real-time event [SLOT_CAPACITY_CHANGED] for mandi [mandi-sehore-test] post-commit
2026-09-13T14:18:41.166Z  WARN 7583 --- [kisansarthi-backend] [TaskExecutor-12] com.kisansarthi.sms.SmsService           : [SMS SERVICE] Blocked custom message dispatch in Trial mode to 9800000001: Twilio Trial accounts cannot send this custom message. Use Twilio Trial Test mode or upgrade/configure the Twilio account for production SMS.
2026-09-13T14:18:41.169Z  INFO 7583 --- [kisansarthi-backend] [           main] c.kisansarthi.slot.SlotEventPublisher    : Broadcasted real-time event [SLOT_CAPACITY_CHANGED] for mandi [mandi-sehore-test] post-commit
2026-09-13T14:18:41.170Z  INFO 7583 --- [kisansarthi-backend] [           main] c.kisansarthi.slot.SlotEventPublisher    : Broadcasted real-time event [BOOKING_CANCELLED] for mandi [mandi-sehore-test] post-commit
]]></system-out>
  </testcase>
  <testcase name="testCapacityReductionPreventedWhenBookingsExist" classname="com.kisansarthi.booking.BookingConcurrencyTest" time="0.398">
    <system-out><![CDATA[2026-09-13T14:18:41.525Z  INFO 7583 --- [kisansarthi-backend] [           main] com.kisansarthi.booking.BookingService   : SLOT DEBUG: slotId=slot-sehore-test-0810, bookedQuintals=50, bookedFarmers=1
2026-09-13T14:18:41.569Z  INFO 7583 --- [kisansarthi-backend] [           main] com.kisansarthi.booking.BookingService   : Official Token MP-SEH-001 successfully generated and committed for farmer 9800000001 at mandi mandi-sehore-test in slot 08:00 AM - 10:00 AM
2026-09-13T14:18:41.569Z  WARN 7583 --- [kisansarthi-backend] [TaskExecutor-13] com.kisansarthi.sms.SmsService           : [SMS SERVICE] Blocked custom message dispatch in Trial mode to 9800000001: Twilio Trial accounts cannot send this custom message. Use Twilio Trial Test mode or upgrade/configure the Twilio account for production SMS.
2026-09-13T14:18:41.570Z  INFO 7583 --- [kisansarthi-backend] [           main] c.kisansarthi.slot.SlotEventPublisher    : Broadcasted real-time event [BOOKING_CREATED] for mandi [mandi-sehore-test] post-commit
2026-09-13T14:18:41.571Z  INFO 7583 --- [kisansarthi-backend] [           main] c.kisansarthi.slot.SlotEventPublisher    : Broadcasted real-time event [SLOT_CAPACITY_CHANGED] for mandi [mandi-sehore-test] post-commit
2026-09-13T14:18:41.578Z  INFO 7583 --- [kisansarthi-backend] [           main] c.kisansarthi.slot.SlotEventPublisher    : Broadcasted real-time event [SLOT_CAPACITY_CHANGED] for mandi [mandi-sehore-test] post-commit
]]></system-out>
  </testcase>
  <testcase name="test100SimultaneousBookings" classname="com.kisansarthi.booking.BookingConcurrencyTest" time="2.625">
    <system-out><![CDATA[2026-09-13T14:18:41.907Z  INFO 7583 --- [kisansarthi-backend] [pool-4-thread-2] com.kisansarthi.booking.BookingService   : SLOT DEBUG: slotId=slot-sehore-test-0810, bookedQuintals=46, bookedFarmers=1
2026-09-13T14:18:41.969Z  INFO 7583 --- [kisansarthi-backend] [pool-4-thread-2] com.kisansarthi.booking.BookingService   : Official Token MP-SEH-001 successfully generated and committed for farmer 9800000002 at mandi mandi-sehore-test in slot 08:00 AM - 10:00 AM
2026-09-13T14:18:41.970Z  WARN 7583 --- [kisansarthi-backend] [TaskExecutor-14] com.kisansarthi.sms.SmsService           : [SMS SERVICE] Blocked custom message dispatch in Trial mode to 9800000002: Twilio Trial accounts cannot send this custom message. Use Twilio Trial Test mode or upgrade/configure the Twilio account for production SMS.
2026-09-13T14:18:41.970Z  INFO 7583 --- [kisansarthi-backend] [pool-4-thread-2] c.kisansarthi.slot.SlotEventPublisher    : Broadcasted real-time event [BOOKING_CREATED] for mandi [mandi-sehore-test] post-commit
2026-09-13T14:18:41.971Z  INFO 7583 --- [kisansarthi-backend] [pool-4-thread-2] c.kisansarthi.slot.SlotEventPublisher    : Broadcasted real-time event [SLOT_CAPACITY_CHANGED] for mandi [mandi-sehore-test] post-commit
2026-09-13T14:18:41.971Z  INFO 7583 --- [kisansarthi-backend] [pool-4-thread-3] com.kisansarthi.booking.BookingService   : SLOT DEBUG: slotId=slot-sehore-test-0810, bookedQuintals=92, bookedFarmers=2
2026-09-13T14:18:41.984Z  INFO 7583 --- [kisansarthi-backend] [pool-4-thread-3] com.kisansarthi.booking.BookingService   : Official Token MP-SEH-002 successfully generated and committed for farmer 9800000003 at mandi mandi-sehore-test in slot 08:00 AM - 10:00 AM
2026-09-13T14:18:41.985Z  WARN 7583 --- [kisansarthi-backend] [TaskExecutor-15] com.kisansarthi.sms.SmsService           : [SMS SERVICE] Blocked custom message dispatch in Trial mode to 9800000003: Twilio Trial accounts cannot send this custom message. Use Twilio Trial Test mode or upgrade/configure the Twilio account for production SMS.
2026-09-13T14:18:41.986Z  INFO 7583 --- [kisansarthi-backend] [pool-4-thread-3] c.kisansarthi.slot.SlotEventPublisher    : Broadcasted real-time event [BOOKING_CREATED] for mandi [mandi-sehore-test] post-commit
2026-09-13T14:18:41.986Z  INFO 7583 --- [kisansarthi-backend] [pool-4-thread-3] c.kisansarthi.slot.SlotEventPublisher    : Broadcasted real-time event [SLOT_CAPACITY_CHANGED] for mandi [mandi-sehore-test] post-commit
2026-09-13T14:18:41.987Z  INFO 7583 --- [kisansarthi-backend] [pool-4-thread-7] com.kisansarthi.booking.BookingService   : SLOT DEBUG: slotId=slot-sehore-test-0810, bookedQuintals=138, bookedFarmers=3
2026-09-13T14:18:41.996Z  INFO 7583 --- [kisansarthi-backend] [pool-4-thread-7] com.kisansarthi.booking.BookingService   : Official Token MP-SEH-003 successfully generated and committed for farmer 9800000007 at mandi mandi-sehore-test in slot 08:00 AM - 10:00 AM
2026-09-13T14:18:41.997Z  WARN 7583 --- [kisansarthi-backend] [TaskExecutor-16] com.kisansarthi.sms.SmsService           : [SMS SERVICE] Blocked custom message dispatch in Trial mode to 9800000007: Twilio Trial accounts cannot send this custom message. Use Twilio Trial Test mode or upgrade/configure the Twilio account for production SMS.
2026-09-13T14:18:41.998Z  INFO 7583 --- [kisansarthi-backend] [pool-4-thread-7] c.kisansarthi.slot.SlotEventPublisher    : Broadcasted real-time event [BOOKING_CREATED] for mandi [mandi-sehore-test] post-commit
2026-09-13T14:18:41.998Z  INFO 7583 --- [kisansarthi-backend] [pool-4-thread-7] c.kisansarthi.slot.SlotEventPublisher    : Broadcasted real-time event [SLOT_CAPACITY_CHANGED] for mandi [mandi-sehore-test] post-commit
2026-09-13T14:18:41.999Z  INFO 7583 --- [kisansarthi-backend] [ool-4-thread-11] com.kisansarthi.booking.BookingService   : SLOT DEBUG: slotId=slot-sehore-test-0810, bookedQuintals=184, bookedFarmers=4
2026-09-13T14:18:42.064Z  INFO 7583 --- [kisansarthi-backend] [ool-4-thread-11] com.kisansarthi.booking.BookingService   : Official Token MP-SEH-004 successfully generated and committed for farmer 9800000011 at mandi mandi-sehore-test in slot 08:00 AM - 10:00 AM
2026-09-13T14:18:42.065Z  WARN 7583 --- [kisansarthi-backend] [TaskExecutor-17] com.kisansarthi.sms.SmsService           : [SMS SERVICE] Blocked custom message dispatch in Trial mode to 9800000011: Twilio Trial accounts cannot send this custom message. Use Twilio Trial Test mode or upgrade/configure the Twilio account for production SMS.
2026-09-13T14:18:42.067Z  INFO 7583 --- [kisansarthi-backend] [ool-4-thread-11] c.kisansarthi.slot.SlotEventPublisher    : Broadcasted real-time event [BOOKING_CREATED] for mandi [mandi-sehore-test] post-commit
2026-09-13T14:18:42.068Z  INFO 7583 --- [kisansarthi-backend] [ool-4-thread-11] c.kisansarthi.slot.SlotEventPublisher    : Broadcasted real-time event [SLOT_CAPACITY_CHANGED] for mandi [mandi-sehore-test] post-commit
2026-09-13T14:18:42.068Z  INFO 7583 --- [kisansarthi-backend] [ool-4-thread-12] com.kisansarthi.booking.BookingService   : SLOT DEBUG: slotId=slot-sehore-test-0810, bookedQuintals=230, bookedFarmers=5
2026-09-13T14:18:42.075Z  INFO 7583 --- [kisansarthi-backend] [ool-4-thread-12] com.kisansarthi.booking.BookingService   : Official Token MP-SEH-005 successfully generated and committed for farmer 9800000012 at mandi mandi-sehore-test in slot 08:00 AM - 10:00 AM
2026-09-13T14:18:42.076Z  WARN 7583 --- [kisansarthi-backend] [TaskExecutor-18] com.kisansarthi.sms.SmsService           : [SMS SERVICE] Blocked custom message dispatch in Trial mode to 9800000012: Twilio Trial accounts cannot send this custom message. Use Twilio Trial Test mode or upgrade/configure the Twilio account for production SMS.
2026-09-13T14:18:42.079Z  INFO 7583 --- [kisansarthi-backend] [ool-4-thread-12] c.kisansarthi.slot.SlotEventPublisher    : Broadcasted real-time event [BOOKING_CREATED] for mandi [mandi-sehore-test] post-commit
2026-09-13T14:18:42.080Z  INFO 7583 --- [kisansarthi-backend] [ool-4-thread-12] c.kisansarthi.slot.SlotEventPublisher    : Broadcasted real-time event [SLOT_CAPACITY_CHANGED] for mandi [mandi-sehore-test] post-commit
2026-09-13T14:18:42.080Z  INFO 7583 --- [kisansarthi-backend] [pool-4-thread-6] com.kisansarthi.booking.BookingService   : SLOT DEBUG: slotId=slot-sehore-test-0810, bookedQuintals=276, bookedFarmers=6
2026-09-13T14:18:42.088Z  INFO 7583 --- [kisansarthi-backend] [pool-4-thread-6] com.kisansarthi.booking.BookingService   : Official Token MP-SEH-006 successfully generated and committed for farmer 9800000006 at mandi mandi-sehore-test in slot 08:00 AM - 10:00 AM
2026-09-13T14:18:42.088Z  WARN 7583 --- [kisansarthi-backend] [TaskExecutor-19] com.kisansarthi.sms.SmsService           : [SMS SERVICE] Blocked custom message dispatch in Trial mode to 9800000006: Twilio Trial accounts cannot send this custom message. Use Twilio Trial Test mode or upgrade/configure the Twilio account for production SMS.
2026-09-13T14:18:42.090Z  INFO 7583 --- [kisansarthi-backend] [pool-4-thread-6] c.kisansarthi.slot.SlotEventPublisher    : Broadcasted real-time event [BOOKING_CREATED] for mandi [mandi-sehore-test] post-commit
2026-09-13T14:18:42.090Z  INFO 7583 --- [kisansarthi-backend] [ool-4-thread-14] com.kisansarthi.booking.BookingService   : SLOT DEBUG: slotId=slot-sehore-test-0810, bookedQuintals=322, bookedFarmers=7
2026-09-13T14:18:42.091Z  INFO 7583 --- [kisansarthi-backend] [pool-4-thread-6] c.kisansarthi.slot.SlotEventPublisher    : Broadcasted real-time event [SLOT_CAPACITY_CHANGED] for mandi [mandi-sehore-test] post-commit
2026-09-13T14:18:42.097Z  INFO 7583 --- [kisansarthi-backend] [ool-4-thread-14] com.kisansarthi.booking.BookingService   : Official Token MP-SEH-007 successfully generated and committed for farmer 9800000014 at mandi mandi-sehore-test in slot 08:00 AM - 10:00 AM
2026-09-13T14:18:42.098Z  WARN 7583 --- [kisansarthi-backend] [TaskExecutor-20] com.kisansarthi.sms.SmsService           : [SMS SERVICE] Blocked custom message dispatch in Trial mode to 9800000014: Twilio Trial accounts cannot send this custom message. Use Twilio Trial Test mode or upgrade/configure the Twilio account for production SMS.
2026-09-13T14:18:42.099Z  INFO 7583 --- [kisansarthi-backend] [ool-4-thread-14] c.kisansarthi.slot.SlotEventPublisher    : Broadcasted real-time event [BOOKING_CREATED] for mandi [mandi-sehore-test] post-commit
2026-09-13T14:18:42.100Z  INFO 7583 --- [kisansarthi-backend] [ool-4-thread-15] com.kisansarthi.booking.BookingService   : SLOT DEBUG: slotId=slot-sehore-test-0810, bookedQuintals=368, bookedFarmers=8
2026-09-13T14:18:42.100Z  INFO 7583 --- [kisansarthi-backend] [ool-4-thread-14] c.kisansarthi.slot.SlotEventPublisher    : Broadcasted real-time event [SLOT_CAPACITY_CHANGED] for mandi [mandi-sehore-test] post-commit
2026-09-13T14:18:42.164Z  INFO 7583 --- [kisansarthi-backend] [ool-4-thread-15] com.kisansarthi.booking.BookingService   : Official Token MP-SEH-008 successfully generated and committed for farmer 9800000015 at mandi mandi-sehore-test in slot 08:00 AM - 10:00 AM
2026-09-13T14:18:42.165Z  WARN 7583 --- [kisansarthi-backend] [TaskExecutor-21] com.kisansarthi.sms.SmsService           : [SMS SERVICE] Blocked custom message dispatch in Trial mode to 9800000015: Twilio Trial accounts cannot send this custom message. Use Twilio Trial Test mode or upgrade/configure the Twilio account for production SMS.
2026-09-13T14:18:42.167Z  INFO 7583 --- [kisansarthi-backend] [ool-4-thread-15] c.kisansarthi.slot.SlotEventPublisher    : Broadcasted real-time event [BOOKING_CREATED] for mandi [mandi-sehore-test] post-commit
2026-09-13T14:18:42.167Z  INFO 7583 --- [kisansarthi-backend] [ool-4-thread-15] c.kisansarthi.slot.SlotEventPublisher    : Broadcasted real-time event [SLOT_CAPACITY_CHANGED] for mandi [mandi-sehore-test] post-commit
2026-09-13T14:18:42.169Z  INFO 7583 --- [kisansarthi-backend] [ool-4-thread-13] com.kisansarthi.booking.BookingService   : SLOT DEBUG: slotId=slot-sehore-test-0810, bookedQuintals=414, bookedFarmers=9
2026-09-13T14:18:42.178Z  INFO 7583 --- [kisansarthi-backend] [ool-4-thread-13] com.kisansarthi.booking.BookingService   : Official Token MP-SEH-009 successfully generated and committed for farmer 9800000013 at mandi mandi-sehore-test in slot 08:00 AM - 10:00 AM
2026-09-13T14:18:42.178Z  WARN 7583 --- [kisansarthi-backend] [TaskExecutor-22] com.kisansarthi.sms.SmsService           : [SMS SERVICE] Blocked custom message dispatch in Trial mode to 9800000013: Twilio Trial accounts cannot send this custom message. Use Twilio Trial Test mode or upgrade/configure the Twilio account for production SMS.
2026-09-13T14:18:42.180Z  INFO 7583 --- [kisansarthi-backend] [ool-4-thread-13] c.kisansarthi.slot.SlotEventPublisher    : Broadcasted real-time event [BOOKING_CREATED] for mandi [mandi-sehore-test] post-commit
2026-09-13T14:18:42.180Z  INFO 7583 --- [kisansarthi-backend] [ool-4-thread-17] com.kisansarthi.booking.BookingService   : SLOT DEBUG: slotId=slot-sehore-test-0810, bookedQuintals=460, bookedFarmers=10
2026-09-13T14:18:42.181Z  INFO 7583 --- [kisansarthi-backend] [ool-4-thread-13] c.kisansarthi.slot.SlotEventPublisher    : Broadcasted real-time event [SLOT_CAPACITY_CHANGED] for mandi [mandi-sehore-test] post-commit
2026-09-13T14:18:42.187Z  INFO 7583 --- [kisansarthi-backend] [ool-4-thread-17] com.kisansarthi.booking.BookingService   : Official Token MP-SEH-010 successfully generated and committed for farmer 9800000017 at mandi mandi-sehore-test in slot 08:00 AM - 10:00 AM
2026-09-13T14:18:42.187Z  WARN 7583 --- [kisansarthi-backend] [TaskExecutor-23] com.kisansarthi.sms.SmsService           : [SMS SERVICE] Blocked custom message dispatch in Trial mode to 9800000017: Twilio Trial accounts cannot send this custom message. Use Twilio Trial Test mode or upgrade/configure the Twilio account for production SMS.
2026-09-13T14:18:42.189Z  INFO 7583 --- [kisansarthi-backend] [ool-4-thread-17] c.kisansarthi.slot.SlotEventPublisher    : Broadcasted real-time event [BOOKING_CREATED] for mandi [mandi-sehore-test] post-commit
2026-09-13T14:18:42.190Z  INFO 7583 --- [kisansarthi-backend] [ool-4-thread-17] c.kisansarthi.slot.SlotEventPublisher    : Broadcasted real-time event [SLOT_CAPACITY_CHANGED] for mandi [mandi-sehore-test] post-commit
2026-09-13T14:18:42.189Z  INFO 7583 --- [kisansarthi-backend] [ool-4-thread-18] com.kisansarthi.booking.BookingService   : SLOT DEBUG: slotId=slot-sehore-test-0810, bookedQuintals=506, bookedFarmers=11
2026-09-13T14:18:42.196Z  INFO 7583 --- [kisansarthi-backend] [ool-4-thread-18] com.kisansarthi.booking.BookingService   : Official Token MP-SEH-011 successfully generated and committed for farmer 9800000018 at mandi mandi-sehore-test in slot 08:00 AM - 10:00 AM
2026-09-13T14:18:42.198Z  WARN 7583 --- [kisansarthi-backend] [TaskExecutor-24] com.kisansarthi.sms.SmsService           : [SMS SERVICE] Blocked custom message dispatch in Trial mode to 9800000018: Twilio Trial accounts cannot send this custom message. Use Twilio Trial Test mode or upgrade/configure the Twilio account for production SMS.
2026-09-13T14:18:42.199Z  INFO 7583 --- [kisansarthi-backend] [ool-4-thread-18] c.kisansarthi.slot.SlotEventPublisher    : Broadcasted real-time event [BOOKING_CREATED] for mandi [mandi-sehore-test] post-commit
2026-09-13T14:18:42.200Z  INFO 7583 --- [kisansarthi-backend] [ool-4-thread-18] c.kisansarthi.slot.SlotEventPublisher    : Broadcasted real-time event [SLOT_CAPACITY_CHANGED] for mandi [mandi-sehore-test] post-commit
2026-09-13T14:18:42.201Z  INFO 7583 --- [kisansarthi-backend] [ool-4-thread-19] com.kisansarthi.booking.BookingService   : SLOT DEBUG: slotId=slot-sehore-test-0810, bookedQuintals=552, bookedFarmers=12
2026-09-13T14:18:42.266Z  WARN 7583 --- [kisansarthi-backend] [TaskExecutor-25] com.kisansarthi.sms.SmsService           : [SMS SERVICE] Blocked custom message dispatch in Trial mode to 9800000019: Twilio Trial accounts cannot send this custom message. Use Twilio Trial Test mode or upgrade/configure the Twilio account for production SMS.
2026-09-13T14:18:42.266Z  INFO 7583 --- [kisansarthi-backend] [ool-4-thread-19] com.kisansarthi.booking.BookingService   : Official Token MP-SEH-012 successfully generated and committed for farmer 9800000019 at mandi mandi-sehore-test in slot 08:00 AM - 10:00 AM
2026-09-13T14:18:42.268Z  INFO 7583 --- [kisansarthi-backend] [ool-4-thread-19] c.kisansarthi.slot.SlotEventPublisher    : Broadcasted real-time event [BOOKING_CREATED] for mandi [mandi-sehore-test] post-commit
2026-09-13T14:18:42.268Z  INFO 7583 --- [kisansarthi-backend] [ool-4-thread-20] com.kisansarthi.booking.BookingService   : SLOT DEBUG: slotId=slot-sehore-test-0810, bookedQuintals=598, bookedFarmers=13
2026-09-13T14:18:42.269Z  INFO 7583 --- [kisansarthi-backend] [ool-4-thread-19] c.kisansarthi.slot.SlotEventPublisher    : Broadcasted real-time event [SLOT_CAPACITY_CHANGED] for mandi [mandi-sehore-test] post-commit
2026-09-13T14:18:42.275Z  INFO 7583 --- [kisansarthi-backend] [ool-4-thread-20] com.kisansarthi.booking.BookingService   : Official Token MP-SEH-013 successfully generated and committed for farmer 9800000020 at mandi mandi-sehore-test in slot 08:00 AM - 10:00 AM
2026-09-13T14:18:42.276Z  WARN 7583 --- [kisansarthi-backend] [TaskExecutor-26] com.kisansarthi.sms.SmsService           : [SMS SERVICE] Blocked custom message dispatch in Trial mode to 9800000020: Twilio Trial accounts cannot send this custom message. Use Twilio Trial Test mode or upgrade/configure the Twilio account for production SMS.
2026-09-13T14:18:42.277Z  INFO 7583 --- [kisansarthi-backend] [pool-4-thread-4] com.kisansarthi.booking.BookingService   : SLOT DEBUG: slotId=slot-sehore-test-0810, bookedQuintals=644, bookedFarmers=14
2026-09-13T14:18:42.278Z  INFO 7583 --- [kisansarthi-backend] [ool-4-thread-20] c.kisansarthi.slot.SlotEventPublisher    : Broadcasted real-time event [BOOKING_CREATED] for mandi [mandi-sehore-test] post-commit
2026-09-13T14:18:42.278Z  INFO 7583 --- [kisansarthi-backend] [ool-4-thread-20] c.kisansarthi.slot.SlotEventPublisher    : Broadcasted real-time event [SLOT_CAPACITY_CHANGED] for mandi [mandi-sehore-test] post-commit
2026-09-13T14:18:42.284Z  INFO 7583 --- [kisansarthi-backend] [pool-4-thread-4] com.kisansarthi.booking.BookingService   : Official Token MP-SEH-014 successfully generated and committed for farmer 9800000004 at mandi mandi-sehore-test in slot 08:00 AM - 10:00 AM
2026-09-13T14:18:42.285Z  WARN 7583 --- [kisansarthi-backend] [TaskExecutor-27] com.kisansarthi.sms.SmsService           : [SMS SERVICE] Blocked custom message dispatch in Trial mode to 9800000004: Twilio Trial accounts cannot send this custom message. Use Twilio Trial Test mode or upgrade/configure the Twilio account for production SMS.
2026-09-13T14:18:42.287Z  INFO 7583 --- [kisansarthi-backend] [pool-4-thread-4] c.kisansarthi.slot.SlotEventPublisher    : Broadcasted real-time event [BOOKING_CREATED] for mandi [mandi-sehore-test] post-commit
2026-09-13T14:18:42.287Z  INFO 7583 --- [kisansarthi-backend] [pool-4-thread-4] c.kisansarthi.slot.SlotEventPublisher    : Broadcasted real-time event [SLOT_CAPACITY_CHANGED] for mandi [mandi-sehore-test] post-commit
2026-09-13T14:18:42.288Z  INFO 7583 --- [kisansarthi-backend] [pool-4-thread-2] com.kisansarthi.booking.BookingService   : SLOT DEBUG: slotId=slot-sehore-test-0810, bookedQuintals=690, bookedFarmers=15
2026-09-13T14:18:42.295Z  INFO 7583 --- [kisansarthi-backend] [pool-4-thread-2] com.kisansarthi.booking.BookingService   : Official Token MP-SEH-015 successfully generated and committed for farmer 9800000021 at mandi mandi-sehore-test in slot 08:00 AM - 10:00 AM
2026-09-13T14:18:42.296Z  WARN 7583 --- [kisansarthi-backend] [TaskExecutor-28] com.kisansarthi.sms.SmsService           : [SMS SERVICE] Blocked custom message dispatch in Trial mode to 9800000021: Twilio Trial accounts cannot send this custom message. Use Twilio Trial Test mode or upgrade/configure the Twilio account for production SMS.
2026-09-13T14:18:42.297Z  INFO 7583 --- [kisansarthi-backend] [pool-4-thread-2] c.kisansarthi.slot.SlotEventPublisher    : Broadcasted real-time event [BOOKING_CREATED] for mandi [mandi-sehore-test] post-commit
2026-09-13T14:18:42.297Z  INFO 7583 --- [kisansarthi-backend] [pool-4-thread-2] c.kisansarthi.slot.SlotEventPublisher    : Broadcasted real-time event [SLOT_CAPACITY_CHANGED] for mandi [mandi-sehore-test] post-commit
2026-09-13T14:18:42.297Z  INFO 7583 --- [kisansarthi-backend] [pool-4-thread-6] com.kisansarthi.booking.BookingService   : SLOT DEBUG: slotId=slot-sehore-test-0810, bookedQuintals=736, bookedFarmers=16
2026-09-13T14:18:42.367Z  INFO 7583 --- [kisansarthi-backend] [pool-4-thread-6] com.kisansarthi.booking.BookingService   : Official Token MP-SEH-016 successfully generated and committed for farmer 9800000026 at mandi mandi-sehore-test in slot 08:00 AM - 10:00 AM
2026-09-13T14:18:42.368Z  WARN 7583 --- [kisansarthi-backend] [TaskExecutor-29] com.kisansarthi.sms.SmsService           : [SMS SERVICE] Blocked custom message dispatch in Trial mode to 9800000026: Twilio Trial accounts cannot send this custom message. Use Twilio Trial Test mode or upgrade/configure the Twilio account for production SMS.
2026-09-13T14:18:42.369Z  INFO 7583 --- [kisansarthi-backend] [pool-4-thread-6] c.kisansarthi.slot.SlotEventPublisher    : Broadcasted real-time event [BOOKING_CREATED] for mandi [mandi-sehore-test] post-commit
2026-09-13T14:18:42.369Z  INFO 7583 --- [kisansarthi-backend] [pool-4-thread-6] c.kisansarthi.slot.SlotEventPublisher    : Broadcasted real-time event [SLOT_CAPACITY_CHANGED] for mandi [mandi-sehore-test] post-commit
2026-09-13T14:18:42.370Z  INFO 7583 --- [kisansarthi-backend] [pool-4-thread-7] com.kisansarthi.booking.BookingService   : SLOT DEBUG: slotId=slot-sehore-test-0810, bookedQuintals=782, bookedFarmers=17
2026-09-13T14:18:42.377Z  INFO 7583 --- [kisansarthi-backend] [pool-4-thread-7] com.kisansarthi.booking.BookingService   : Official Token MP-SEH-017 successfully generated and committed for farmer 9800000023 at mandi mandi-sehore-test in slot 08:00 AM - 10:00 AM
2026-09-13T14:18:42.377Z  WARN 7583 --- [kisansarthi-backend] [TaskExecutor-30] com.kisansarthi.sms.SmsService           : [SMS SERVICE] Blocked custom message dispatch in Trial mode to 9800000023: Twilio Trial accounts cannot send this custom message. Use Twilio Trial Test mode or upgrade/configure the Twilio account for production SMS.
2026-09-13T14:18:42.378Z  INFO 7583 --- [kisansarthi-backend] [pool-4-thread-7] c.kisansarthi.slot.SlotEventPublisher    : Broadcasted real-time event [BOOKING_CREATED] for mandi [mandi-sehore-test] post-commit
2026-09-13T14:18:42.379Z  INFO 7583 --- [kisansarthi-backend] [pool-4-thread-7] c.kisansarthi.slot.SlotEventPublisher    : Broadcasted real-time event [SLOT_CAPACITY_CHANGED] for mandi [mandi-sehore-test] post-commit
2026-09-13T14:18:42.379Z  INFO 7583 --- [kisansarthi-backend] [pool-4-thread-2] com.kisansarthi.booking.BookingService   : SLOT DEBUG: slotId=slot-sehore-test-0810, bookedQuintals=828, bookedFarmers=18
2026-09-13T14:18:42.387Z  INFO 7583 --- [kisansarthi-backend] [pool-4-thread-2] com.kisansarthi.booking.BookingService   : Official Token MP-SEH-018 successfully generated and committed for farmer 9800000035 at mandi mandi-sehore-test in slot 08:00 AM - 10:00 AM
2026-09-13T14:18:42.387Z  WARN 7583 --- [kisansarthi-backend] [TaskExecutor-31] com.kisansarthi.sms.SmsService           : [SMS SERVICE] Blocked custom message dispatch in Trial mode to 9800000035: Twilio Trial accounts cannot send this custom message. Use Twilio Trial Test mode or upgrade/configure the Twilio account for production SMS.
2026-09-13T14:18:42.389Z  INFO 7583 --- [kisansarthi-backend] [pool-4-thread-2] c.kisansarthi.slot.SlotEventPublisher    : Broadcasted real-time event [BOOKING_CREATED] for mandi [mandi-sehore-test] post-commit
2026-09-13T14:18:42.389Z  INFO 7583 --- [kisansarthi-backend] [ool-4-thread-12] com.kisansarthi.booking.BookingService   : SLOT DEBUG: slotId=slot-sehore-test-0810, bookedQuintals=874, bookedFarmers=19
2026-09-13T14:18:42.390Z  INFO 7583 --- [kisansarthi-backend] [pool-4-thread-2] c.kisansarthi.slot.SlotEventPublisher    : Broadcasted real-time event [SLOT_CAPACITY_CHANGED] for mandi [mandi-sehore-test] post-commit
2026-09-13T14:18:42.395Z  INFO 7583 --- [kisansarthi-backend] [ool-4-thread-12] com.kisansarthi.booking.BookingService   : Official Token MP-SEH-019 successfully generated and committed for farmer 9800000025 at mandi mandi-sehore-test in slot 08:00 AM - 10:00 AM
2026-09-13T14:18:42.396Z  WARN 7583 --- [kisansarthi-backend] [TaskExecutor-32] com.kisansarthi.sms.SmsService           : [SMS SERVICE] Blocked custom message dispatch in Trial mode to 9800000025: Twilio Trial accounts cannot send this custom message. Use Twilio Trial Test mode or upgrade/configure the Twilio account for production SMS.
2026-09-13T14:18:42.397Z  INFO 7583 --- [kisansarthi-backend] [ool-4-thread-12] c.kisansarthi.slot.SlotEventPublisher    : Broadcasted real-time event [BOOKING_CREATED] for mandi [mandi-sehore-test] post-commit
2026-09-13T14:18:42.398Z  INFO 7583 --- [kisansarthi-backend] [ool-4-thread-16] com.kisansarthi.booking.BookingService   : SLOT DEBUG: slotId=slot-sehore-test-0810, bookedQuintals=920, bookedFarmers=20
2026-09-13T14:18:42.398Z  INFO 7583 --- [kisansarthi-backend] [ool-4-thread-12] c.kisansarthi.slot.SlotEventPublisher    : Broadcasted real-time event [SLOT_CAPACITY_CHANGED] for mandi [mandi-sehore-test] post-commit
2026-09-13T14:18:42.404Z  INFO 7583 --- [kisansarthi-backend] [ool-4-thread-16] com.kisansarthi.booking.BookingService   : Official Token MP-SEH-020 successfully generated and committed for farmer 9800000016 at mandi mandi-sehore-test in slot 08:00 AM - 10:00 AM
2026-09-13T14:18:42.405Z  WARN 7583 --- [kisansarthi-backend] [TaskExecutor-33] com.kisansarthi.sms.SmsService           : [SMS SERVICE] Blocked custom message dispatch in Trial mode to 9800000016: Twilio Trial accounts cannot send this custom message. Use Twilio Trial Test mode or upgrade/configure the Twilio account for production SMS.
2026-09-13T14:18:42.465Z  INFO 7583 --- [kisansarthi-backend] [ool-4-thread-16] c.kisansarthi.slot.SlotEventPublisher    : Broadcasted real-time event [BOOKING_CREATED] for mandi [mandi-sehore-test] post-commit
2026-09-13T14:18:42.465Z  INFO 7583 --- [kisansarthi-backend] [ool-4-thread-16] c.kisansarthi.slot.SlotEventPublisher    : Broadcasted real-time event [SLOT_CAPACITY_CHANGED] for mandi [mandi-sehore-test] post-commit
2026-09-13T14:18:42.464Z  INFO 7583 --- [kisansarthi-backend] [ool-4-thread-10] com.kisansarthi.booking.BookingService   : SLOT DEBUG: slotId=slot-sehore-test-0810, bookedQuintals=966, bookedFarmers=21
2026-09-13T14:18:42.474Z  INFO 7583 --- [kisansarthi-backend] [ool-4-thread-10] com.kisansarthi.booking.BookingService   : Official Token MP-SEH-021 successfully generated and committed for farmer 9800000010 at mandi mandi-sehore-test in slot 08:00 AM - 10:00 AM
2026-09-13T14:18:42.475Z  WARN 7583 --- [kisansarthi-backend] [TaskExecutor-34] com.kisansarthi.sms.SmsService           : [SMS SERVICE] Blocked custom message dispatch in Trial mode to 9800000010: Twilio Trial accounts cannot send this custom message. Use Twilio Trial Test mode or upgrade/configure the Twilio account for production SMS.
2026-09-13T14:18:42.477Z  INFO 7583 --- [kisansarthi-backend] [ool-4-thread-10] c.kisansarthi.slot.SlotEventPublisher    : Broadcasted real-time event [BOOKING_CREATED] for mandi [mandi-sehore-test] post-commit
2026-09-13T14:18:42.477Z  INFO 7583 --- [kisansarthi-backend] [ool-4-thread-10] c.kisansarthi.slot.SlotEventPublisher    : Broadcasted real-time event [SLOT_CAPACITY_CHANGED] for mandi [mandi-sehore-test] post-commit
2026-09-13T14:18:42.477Z  INFO 7583 --- [kisansarthi-backend] [ool-4-thread-12] com.kisansarthi.booking.BookingService   : SLOT DEBUG: slotId=slot-sehore-test-0810, bookedQuintals=1012, bookedFarmers=22
2026-09-13T14:18:42.483Z  INFO 7583 --- [kisansarthi-backend] [ool-4-thread-12] com.kisansarthi.booking.BookingService   : Official Token MP-SEH-022 successfully generated and committed for farmer 9800000039 at mandi mandi-sehore-test in slot 08:00 AM - 10:00 AM
2026-09-13T14:18:42.484Z  WARN 7583 --- [kisansarthi-backend] [TaskExecutor-35] com.kisansarthi.sms.SmsService           : [SMS SERVICE] Blocked custom message dispatch in Trial mode to 9800000039: Twilio Trial accounts cannot send this custom message. Use Twilio Trial Test mode or upgrade/configure the Twilio account for production SMS.
2026-09-13T14:18:42.485Z  INFO 7583 --- [kisansarthi-backend] [ool-4-thread-12] c.kisansarthi.slot.SlotEventPublisher    : Broadcasted real-time event [BOOKING_CREATED] for mandi [mandi-sehore-test] post-commit
2026-09-13T14:18:42.485Z  INFO 7583 --- [kisansarthi-backend] [ool-4-thread-12] c.kisansarthi.slot.SlotEventPublisher    : Broadcasted real-time event [SLOT_CAPACITY_CHANGED] for mandi [mandi-sehore-test] post-commit
2026-09-13T14:18:42.486Z  INFO 7583 --- [kisansarthi-backend] [ool-4-thread-13] com.kisansarthi.booking.BookingService   : SLOT DEBUG: slotId=slot-sehore-test-0810, bookedQuintals=1058, bookedFarmers=23
2026-09-13T14:18:42.492Z  INFO 7583 --- [kisansarthi-backend] [ool-4-thread-13] com.kisansarthi.booking.BookingService   : Official Token MP-SEH-023 successfully generated and committed for farmer 9800000029 at mandi mandi-sehore-test in slot 08:00 AM - 10:00 AM
2026-09-13T14:18:42.493Z  WARN 7583 --- [kisansarthi-backend] [TaskExecutor-36] com.kisansarthi.sms.SmsService           : [SMS SERVICE] Blocked custom message dispatch in Trial mode to 9800000029: Twilio Trial accounts cannot send this custom message. Use Twilio Trial Test mode or upgrade/configure the Twilio account for production SMS.
2026-09-13T14:18:42.494Z  INFO 7583 --- [kisansarthi-backend] [ool-4-thread-13] c.kisansarthi.slot.SlotEventPublisher    : Broadcasted real-time event [BOOKING_CREATED] for mandi [mandi-sehore-test] post-commit
2026-09-13T14:18:42.495Z  INFO 7583 --- [kisansarthi-backend] [ool-4-thread-13] c.kisansarthi.slot.SlotEventPublisher    : Broadcasted real-time event [SLOT_CAPACITY_CHANGED] for mandi [mandi-sehore-test] post-commit
2026-09-13T14:18:42.495Z  INFO 7583 --- [kisansarthi-backend] [ool-4-thread-16] com.kisansarthi.booking.BookingService   : SLOT DEBUG: slotId=slot-sehore-test-0810, bookedQuintals=1104, bookedFarmers=24
2026-09-13T14:18:42.501Z  WARN 7583 --- [kisansarthi-backend] [TaskExecutor-37] com.kisansarthi.sms.SmsService           : [SMS SERVICE] Blocked custom message dispatch in Trial mode to 9800000040: Twilio Trial accounts cannot send this custom message. Use Twilio Trial Test mode or upgrade/configure the Twilio account for production SMS.
2026-09-13T14:18:42.501Z  INFO 7583 --- [kisansarthi-backend] [ool-4-thread-16] com.kisansarthi.booking.BookingService   : Official Token MP-SEH-024 successfully generated and committed for farmer 9800000040 at mandi mandi-sehore-test in slot 08:00 AM - 10:00 AM
2026-09-13T14:18:42.503Z  INFO 7583 --- [kisansarthi-backend] [ool-4-thread-16] c.kisansarthi.slot.SlotEventPublisher    : Broadcasted real-time event [BOOKING_CREATED] for mandi [mandi-sehore-test] post-commit
2026-09-13T14:18:42.503Z  INFO 7583 --- [kisansarthi-backend] [ool-4-thread-16] c.kisansarthi.slot.SlotEventPublisher    : Broadcasted real-time event [SLOT_CAPACITY_CHANGED] for mandi [mandi-sehore-test] post-commit
2026-09-13T14:18:42.504Z  INFO 7583 --- [kisansarthi-backend] [ool-4-thread-17] com.kisansarthi.booking.BookingService   : SLOT DEBUG: slotId=slot-sehore-test-0810, bookedQuintals=1150, bookedFarmers=25
2026-09-13T14:18:42.568Z  INFO 7583 --- [kisansarthi-backend] [ool-4-thread-17] com.kisansarthi.booking.BookingService   : Official Token MP-SEH-025 successfully generated and committed for farmer 9800000030 at mandi mandi-sehore-test in slot 08:00 AM - 10:00 AM
2026-09-13T14:18:42.569Z  WARN 7583 --- [kisansarthi-backend] [TaskExecutor-38] com.kisansarthi.sms.SmsService           : [SMS SERVICE] Blocked custom message dispatch in Trial mode to 9800000030: Twilio Trial accounts cannot send this custom message. Use Twilio Trial Test mode or upgrade/configure the Twilio account for production SMS.
2026-09-13T14:18:42.570Z  INFO 7583 --- [kisansarthi-backend] [ool-4-thread-17] c.kisansarthi.slot.SlotEventPublisher    : Broadcasted real-time event [BOOKING_CREATED] for mandi [mandi-sehore-test] post-commit
2026-09-13T14:18:42.571Z  INFO 7583 --- [kisansarthi-backend] [ool-4-thread-18] com.kisansarthi.booking.BookingService   : SLOT DEBUG: slotId=slot-sehore-test-0810, bookedQuintals=1196, bookedFarmers=26
2026-09-13T14:18:42.571Z  INFO 7583 --- [kisansarthi-backend] [ool-4-thread-17] c.kisansarthi.slot.SlotEventPublisher    : Broadcasted real-time event [SLOT_CAPACITY_CHANGED] for mandi [mandi-sehore-test] post-commit
2026-09-13T14:18:42.578Z  INFO 7583 --- [kisansarthi-backend] [ool-4-thread-18] com.kisansarthi.booking.BookingService   : Official Token MP-SEH-026 successfully generated and committed for farmer 9800000031 at mandi mandi-sehore-test in slot 08:00 AM - 10:00 AM
2026-09-13T14:18:42.579Z  WARN 7583 --- [kisansarthi-backend] [TaskExecutor-39] com.kisansarthi.sms.SmsService           : [SMS SERVICE] Blocked custom message dispatch in Trial mode to 9800000031: Twilio Trial accounts cannot send this custom message. Use Twilio Trial Test mode or upgrade/configure the Twilio account for production SMS.
2026-09-13T14:18:42.580Z  INFO 7583 --- [kisansarthi-backend] [ool-4-thread-18] c.kisansarthi.slot.SlotEventPublisher    : Broadcasted real-time event [BOOKING_CREATED] for mandi [mandi-sehore-test] post-commit
2026-09-13T14:18:42.580Z  INFO 7583 --- [kisansarthi-backend] [ool-4-thread-18] c.kisansarthi.slot.SlotEventPublisher    : Broadcasted real-time event [SLOT_CAPACITY_CHANGED] for mandi [mandi-sehore-test] post-commit
2026-09-13T14:18:42.581Z  INFO 7583 --- [kisansarthi-backend] [pool-4-thread-5] com.kisansarthi.booking.BookingService   : SLOT DEBUG: slotId=slot-sehore-test-0810, bookedQuintals=1242, bookedFarmers=27
2026-09-13T14:18:42.590Z  INFO 7583 --- [kisansarthi-backend] [pool-4-thread-5] com.kisansarthi.booking.BookingService   : Official Token MP-SEH-027 successfully generated and committed for farmer 9800000005 at mandi mandi-sehore-test in slot 08:00 AM - 10:00 AM
2026-09-13T14:18:42.590Z  WARN 7583 --- [kisansarthi-backend] [TaskExecutor-40] com.kisansarthi.sms.SmsService           : [SMS SERVICE] Blocked custom message dispatch in Trial mode to 9800000005: Twilio Trial accounts cannot send this custom message. Use Twilio Trial Test mode or upgrade/configure the Twilio account for production SMS.
2026-09-13T14:18:42.591Z  INFO 7583 --- [kisansarthi-backend] [pool-4-thread-5] c.kisansarthi.slot.SlotEventPublisher    : Broadcasted real-time event [BOOKING_CREATED] for mandi [mandi-sehore-test] post-commit
2026-09-13T14:18:42.592Z  INFO 7583 --- [kisansarthi-backend] [pool-4-thread-5] c.kisansarthi.slot.SlotEventPublisher    : Broadcasted real-time event [SLOT_CAPACITY_CHANGED] for mandi [mandi-sehore-test] post-commit
2026-09-13T14:18:42.593Z  INFO 7583 --- [kisansarthi-backend] [ool-4-thread-19] com.kisansarthi.booking.BookingService   : SLOT DEBUG: slotId=slot-sehore-test-0810, bookedQuintals=1288, bookedFarmers=28
2026-09-13T14:18:42.664Z  INFO 7583 --- [kisansarthi-backend] [ool-4-thread-19] com.kisansarthi.booking.BookingService   : Official Token MP-SEH-028 successfully generated and committed for farmer 9800000032 at mandi mandi-sehore-test in slot 08:00 AM - 10:00 AM
2026-09-13T14:18:42.665Z  WARN 7583 --- [kisansarthi-backend] [TaskExecutor-41] com.kisansarthi.sms.SmsService           : [SMS SERVICE] Blocked custom message dispatch in Trial mode to 9800000032: Twilio Trial accounts cannot send this custom message. Use Twilio Trial Test mode or upgrade/configure the Twilio account for production SMS.
2026-09-13T14:18:42.666Z  INFO 7583 --- [kisansarthi-backend] [ool-4-thread-19] c.kisansarthi.slot.SlotEventPublisher    : Broadcasted real-time event [BOOKING_CREATED] for mandi [mandi-sehore-test] post-commit
2026-09-13T14:18:42.667Z  INFO 7583 --- [kisansarthi-backend] [ool-4-thread-19] c.kisansarthi.slot.SlotEventPublisher    : Broadcasted real-time event [SLOT_CAPACITY_CHANGED] for mandi [mandi-sehore-test] post-commit
2026-09-13T14:18:42.667Z  INFO 7583 --- [kisansarthi-backend] [pool-4-thread-4] com.kisansarthi.booking.BookingService   : SLOT DEBUG: slotId=slot-sehore-test-0810, bookedQuintals=1334, bookedFarmers=29
2026-09-13T14:18:42.674Z  INFO 7583 --- [kisansarthi-backend] [pool-4-thread-4] com.kisansarthi.booking.BookingService   : Official Token MP-SEH-029 successfully generated and committed for farmer 9800000034 at mandi mandi-sehore-test in slot 08:00 AM - 10:00 AM
2026-09-13T14:18:42.675Z  WARN 7583 --- [kisansarthi-backend] [TaskExecutor-42] com.kisansarthi.sms.SmsService           : [SMS SERVICE] Blocked custom message dispatch in Trial mode to 9800000034: Twilio Trial accounts cannot send this custom message. Use Twilio Trial Test mode or upgrade/configure the Twilio account for production SMS.
2026-09-13T14:18:42.676Z  INFO 7583 --- [kisansarthi-backend] [pool-4-thread-4] c.kisansarthi.slot.SlotEventPublisher    : Broadcasted real-time event [BOOKING_CREATED] for mandi [mandi-sehore-test] post-commit
2026-09-13T14:18:42.677Z  INFO 7583 --- [kisansarthi-backend] [pool-4-thread-6] com.kisansarthi.booking.BookingService   : SLOT DEBUG: slotId=slot-sehore-test-0810, bookedQuintals=1380, bookedFarmers=30
2026-09-13T14:18:42.680Z  INFO 7583 --- [kisansarthi-backend] [pool-4-thread-4] c.kisansarthi.slot.SlotEventPublisher    : Broadcasted real-time event [SLOT_CAPACITY_CHANGED] for mandi [mandi-sehore-test] post-commit
2026-09-13T14:18:42.685Z  INFO 7583 --- [kisansarthi-backend] [pool-4-thread-6] com.kisansarthi.booking.BookingService   : Official Token MP-SEH-030 successfully generated and committed for farmer 9800000036 at mandi mandi-sehore-test in slot 08:00 AM - 10:00 AM
2026-09-13T14:18:42.685Z  WARN 7583 --- [kisansarthi-backend] [TaskExecutor-43] com.kisansarthi.sms.SmsService           : [SMS SERVICE] Blocked custom message dispatch in Trial mode to 9800000036: Twilio Trial accounts cannot send this custom message. Use Twilio Trial Test mode or upgrade/configure the Twilio account for production SMS.
2026-09-13T14:18:42.687Z  INFO 7583 --- [kisansarthi-backend] [pool-4-thread-7] com.kisansarthi.booking.BookingService   : SLOT DEBUG: slotId=slot-sehore-test-0810, bookedQuintals=1426, bookedFarmers=31
2026-09-13T14:18:42.691Z  INFO 7583 --- [kisansarthi-backend] [pool-4-thread-6] c.kisansarthi.slot.SlotEventPublisher    : Broadcasted real-time event [BOOKING_CREATED] for mandi [mandi-sehore-test] post-commit
2026-09-13T14:18:42.691Z  INFO 7583 --- [kisansarthi-backend] [pool-4-thread-6] c.kisansarthi.slot.SlotEventPublisher    : Broadcasted real-time event [SLOT_CAPACITY_CHANGED] for mandi [mandi-sehore-test] post-commit
2026-09-13T14:18:42.694Z  INFO 7583 --- [kisansarthi-backend] [pool-4-thread-7] com.kisansarthi.booking.BookingService   : Official Token MP-SEH-031 successfully generated and committed for farmer 9800000037 at mandi mandi-sehore-test in slot 08:00 AM - 10:00 AM
2026-09-13T14:18:42.695Z  WARN 7583 --- [kisansarthi-backend] [TaskExecutor-44] com.kisansarthi.sms.SmsService           : [SMS SERVICE] Blocked custom message dispatch in Trial mode to 9800000037: Twilio Trial accounts cannot send this custom message. Use Twilio Trial Test mode or upgrade/configure the Twilio account for production SMS.
2026-09-13T14:18:42.696Z  INFO 7583 --- [kisansarthi-backend] [pool-4-thread-7] c.kisansarthi.slot.SlotEventPublisher    : Broadcasted real-time event [BOOKING_CREATED] for mandi [mandi-sehore-test] post-commit
2026-09-13T14:18:42.697Z  INFO 7583 --- [kisansarthi-backend] [ool-4-thread-14] com.kisansarthi.booking.BookingService   : SLOT DEBUG: slotId=slot-sehore-test-0810, bookedQuintals=1472, bookedFarmers=32
2026-09-13T14:18:42.697Z  INFO 7583 --- [kisansarthi-backend] [pool-4-thread-7] c.kisansarthi.slot.SlotEventPublisher    : Broadcasted real-time event [SLOT_CAPACITY_CHANGED] for mandi [mandi-sehore-test] post-commit
2026-09-13T14:18:42.765Z  INFO 7583 --- [kisansarthi-backend] [ool-4-thread-14] com.kisansarthi.booking.BookingService   : Official Token MP-SEH-032 successfully generated and committed for farmer 9800000027 at mandi mandi-sehore-test in slot 08:00 AM - 10:00 AM
2026-09-13T14:18:42.766Z  WARN 7583 --- [kisansarthi-backend] [TaskExecutor-45] com.kisansarthi.sms.SmsService           : [SMS SERVICE] Blocked custom message dispatch in Trial mode to 9800000027: Twilio Trial accounts cannot send this custom message. Use Twilio Trial Test mode or upgrade/configure the Twilio account for production SMS.
2026-09-13T14:18:42.767Z  INFO 7583 --- [kisansarthi-backend] [ool-4-thread-14] c.kisansarthi.slot.SlotEventPublisher    : Broadcasted real-time event [BOOKING_CREATED] for mandi [mandi-sehore-test] post-commit
2026-09-13T14:18:42.768Z  INFO 7583 --- [kisansarthi-backend] [ool-4-thread-14] c.kisansarthi.slot.SlotEventPublisher    : Broadcasted real-time event [SLOT_CAPACITY_CHANGED] for mandi [mandi-sehore-test] post-commit
2026-09-13T14:18:42.771Z  INFO 7583 --- [kisansarthi-backend] [pool-4-thread-2] com.kisansarthi.booking.BookingService   : SLOT DEBUG: slotId=slot-sehore-test-0810, bookedQuintals=1518, bookedFarmers=33
2026-09-13T14:18:42.780Z  INFO 7583 --- [kisansarthi-backend] [pool-4-thread-2] com.kisansarthi.booking.BookingService   : Official Token MP-SEH-033 successfully generated and committed for farmer 9800000038 at mandi mandi-sehore-test in slot 08:00 AM - 10:00 AM
2026-09-13T14:18:42.780Z  WARN 7583 --- [kisansarthi-backend] [TaskExecutor-46] com.kisansarthi.sms.SmsService           : [SMS SERVICE] Blocked custom message dispatch in Trial mode to 9800000038: Twilio Trial accounts cannot send this custom message. Use Twilio Trial Test mode or upgrade/configure the Twilio account for production SMS.
2026-09-13T14:18:42.782Z  INFO 7583 --- [kisansarthi-backend] [pool-4-thread-2] c.kisansarthi.slot.SlotEventPublisher    : Broadcasted real-time event [BOOKING_CREATED] for mandi [mandi-sehore-test] post-commit
2026-09-13T14:18:42.782Z  INFO 7583 --- [kisansarthi-backend] [pool-4-thread-2] c.kisansarthi.slot.SlotEventPublisher    : Broadcasted real-time event [SLOT_CAPACITY_CHANGED] for mandi [mandi-sehore-test] post-commit
2026-09-13T14:18:42.783Z  INFO 7583 --- [kisansarthi-backend] [ool-4-thread-14] com.kisansarthi.booking.BookingService   : SLOT DEBUG: slotId=slot-sehore-test-0810, bookedQuintals=1564, bookedFarmers=34
2026-09-13T14:18:42.789Z  INFO 7583 --- [kisansarthi-backend] [ool-4-thread-14] com.kisansarthi.booking.BookingService   : Official Token MP-SEH-034 successfully generated and committed for farmer 9800000052 at mandi mandi-sehore-test in slot 08:00 AM - 10:00 AM
2026-09-13T14:18:42.791Z  INFO 7583 --- [kisansarthi-backend] [ool-4-thread-14] c.kisansarthi.slot.SlotEventPublisher    : Broadcasted real-time event [BOOKING_CREATED] for mandi [mandi-sehore-test] post-commit
2026-09-13T14:18:42.791Z  INFO 7583 --- [kisansarthi-backend] [ool-4-thread-14] c.kisansarthi.slot.SlotEventPublisher    : Broadcasted real-time event [SLOT_CAPACITY_CHANGED] for mandi [mandi-sehore-test] post-commit
2026-09-13T14:18:42.802Z  INFO 7583 --- [kisansarthi-backend] [ool-4-thread-14] com.kisansarthi.booking.BookingService   : SLOT DEBUG: slotId=slot-sehore-test-0810, bookedQuintals=1610, bookedFarmers=35
2026-09-13T14:18:42.805Z  WARN 7583 --- [kisansarthi-backend] [TaskExecutor-47] com.kisansarthi.sms.SmsService           : [SMS SERVICE] Blocked custom message dispatch in Trial mode to 9800000052: Twilio Trial accounts cannot send this custom message. Use Twilio Trial Test mode or upgrade/configure the Twilio account for production SMS.
2026-09-13T14:18:42.811Z  INFO 7583 --- [kisansarthi-backend] [ool-4-thread-14] com.kisansarthi.booking.BookingService   : Official Token MP-SEH-035 successfully generated and committed for farmer 9800000054 at mandi mandi-sehore-test in slot 08:00 AM - 10:00 AM
2026-09-13T14:18:42.811Z  WARN 7583 --- [kisansarthi-backend] [TaskExecutor-48] com.kisansarthi.sms.SmsService           : [SMS SERVICE] Blocked custom message dispatch in Trial mode to 9800000054: Twilio Trial accounts cannot send this custom message. Use Twilio Trial Test mode or upgrade/configure the Twilio account for production SMS.
2026-09-13T14:18:42.813Z  INFO 7583 --- [kisansarthi-backend] [ool-4-thread-14] c.kisansarthi.slot.SlotEventPublisher    : Broadcasted real-time event [BOOKING_CREATED] for mandi [mandi-sehore-test] post-commit
2026-09-13T14:18:42.815Z  INFO 7583 --- [kisansarthi-backend] [pool-4-thread-2] com.kisansarthi.booking.BookingService   : SLOT DEBUG: slotId=slot-sehore-test-0810, bookedQuintals=1656, bookedFarmers=36
2026-09-13T14:18:42.815Z  INFO 7583 --- [kisansarthi-backend] [ool-4-thread-14] c.kisansarthi.slot.SlotEventPublisher    : Broadcasted real-time event [SLOT_CAPACITY_CHANGED] for mandi [mandi-sehore-test] post-commit
2026-09-13T14:18:42.866Z  INFO 7583 --- [kisansarthi-backend] [pool-4-thread-2] com.kisansarthi.booking.BookingService   : Official Token MP-SEH-036 successfully generated and committed for farmer 9800000053 at mandi mandi-sehore-test in slot 08:00 AM - 10:00 AM
2026-09-13T14:18:42.866Z  WARN 7583 --- [kisansarthi-backend] [TaskExecutor-49] com.kisansarthi.sms.SmsService           : [SMS SERVICE] Blocked custom message dispatch in Trial mode to 9800000053: Twilio Trial accounts cannot send this custom message. Use Twilio Trial Test mode or upgrade/configure the Twilio account for production SMS.
2026-09-13T14:18:42.868Z  INFO 7583 --- [kisansarthi-backend] [pool-4-thread-2] c.kisansarthi.slot.SlotEventPublisher    : Broadcasted real-time event [BOOKING_CREATED] for mandi [mandi-sehore-test] post-commit
2026-09-13T14:18:42.868Z  INFO 7583 --- [kisansarthi-backend] [pool-4-thread-2] c.kisansarthi.slot.SlotEventPublisher    : Broadcasted real-time event [SLOT_CAPACITY_CHANGED] for mandi [mandi-sehore-test] post-commit
2026-09-13T14:18:42.869Z  INFO 7583 --- [kisansarthi-backend] [ool-4-thread-20] com.kisansarthi.booking.BookingService   : SLOT DEBUG: slotId=slot-sehore-test-0810, bookedQuintals=1702, bookedFarmers=37
2026-09-13T14:18:42.876Z  INFO 7583 --- [kisansarthi-backend] [ool-4-thread-20] com.kisansarthi.booking.BookingService   : Official Token MP-SEH-037 successfully generated and committed for farmer 9800000033 at mandi mandi-sehore-test in slot 08:00 AM - 10:00 AM
2026-09-13T14:18:42.877Z  WARN 7583 --- [kisansarthi-backend] [TaskExecutor-50] com.kisansarthi.sms.SmsService           : [SMS SERVICE] Blocked custom message dispatch in Trial mode to 9800000033: Twilio Trial accounts cannot send this custom message. Use Twilio Trial Test mode or upgrade/configure the Twilio account for production SMS.
2026-09-13T14:18:42.878Z  INFO 7583 --- [kisansarthi-backend] [ool-4-thread-20] c.kisansarthi.slot.SlotEventPublisher    : Broadcasted real-time event [BOOKING_CREATED] for mandi [mandi-sehore-test] post-commit
2026-09-13T14:18:42.878Z  INFO 7583 --- [kisansarthi-backend] [ool-4-thread-20] c.kisansarthi.slot.SlotEventPublisher    : Broadcasted real-time event [SLOT_CAPACITY_CHANGED] for mandi [mandi-sehore-test] post-commit
2026-09-13T14:18:42.879Z  INFO 7583 --- [kisansarthi-backend] [ool-4-thread-13] com.kisansarthi.booking.BookingService   : SLOT DEBUG: slotId=slot-sehore-test-0810, bookedQuintals=1748, bookedFarmers=38
2026-09-13T14:18:42.885Z  INFO 7583 --- [kisansarthi-backend] [ool-4-thread-13] com.kisansarthi.booking.BookingService   : Official Token MP-SEH-038 successfully generated and committed for farmer 9800000043 at mandi mandi-sehore-test in slot 08:00 AM - 10:00 AM
2026-09-13T14:18:42.886Z  WARN 7583 --- [kisansarthi-backend] [TaskExecutor-51] com.kisansarthi.sms.SmsService           : [SMS SERVICE] Blocked custom message dispatch in Trial mode to 9800000043: Twilio Trial accounts cannot send this custom message. Use Twilio Trial Test mode or upgrade/configure the Twilio account for production SMS.
2026-09-13T14:18:42.887Z  INFO 7583 --- [kisansarthi-backend] [ool-4-thread-13] c.kisansarthi.slot.SlotEventPublisher    : Broadcasted real-time event [BOOKING_CREATED] for mandi [mandi-sehore-test] post-commit
2026-09-13T14:18:42.887Z  INFO 7583 --- [kisansarthi-backend] [ool-4-thread-13] c.kisansarthi.slot.SlotEventPublisher    : Broadcasted real-time event [SLOT_CAPACITY_CHANGED] for mandi [mandi-sehore-test] post-commit
2026-09-13T14:18:42.888Z  INFO 7583 --- [kisansarthi-backend] [ool-4-thread-16] com.kisansarthi.booking.BookingService   : SLOT DEBUG: slotId=slot-sehore-test-0810, bookedQuintals=1794, bookedFarmers=39
2026-09-13T14:18:42.894Z  INFO 7583 --- [kisansarthi-backend] [ool-4-thread-16] com.kisansarthi.booking.BookingService   : Official Token MP-SEH-039 successfully generated and committed for farmer 9800000044 at mandi mandi-sehore-test in slot 08:00 AM - 10:00 AM
2026-09-13T14:18:42.895Z  WARN 7583 --- [kisansarthi-backend] [TaskExecutor-52] com.kisansarthi.sms.SmsService           : [SMS SERVICE] Blocked custom message dispatch in Trial mode to 9800000044: Twilio Trial accounts cannot send this custom message. Use Twilio Trial Test mode or upgrade/configure the Twilio account for production SMS.
2026-09-13T14:18:42.896Z  INFO 7583 --- [kisansarthi-backend] [ool-4-thread-16] c.kisansarthi.slot.SlotEventPublisher    : Broadcasted real-time event [BOOKING_CREATED] for mandi [mandi-sehore-test] post-commit
2026-09-13T14:18:42.897Z  INFO 7583 --- [kisansarthi-backend] [ool-4-thread-16] c.kisansarthi.slot.SlotEventPublisher    : Broadcasted real-time event [SLOT_CAPACITY_CHANGED] for mandi [mandi-sehore-test] post-commit
2026-09-13T14:18:42.897Z  INFO 7583 --- [kisansarthi-backend] [ool-4-thread-17] com.kisansarthi.booking.BookingService   : SLOT DEBUG: slotId=slot-sehore-test-0810, bookedQuintals=1840, bookedFarmers=40
2026-09-13T14:18:42.905Z  INFO 7583 --- [kisansarthi-backend] [ool-4-thread-17] com.kisansarthi.booking.BookingService   : Official Token MP-SEH-040 successfully generated and committed for farmer 9800000045 at mandi mandi-sehore-test in slot 08:00 AM - 10:00 AM
2026-09-13T14:18:42.965Z  WARN 7583 --- [kisansarthi-backend] [TaskExecutor-53] com.kisansarthi.sms.SmsService           : [SMS SERVICE] Blocked custom message dispatch in Trial mode to 9800000045: Twilio Trial accounts cannot send this custom message. Use Twilio Trial Test mode or upgrade/configure the Twilio account for production SMS.
2026-09-13T14:18:42.965Z  INFO 7583 --- [kisansarthi-backend] [ool-4-thread-17] c.kisansarthi.slot.SlotEventPublisher    : Broadcasted real-time event [BOOKING_CREATED] for mandi [mandi-sehore-test] post-commit
2026-09-13T14:18:42.966Z  INFO 7583 --- [kisansarthi-backend] [pool-4-thread-8] com.kisansarthi.booking.BookingService   : SLOT DEBUG: slotId=slot-sehore-test-0810, bookedQuintals=1886, bookedFarmers=41
2026-09-13T14:18:42.966Z  INFO 7583 --- [kisansarthi-backend] [ool-4-thread-17] c.kisansarthi.slot.SlotEventPublisher    : Broadcasted real-time event [SLOT_CAPACITY_CHANGED] for mandi [mandi-sehore-test] post-commit
2026-09-13T14:18:42.976Z  INFO 7583 --- [kisansarthi-backend] [pool-4-thread-8] com.kisansarthi.booking.BookingService   : Official Token MP-SEH-041 successfully generated and committed for farmer 9800000008 at mandi mandi-sehore-test in slot 08:00 AM - 10:00 AM
2026-09-13T14:18:42.976Z  WARN 7583 --- [kisansarthi-backend] [TaskExecutor-54] com.kisansarthi.sms.SmsService           : [SMS SERVICE] Blocked custom message dispatch in Trial mode to 9800000008: Twilio Trial accounts cannot send this custom message. Use Twilio Trial Test mode or upgrade/configure the Twilio account for production SMS.
2026-09-13T14:18:42.977Z  INFO 7583 --- [kisansarthi-backend] [pool-4-thread-8] c.kisansarthi.slot.SlotEventPublisher    : Broadcasted real-time event [BOOKING_CREATED] for mandi [mandi-sehore-test] post-commit
2026-09-13T14:18:42.978Z  INFO 7583 --- [kisansarthi-backend] [pool-4-thread-8] c.kisansarthi.slot.SlotEventPublisher    : Broadcasted real-time event [SLOT_CAPACITY_CHANGED] for mandi [mandi-sehore-test] post-commit
2026-09-13T14:18:42.979Z  INFO 7583 --- [kisansarthi-backend] [ool-4-thread-18] com.kisansarthi.booking.BookingService   : SLOT DEBUG: slotId=slot-sehore-test-0810, bookedQuintals=1932, bookedFarmers=42
2026-09-13T14:18:42.986Z  INFO 7583 --- [kisansarthi-backend] [ool-4-thread-18] com.kisansarthi.booking.BookingService   : Official Token MP-SEH-042 successfully generated and committed for farmer 9800000046 at mandi mandi-sehore-test in slot 08:00 AM - 10:00 AM
2026-09-13T14:18:42.987Z  WARN 7583 --- [kisansarthi-backend] [TaskExecutor-55] com.kisansarthi.sms.SmsService           : [SMS SERVICE] Blocked custom message dispatch in Trial mode to 9800000046: Twilio Trial accounts cannot send this custom message. Use Twilio Trial Test mode or upgrade/configure the Twilio account for production SMS.
2026-09-13T14:18:42.988Z  INFO 7583 --- [kisansarthi-backend] [ool-4-thread-18] c.kisansarthi.slot.SlotEventPublisher    : Broadcasted real-time event [BOOKING_CREATED] for mandi [mandi-sehore-test] post-commit
2026-09-13T14:18:42.988Z  INFO 7583 --- [kisansarthi-backend] [ool-4-thread-18] c.kisansarthi.slot.SlotEventPublisher    : Broadcasted real-time event [SLOT_CAPACITY_CHANGED] for mandi [mandi-sehore-test] post-commit
2026-09-13T14:18:42.989Z  INFO 7583 --- [kisansarthi-backend] [ool-4-thread-17] com.kisansarthi.booking.BookingService   : SLOT DEBUG: slotId=slot-sehore-test-0810, bookedQuintals=1978, bookedFarmers=43
2026-09-13T14:18:42.996Z  INFO 7583 --- [kisansarthi-backend] [ool-4-thread-17] com.kisansarthi.booking.BookingService   : Official Token MP-SEH-043 successfully generated and committed for farmer 9800000060 at mandi mandi-sehore-test in slot 08:00 AM - 10:00 AM
2026-09-13T14:18:42.997Z  WARN 7583 --- [kisansarthi-backend] [TaskExecutor-56] com.kisansarthi.sms.SmsService           : [SMS SERVICE] Blocked custom message dispatch in Trial mode to 9800000060: Twilio Trial accounts cannot send this custom message. Use Twilio Trial Test mode or upgrade/configure the Twilio account for production SMS.
2026-09-13T14:18:42.998Z  INFO 7583 --- [kisansarthi-backend] [ool-4-thread-17] c.kisansarthi.slot.SlotEventPublisher    : Broadcasted real-time event [BOOKING_CREATED] for mandi [mandi-sehore-test] post-commit
2026-09-13T14:18:42.998Z  INFO 7583 --- [kisansarthi-backend] [ool-4-thread-17] c.kisansarthi.slot.SlotEventPublisher    : Broadcasted real-time event [SLOT_CAPACITY_CHANGED] for mandi [mandi-sehore-test] post-commit
2026-09-13T14:18:42.999Z  INFO 7583 --- [kisansarthi-backend] [ool-4-thread-19] com.kisansarthi.booking.BookingService   : SLOT DEBUG: slotId=slot-sehore-test-0810, bookedQuintals=2024, bookedFarmers=44
2026-09-13T14:18:43.006Z  INFO 7583 --- [kisansarthi-backend] [ool-4-thread-19] com.kisansarthi.booking.BookingService   : Official Token MP-SEH-044 successfully generated and committed for farmer 9800000048 at mandi mandi-sehore-test in slot 08:00 AM - 10:00 AM
2026-09-13T14:18:43.007Z  WARN 7583 --- [kisansarthi-backend] [TaskExecutor-57] com.kisansarthi.sms.SmsService           : [SMS SERVICE] Blocked custom message dispatch in Trial mode to 9800000048: Twilio Trial accounts cannot send this custom message. Use Twilio Trial Test mode or upgrade/configure the Twilio account for production SMS.
2026-09-13T14:18:43.008Z  INFO 7583 --- [kisansarthi-backend] [ool-4-thread-19] c.kisansarthi.slot.SlotEventPublisher    : Broadcasted real-time event [BOOKING_CREATED] for mandi [mandi-sehore-test] post-commit
2026-09-13T14:18:43.065Z  INFO 7583 --- [kisansarthi-backend] [ool-4-thread-19] c.kisansarthi.slot.SlotEventPublisher    : Broadcasted real-time event [SLOT_CAPACITY_CHANGED] for mandi [mandi-sehore-test] post-commit
[...]
2026-09-13T14:18:43.979Z  INFO 7583 --- [kisansarthi-backend] [pool-4-thread-4] com.kisansarthi.booking.BookingService   : Official Token MP-SEH-087 successfully generated and committed for farmer 9800000066 at mandi mandi-sehore-test in slot 08:00 AM - 10:00 AM
2026-09-13T14:18:43.980Z  WARN 7583 --- [kisansarthi-backend] [askExecutor-100] com.kisansarthi.sms.SmsService           : [SMS SERVICE] Blocked custom message dispatch in Trial mode to 9800000066: Twilio Trial accounts cannot send this custom message. Use Twilio Trial Test mode or upgrade/configure the Twilio account for production SMS.
2026-09-13T14:18:43.980Z  INFO 7583 --- [kisansarthi-backend] [pool-4-thread-4] c.kisansarthi.slot.SlotEventPublisher    : Broadcasted real-time event [BOOKING_CREATED] for mandi [mandi-sehore-test] post-commit
2026-09-13T14:18:43.981Z  INFO 7583 --- [kisansarthi-backend] [pool-4-thread-4] c.kisansarthi.slot.SlotEventPublisher    : Broadcasted real-time event [SLOT_CAPACITY_CHANGED] for mandi [mandi-sehore-test] post-commit
2026-09-13T14:18:43.981Z  INFO 7583 --- [kisansarthi-backend] [pool-4-thread-2] com.kisansarthi.booking.BookingService   : SLOT DEBUG: slotId=slot-sehore-test-0810, bookedQuintals=4048, bookedFarmers=88
2026-09-13T14:18:43.986Z  INFO 7583 --- [kisansarthi-backend] [pool-4-thread-2] com.kisansarthi.booking.BookingService   : Official Token MP-SEH-088 successfully generated and committed for farmer 9800000092 at mandi mandi-sehore-test in slot 08:00 AM - 10:00 AM
2026-09-13T14:18:43.987Z  WARN 7583 --- [kisansarthi-backend] [askExecutor-101] com.kisansarthi.sms.SmsService           : [SMS SERVICE] Blocked custom message dispatch in Trial mode to 9800000092: Twilio Trial accounts cannot send this custom message. Use Twilio Trial Test mode or upgrade/configure the Twilio account for production SMS.
2026-09-13T14:18:43.988Z  INFO 7583 --- [kisansarthi-backend] [pool-4-thread-2] c.kisansarthi.slot.SlotEventPublisher    : Broadcasted real-time event [BOOKING_CREATED] for mandi [mandi-sehore-test] post-commit
2026-09-13T14:18:43.988Z  INFO 7583 --- [kisansarthi-backend] [pool-4-thread-2] c.kisansarthi.slot.SlotEventPublisher    : Broadcasted real-time event [SLOT_CAPACITY_CHANGED] for mandi [mandi-sehore-test] post-commit
2026-09-13T14:18:43.988Z  INFO 7583 --- [kisansarthi-backend] [ool-4-thread-17] com.kisansarthi.booking.BookingService   : SLOT DEBUG: slotId=slot-sehore-test-0810, bookedQuintals=4094, bookedFarmers=89
2026-09-13T14:18:43.994Z  INFO 7583 --- [kisansarthi-backend] [ool-4-thread-17] com.kisansarthi.booking.BookingService   : Official Token MP-SEH-089 successfully generated and committed for farmer 9800000093 at mandi mandi-sehore-test in slot 08:00 AM - 10:00 AM
2026-09-13T14:18:43.994Z  WARN 7583 --- [kisansarthi-backend] [askExecutor-102] com.kisansarthi.sms.SmsService           : [SMS SERVICE] Blocked custom message dispatch in Trial mode to 9800000093: Twilio Trial accounts cannot send this custom message. Use Twilio Trial Test mode or upgrade/configure the Twilio account for production SMS.
2026-09-13T14:18:43.995Z  INFO 7583 --- [kisansarthi-backend] [ool-4-thread-17] c.kisansarthi.slot.SlotEventPublisher    : Broadcasted real-time event [BOOKING_CREATED] for mandi [mandi-sehore-test] post-commit
2026-09-13T14:18:43.995Z  INFO 7583 --- [kisansarthi-backend] [ool-4-thread-17] c.kisansarthi.slot.SlotEventPublisher    : Broadcasted real-time event [SLOT_CAPACITY_CHANGED] for mandi [mandi-sehore-test] post-commit
2026-09-13T14:18:43.996Z  INFO 7583 --- [kisansarthi-backend] [pool-4-thread-9] com.kisansarthi.booking.BookingService   : SLOT DEBUG: slotId=slot-sehore-test-0810, bookedQuintals=4140, bookedFarmers=90
2026-09-13T14:18:44.000Z  INFO 7583 --- [kisansarthi-backend] [pool-4-thread-9] com.kisansarthi.booking.BookingService   : Official Token MP-SEH-090 successfully generated and committed for farmer 9800000094 at mandi mandi-sehore-test in slot 08:00 AM - 10:00 AM
2026-09-13T14:18:44.001Z  WARN 7583 --- [kisansarthi-backend] [askExecutor-103] com.kisansarthi.sms.SmsService           : [SMS SERVICE] Blocked custom message dispatch in Trial mode to 9800000094: Twilio Trial accounts cannot send this custom message. Use Twilio Trial Test mode or upgrade/configure the Twilio account for production SMS.
2026-09-13T14:18:44.002Z  INFO 7583 --- [kisansarthi-backend] [pool-4-thread-9] c.kisansarthi.slot.SlotEventPublisher    : Broadcasted real-time event [BOOKING_CREATED] for mandi [mandi-sehore-test] post-commit
2026-09-13T14:18:44.002Z  INFO 7583 --- [kisansarthi-backend] [pool-4-thread-9] c.kisansarthi.slot.SlotEventPublisher    : Broadcasted real-time event [SLOT_CAPACITY_CHANGED] for mandi [mandi-sehore-test] post-commit
2026-09-13T14:18:44.002Z  INFO 7583 --- [kisansarthi-backend] [ool-4-thread-18] com.kisansarthi.booking.BookingService   : SLOT DEBUG: slotId=slot-sehore-test-0810, bookedQuintals=4186, bookedFarmers=91
2026-09-13T14:18:44.066Z  INFO 7583 --- [kisansarthi-backend] [ool-4-thread-18] com.kisansarthi.booking.BookingService   : Official Token MP-SEH-091 successfully generated and committed for farmer 9800000095 at mandi mandi-sehore-test in slot 08:00 AM - 10:00 AM
2026-09-13T14:18:44.067Z  WARN 7583 --- [kisansarthi-backend] [askExecutor-104] com.kisansarthi.sms.SmsService           : [SMS SERVICE] Blocked custom message dispatch in Trial mode to 9800000095: Twilio Trial accounts cannot send this custom message. Use Twilio Trial Test mode or upgrade/configure the Twilio account for production SMS.
2026-09-13T14:18:44.067Z  INFO 7583 --- [kisansarthi-backend] [ool-4-thread-18] c.kisansarthi.slot.SlotEventPublisher    : Broadcasted real-time event [BOOKING_CREATED] for mandi [mandi-sehore-test] post-commit
2026-09-13T14:18:44.068Z  INFO 7583 --- [kisansarthi-backend] [ool-4-thread-18] c.kisansarthi.slot.SlotEventPublisher    : Broadcasted real-time event [SLOT_CAPACITY_CHANGED] for mandi [mandi-sehore-test] post-commit
2026-09-13T14:18:44.068Z  INFO 7583 --- [kisansarthi-backend] [pool-4-thread-1] com.kisansarthi.booking.BookingService   : SLOT DEBUG: slotId=slot-sehore-test-0810, bookedQuintals=4232, bookedFarmers=92
2026-09-13T14:18:44.076Z  INFO 7583 --- [kisansarthi-backend] [pool-4-thread-1] com.kisansarthi.booking.BookingService   : Official Token MP-SEH-092 successfully generated and committed for farmer 9800000079 at mandi mandi-sehore-test in slot 08:00 AM - 10:00 AM
2026-09-13T14:18:44.077Z  INFO 7583 --- [kisansarthi-backend] [pool-4-thread-1] c.kisansarthi.slot.SlotEventPublisher    : Broadcasted real-time event [BOOKING_CREATED] for mandi [mandi-sehore-test] post-commit
2026-09-13T14:18:44.077Z  INFO 7583 --- [kisansarthi-backend] [pool-4-thread-1] c.kisansarthi.slot.SlotEventPublisher    : Broadcasted real-time event [SLOT_CAPACITY_CHANGED] for mandi [mandi-sehore-test] post-commit
2026-09-13T14:18:44.080Z  INFO 7583 --- [kisansarthi-backend] [ool-4-thread-12] com.kisansarthi.booking.BookingService   : SLOT DEBUG: slotId=slot-sehore-test-0810, bookedQuintals=4278, bookedFarmers=93
2026-09-13T14:18:44.085Z  INFO 7583 --- [kisansarthi-backend] [ool-4-thread-12] com.kisansarthi.booking.BookingService   : Official Token MP-SEH-093 successfully generated and committed for farmer 9800000084 at mandi mandi-sehore-test in slot 08:00 AM - 10:00 AM
2026-09-13T14:18:44.086Z  INFO 7583 --- [kisansarthi-backend] [ool-4-thread-12] c.kisansarthi.slot.SlotEventPublisher    : Broadcasted real-time event [BOOKING_CREATED] for mandi [mandi-sehore-test] post-commit
2026-09-13T14:18:44.086Z  INFO 7583 --- [kisansarthi-backend] [ool-4-thread-12] c.kisansarthi.slot.SlotEventPublisher    : Broadcasted real-time event [SLOT_CAPACITY_CHANGED] for mandi [mandi-sehore-test] post-commit
2026-09-13T14:18:44.087Z  WARN 7583 --- [kisansarthi-backend] [askExecutor-105] com.kisansarthi.sms.SmsService           : [SMS SERVICE] Blocked custom message dispatch in Trial mode to 9800000079: Twilio Trial accounts cannot send this custom message. Use Twilio Trial Test mode or upgrade/configure the Twilio account for production SMS.
2026-09-13T14:18:44.089Z  INFO 7583 --- [kisansarthi-backend] [ool-4-thread-14] com.kisansarthi.booking.BookingService   : SLOT DEBUG: slotId=slot-sehore-test-0810, bookedQuintals=4324, bookedFarmers=94
2026-09-13T14:18:44.094Z  INFO 7583 --- [kisansarthi-backend] [ool-4-thread-14] com.kisansarthi.booking.BookingService   : Official Token MP-SEH-094 successfully generated and committed for farmer 9800000085 at mandi mandi-sehore-test in slot 08:00 AM - 10:00 AM
2026-09-13T14:18:44.095Z  INFO 7583 --- [kisansarthi-backend] [ool-4-thread-14] c.kisansarthi.slot.SlotEventPublisher    : Broadcasted real-time event [BOOKING_CREATED] for mandi [mandi-sehore-test] post-commit
2026-09-13T14:18:44.095Z  INFO 7583 --- [kisansarthi-backend] [ool-4-thread-14] c.kisansarthi.slot.SlotEventPublisher    : Broadcasted real-time event [SLOT_CAPACITY_CHANGED] for mandi [mandi-sehore-test] post-commit
2026-09-13T14:18:44.097Z  INFO 7583 --- [kisansarthi-backend] [pool-4-thread-8] com.kisansarthi.booking.BookingService   : SLOT DEBUG: slotId=slot-sehore-test-0810, bookedQuintals=4370, bookedFarmers=95
2026-09-13T14:18:44.101Z  WARN 7583 --- [kisansarthi-backend] [askExecutor-107] com.kisansarthi.sms.SmsService           : [SMS SERVICE] Blocked custom message dispatch in Trial mode to 9800000085: Twilio Trial accounts cannot send this custom message. Use Twilio Trial Test mode or upgrade/configure the Twilio account for production SMS.
2026-09-13T14:18:44.101Z  WARN 7583 --- [kisansarthi-backend] [askExecutor-106] com.kisansarthi.sms.SmsService           : [SMS SERVICE] Blocked custom message dispatch in Trial mode to 9800000084: Twilio Trial accounts cannot send this custom message. Use Twilio Trial Test mode or upgrade/configure the Twilio account for production SMS.
2026-09-13T14:18:44.103Z  INFO 7583 --- [kisansarthi-backend] [pool-4-thread-8] com.kisansarthi.booking.BookingService   : Official Token MP-SEH-095 successfully generated and committed for farmer 9800000100 at mandi mandi-sehore-test in slot 08:00 AM - 10:00 AM
2026-09-13T14:18:44.103Z  WARN 7583 --- [kisansarthi-backend] [askExecutor-108] com.kisansarthi.sms.SmsService           : [SMS SERVICE] Blocked custom message dispatch in Trial mode to 9800000100: Twilio Trial accounts cannot send this custom message. Use Twilio Trial Test mode or upgrade/configure the Twilio account for production SMS.
2026-09-13T14:18:44.104Z  INFO 7583 --- [kisansarthi-backend] [pool-4-thread-8] c.kisansarthi.slot.SlotEventPublisher    : Broadcasted real-time event [BOOKING_CREATED] for mandi [mandi-sehore-test] post-commit
2026-09-13T14:18:44.104Z  INFO 7583 --- [kisansarthi-backend] [pool-4-thread-8] c.kisansarthi.slot.SlotEventPublisher    : Broadcasted real-time event [SLOT_CAPACITY_CHANGED] for mandi [mandi-sehore-test] post-commit
2026-09-13T14:18:44.105Z  INFO 7583 --- [kisansarthi-backend] [pool-4-thread-5] com.kisansarthi.booking.BookingService   : SLOT DEBUG: slotId=slot-sehore-test-0810, bookedQuintals=4416, bookedFarmers=96
2026-09-13T14:18:44.110Z  INFO 7583 --- [kisansarthi-backend] [pool-4-thread-5] com.kisansarthi.booking.BookingService   : Official Token MP-SEH-096 successfully generated and committed for farmer 9800000083 at mandi mandi-sehore-test in slot 08:00 AM - 10:00 AM
2026-09-13T14:18:44.111Z  WARN 7583 --- [kisansarthi-backend] [askExecutor-109] com.kisansarthi.sms.SmsService           : [SMS SERVICE] Blocked custom message dispatch in Trial mode to 9800000083: Twilio Trial accounts cannot send this custom message. Use Twilio Trial Test mode or upgrade/configure the Twilio account for production SMS.
2026-09-13T14:18:44.112Z  INFO 7583 --- [kisansarthi-backend] [pool-4-thread-5] c.kisansarthi.slot.SlotEventPublisher    : Broadcasted real-time event [BOOKING_CREATED] for mandi [mandi-sehore-test] post-commit
2026-09-13T14:18:44.113Z  INFO 7583 --- [kisansarthi-backend] [pool-4-thread-5] c.kisansarthi.slot.SlotEventPublisher    : Broadcasted real-time event [SLOT_CAPACITY_CHANGED] for mandi [mandi-sehore-test] post-commit
2026-09-13T14:18:44.113Z  INFO 7583 --- [kisansarthi-backend] [ool-4-thread-11] com.kisansarthi.booking.BookingService   : SLOT DEBUG: slotId=slot-sehore-test-0810, bookedQuintals=4462, bookedFarmers=97
2026-09-13T14:18:44.119Z  INFO 7583 --- [kisansarthi-backend] [ool-4-thread-11] com.kisansarthi.booking.BookingService   : Official Token MP-SEH-097 successfully generated and committed for farmer 9800000024 at mandi mandi-sehore-test in slot 08:00 AM - 10:00 AM
2026-09-13T14:18:44.119Z  WARN 7583 --- [kisansarthi-backend] [askExecutor-110] com.kisansarthi.sms.SmsService           : [SMS SERVICE] Blocked custom message dispatch in Trial mode to 9800000024: Twilio Trial accounts cannot send this custom message. Use Twilio Trial Test mode or upgrade/configure the Twilio account for production SMS.
2026-09-13T14:18:44.120Z  INFO 7583 --- [kisansarthi-backend] [ool-4-thread-11] c.kisansarthi.slot.SlotEventPublisher    : Broadcasted real-time event [BOOKING_CREATED] for mandi [mandi-sehore-test] post-commit
2026-09-13T14:18:44.120Z  INFO 7583 --- [kisansarthi-backend] [ool-4-thread-11] c.kisansarthi.slot.SlotEventPublisher    : Broadcasted real-time event [SLOT_CAPACITY_CHANGED] for mandi [mandi-sehore-test] post-commit
2026-09-13T14:18:44.121Z  INFO 7583 --- [kisansarthi-backend] [ool-4-thread-16] com.kisansarthi.booking.BookingService   : SLOT DEBUG: slotId=slot-sehore-test-0810, bookedQuintals=4508, bookedFarmers=98
2026-09-13T14:18:44.170Z  INFO 7583 --- [kisansarthi-backend] [ool-4-thread-16] com.kisansarthi.booking.BookingService   : Official Token MP-SEH-098 successfully generated and committed for farmer 9800000074 at mandi mandi-sehore-test in slot 08:00 AM - 10:00 AM
2026-09-13T14:18:44.170Z  WARN 7583 --- [kisansarthi-backend] [askExecutor-111] com.kisansarthi.sms.SmsService           : [SMS SERVICE] Blocked custom message dispatch in Trial mode to 9800000074: Twilio Trial accounts cannot send this custom message. Use Twilio Trial Test mode or upgrade/configure the Twilio account for production SMS.
2026-09-13T14:18:44.171Z  INFO 7583 --- [kisansarthi-backend] [ool-4-thread-16] c.kisansarthi.slot.SlotEventPublisher    : Broadcasted real-time event [BOOKING_CREATED] for mandi [mandi-sehore-test] post-commit
2026-09-13T14:18:44.171Z  INFO 7583 --- [kisansarthi-backend] [ool-4-thread-16] c.kisansarthi.slot.SlotEventPublisher    : Broadcasted real-time event [SLOT_CAPACITY_CHANGED] for mandi [mandi-sehore-test] post-commit
2026-09-13T14:18:44.172Z  INFO 7583 --- [kisansarthi-backend] [ool-4-thread-10] com.kisansarthi.booking.BookingService   : SLOT DEBUG: slotId=slot-sehore-test-0810, bookedQuintals=4554, bookedFarmers=99
2026-09-13T14:18:44.180Z  INFO 7583 --- [kisansarthi-backend] [ool-4-thread-10] com.kisansarthi.booking.BookingService   : Official Token MP-SEH-099 successfully generated and committed for farmer 9800000041 at mandi mandi-sehore-test in slot 08:00 AM - 10:00 AM
2026-09-13T14:18:44.180Z  WARN 7583 --- [kisansarthi-backend] [askExecutor-112] com.kisansarthi.sms.SmsService           : [SMS SERVICE] Blocked custom message dispatch in Trial mode to 9800000041: Twilio Trial accounts cannot send this custom message. Use Twilio Trial Test mode or upgrade/configure the Twilio account for production SMS.
2026-09-13T14:18:44.181Z  INFO 7583 --- [kisansarthi-backend] [ool-4-thread-10] c.kisansarthi.slot.SlotEventPublisher    : Broadcasted real-time event [BOOKING_CREATED] for mandi [mandi-sehore-test] post-commit
2026-09-13T14:18:44.182Z  INFO 7583 --- [kisansarthi-backend] [ool-4-thread-10] c.kisansarthi.slot.SlotEventPublisher    : Broadcasted real-time event [SLOT_CAPACITY_CHANGED] for mandi [mandi-sehore-test] post-commit
2026-09-13T14:18:44.183Z  INFO 7583 --- [kisansarthi-backend] [ool-4-thread-19] com.kisansarthi.booking.BookingService   : SLOT DEBUG: slotId=slot-sehore-test-0810, bookedQuintals=4600, bookedFarmers=100
2026-09-13T14:18:44.190Z  INFO 7583 --- [kisansarthi-backend] [ool-4-thread-19] com.kisansarthi.booking.BookingService   : Official Token MP-SEH-100 successfully generated and committed for farmer 9800000064 at mandi mandi-sehore-test in slot 08:00 AM - 10:00 AM
2026-09-13T14:18:44.190Z  WARN 7583 --- [kisansarthi-backend] [askExecutor-113] com.kisansarthi.sms.SmsService           : [SMS SERVICE] Blocked custom message dispatch in Trial mode to 9800000064: Twilio Trial accounts cannot send this custom message. Use Twilio Trial Test mode or upgrade/configure the Twilio account for production SMS.
2026-09-13T14:18:44.191Z  INFO 7583 --- [kisansarthi-backend] [ool-4-thread-19] c.kisansarthi.slot.SlotEventPublisher    : Broadcasted real-time event [BOOKING_CREATED] for mandi [mandi-sehore-test] post-commit
2026-09-13T14:18:44.191Z  INFO 7583 --- [kisansarthi-backend] [ool-4-thread-19] c.kisansarthi.slot.SlotEventPublisher    : Broadcasted real-time event [SLOT_CAPACITY_CHANGED] for mandi [mandi-sehore-test] post-commit
]]></system-out>
  </testcase>
  <testcase name="testSlotCapacityExhaustionAndFarmerLimit" classname="com.kisansarthi.booking.BookingConcurrencyTest" time="0.203">
    <system-out><![CDATA[2026-09-13T14:18:44.378Z  INFO 7583 --- [kisansarthi-backend] [           main] com.kisansarthi.booking.BookingService   : SLOT DEBUG: slotId=slot-small-test, bookedQuintals=60, bookedFarmers=1
2026-09-13T14:18:44.384Z  INFO 7583 --- [kisansarthi-backend] [           main] com.kisansarthi.booking.BookingService   : Official Token MP-SEH-001 successfully generated and committed for farmer 9800000001 at mandi mandi-sehore-test in slot 02:00 PM - 04:00 PM
2026-09-13T14:18:44.384Z  WARN 7583 --- [kisansarthi-backend] [askExecutor-114] com.kisansarthi.sms.SmsService           : [SMS SERVICE] Blocked custom message dispatch in Trial mode to 9800000001: Twilio Trial accounts cannot send this custom message. Use Twilio Trial Test mode or upgrade/configure the Twilio account for production SMS.
2026-09-13T14:18:44.385Z  INFO 7583 --- [kisansarthi-backend] [           main] c.kisansarthi.slot.SlotEventPublisher    : Broadcasted real-time event [BOOKING_CREATED] for mandi [mandi-sehore-test] post-commit
2026-09-13T14:18:44.386Z  INFO 7583 --- [kisansarthi-backend] [           main] c.kisansarthi.slot.SlotEventPublisher    : Broadcasted real-time event [SLOT_CAPACITY_CHANGED] for mandi [mandi-sehore-test] post-commit
2026-09-13T14:18:44.398Z  INFO 7583 --- [kisansarthi-backend] [           main] com.kisansarthi.booking.BookingService   : SLOT DEBUG: slotId=slot-small-test, bookedQuintals=100, bookedFarmers=2
2026-09-13T14:18:44.404Z  INFO 7583 --- [kisansarthi-backend] [           main] com.kisansarthi.booking.BookingService   : Official Token MP-SEH-002 successfully generated and committed for farmer 9800000002 at mandi mandi-sehore-test in slot 02:00 PM - 04:00 PM
2026-09-13T14:18:44.404Z  WARN 7583 --- [kisansarthi-backend] [askExecutor-115] com.kisansarthi.sms.SmsService           : [SMS SERVICE] Blocked custom message dispatch in Trial mode to 9800000002: Twilio Trial accounts cannot send this custom message. Use Twilio Trial Test mode or upgrade/configure the Twilio account for production SMS.
2026-09-13T14:18:44.405Z  INFO 7583 --- [kisansarthi-backend] [           main] c.kisansarthi.slot.SlotEventPublisher    : Broadcasted real-time event [BOOKING_CREATED] for mandi [mandi-sehore-test] post-commit
2026-09-13T14:18:44.405Z  INFO 7583 --- [kisansarthi-backend] [           main] c.kisansarthi.slot.SlotEventPublisher    : Broadcasted real-time event [SLOT_CAPACITY_CHANGED] for mandi [mandi-sehore-test] post-commit
]]></system-out>
  </testcase>
  <testcase name="testBookingValidations" classname="com.kisansarthi.booking.BookingConcurrencyTest" time="0.263"/>
</testsuite>