<?xml version="1.0" encoding="UTF-8"?>
<testsuite xmlns:xsi="http://www.w3.org/2001/XMLSchema-instance" xsi:noNamespaceSchemaLocation="https://maven.apache.org/surefire/maven-surefire-plugin/xsd/surefire-test-report-3.0.xsd" version="3.0" name="com.kisansarthi.booking.PostgresBookingConcurrencyIntegrationTest" time="37.603" tests="5" errors="0" skipped="0" failures="0">
  <properties>
[...]
</properties>
  <testcase name="testPostgres100SimultaneousDistinctBookings" classname="com.kisansarthi.booking.PostgresBookingConcurrencyIntegrationTest" time="13.21">
    <system-out><![CDATA[09:56:11.319 [main] INFO org.springframework.test.context.support.AnnotationConfigContextLoaderUtils -- Could not detect default configuration classes for test class [com.kisansarthi.booking.PostgresBookingConcurrencyIntegrationTest]: PostgresBookingConcurrencyIntegrationTest does not declare any static, non-private, non-final, nested classes annotated with @Configuration.
09:56:11.668 [main] INFO org.springframework.boot.test.context.SpringBootTestContextBootstrapper -- Found @SpringBootConfiguration com.kisansarthi.KisanSarthiApplication for test class com.kisansarthi.booking.PostgresBookingConcurrencyIntegrationTest
09:56:12.022 [main] INFO org.springframework.boot.devtools.restart.RestartApplicationListener -- Restart disabled due to context in which it is running

  .   ____          _            __ _ _
 /\\ / ___'_ __ _ _(_)_ __  __ _ \ \ \ \
( ( )\___ | '_ | '_| | '_ \/ _` | \ \ \ \
 \\/  ___)| |_)| | | | | || (_| |  ) ) ) )
  '  |____| .__|_| |_|_| |_\__, | / / / /
 =========|_|==============|___/=/_/_/_/

 :: Spring Boot ::                (v3.3.4)

2026-09-15T09:56:12.655Z  WARN 13249 --- [kisansarthi-backend] [           main] ory$DuplicateJsonObjectContextCustomizer : 

Found multiple occurrences of org.json.JSONObject on the class path:

	jar:file:/root/.m2/repository/org/json/json/20240303/json-20240303.jar!/org/json/JSONObject.class
	jar:file:/root/.m2/repository/com/vaadin/external/google/android-json/0.0.20131108.vaadin1/android-json-0.0.20131108.vaadin1.jar!/org/json/JSONObject.class

You may wish to exclude one of them to ensure predictable runtime behavior

2026-09-15T09:56:12.688Z  INFO 13249 --- [kisansarthi-backend] [           main] ostgresBookingConcurrencyIntegrationTest : Starting PostgresBookingConcurrencyIntegrationTest using Java 21.0.12.1 with PID 13249 (started by root in /app/applet/backend)
2026-09-15T09:56:12.692Z  INFO 13249 --- [kisansarthi-backend] [           main] ostgresBookingConcurrencyIntegrationTest : The following 1 profile is active: "test"
2026-09-15T09:56:15.990Z  INFO 13249 --- [kisansarthi-backend] [           main] .s.d.r.c.RepositoryConfigurationDelegate : Multiple Spring Data modules found, entering strict repository configuration mode
2026-09-15T09:56:15.993Z  INFO 13249 --- [kisansarthi-backend] [           main] .s.d.r.c.RepositoryConfigurationDelegate : Bootstrapping Spring Data JPA repositories in DEFAULT mode.
2026-09-15T09:56:16.369Z  INFO 13249 --- [kisansarthi-backend] [           main] .s.d.r.c.RepositoryConfigurationDelegate : Finished Spring Data repository scanning in 367 ms. Found 14 JPA repository interfaces.
2026-09-15T09:56:18.213Z  INFO 13249 --- [kisansarthi-backend] [           main] com.zaxxer.hikari.HikariDataSource       : HikariPool-1 - Starting...
2026-09-15T09:56:18.399Z  INFO 13249 --- [kisansarthi-backend] [           main] com.zaxxer.hikari.pool.HikariPool        : HikariPool-1 - Added connection org.postgresql.jdbc.PgConnection@45790cb
2026-09-15T09:56:18.401Z  INFO 13249 --- [kisansarthi-backend] [           main] com.zaxxer.hikari.HikariDataSource       : HikariPool-1 - Start completed.
2026-09-15T09:56:18.458Z  INFO 13249 --- [kisansarthi-backend] [           main] org.flywaydb.core.FlywayExecutor         : Database: jdbc:postgresql://localhost:5432/kisansarthi_pg_test (PostgreSQL 15.19)
2026-09-15T09:56:18.575Z  INFO 13249 --- [kisansarthi-backend] [           main] o.f.core.internal.command.DbValidate     : Successfully validated 15 migrations (execution time 00:00.088s)
2026-09-15T09:56:18.597Z  INFO 13249 --- [kisansarthi-backend] [           main] o.f.core.internal.command.DbMigrate      : Current version of schema "public": 15
2026-09-15T09:56:18.601Z  INFO 13249 --- [kisansarthi-backend] [           main] o.f.core.internal.command.DbMigrate      : Schema "public" is up to date. No migration necessary.
2026-09-15T09:56:18.898Z  INFO 13249 --- [kisansarthi-backend] [           main] o.hibernate.jpa.internal.util.LogHelper  : HHH000204: Processing PersistenceUnitInfo [name: default]
2026-09-15T09:56:19.009Z  INFO 13249 --- [kisansarthi-backend] [           main] org.hibernate.Version                    : HHH000412: Hibernate ORM core version 6.5.3.Final
2026-09-15T09:56:19.085Z  INFO 13249 --- [kisansarthi-backend] [           main] o.h.c.internal.RegionFactoryInitiator    : HHH000026: Second-level cache disabled
2026-09-15T09:56:19.564Z  INFO 13249 --- [kisansarthi-backend] [           main] o.s.o.j.p.SpringPersistenceUnitInfo      : No LoadTimeWeaver setup: ignoring JPA class transformer
2026-09-15T09:56:19.617Z  WARN 13249 --- [kisansarthi-backend] [           main] o.h.e.j.e.i.JdbcEnvironmentInitiator     : HHH000342: Could not obtain connection to query metadata

org.hibernate.boot.registry.selector.spi.StrategySelectionException: Could not instantiate named strategy class [org.hibernate.dialect.H2Dialect]
	at org.hibernate.boot.registry.selector.internal.StrategySelectorImpl.resolveStrategy(StrategySelectorImpl.java:244) ~[hibernate-core-6.5.3.Final.jar:6.5.3.Final]
	at org.hibernate.boot.registry.selector.internal.StrategySelectorImpl.resolveStrategy(StrategySelectorImpl.java:189) ~[hibernate-core-6.5.3.Final.jar:6.5.3.Final]
	at org.hibernate.engine.jdbc.dialect.internal.DialectFactoryImpl.constructDialect(DialectFactoryImpl.java:123) ~[hibernate-core-6.5.3.Final.jar:6.5.3.Final]
	at org.hibernate.engine.jdbc.dialect.internal.DialectFactoryImpl.buildDialect(DialectFactoryImpl.java:88) ~[hibernate-core-6.5.3.Final.jar:6.5.3.Final]
	at org.hibernate.engine.jdbc.env.internal.JdbcEnvironmentInitiator$1.execute(JdbcEnvironmentInitiator.java:325) ~[hibernate-core-6.5.3.Final.jar:6.5.3.Final]
	at org.hibernate.engine.jdbc.env.internal.JdbcEnvironmentInitiator$1.execute(JdbcEnvironmentInitiator.java:293) ~[hibernate-core-6.5.3.Final.jar:6.5.3.Final]
	at org.hibernate.jdbc.WorkExecutor.executeReturningWork(WorkExecutor.java:58) ~[hibernate-core-6.5.3.Final.jar:6.5.3.Final]
	at org.hibernate.jdbc.AbstractReturningWork.accept(AbstractReturningWork.java:34) ~[hibernate-core-6.5.3.Final.jar:6.5.3.Final]
	at org.hibernate.resource.transaction.backend.jdbc.internal.JdbcIsolationDelegate.delegateWork(JdbcIsolationDelegate.java:70) ~[hibernate-core-6.5.3.Final.jar:6.5.3.Final]
	at org.hibernate.engine.jdbc.env.internal.JdbcEnvironmentInitiator.getJdbcEnvironmentUsingJdbcMetadata(JdbcEnvironmentInitiator.java:292) ~[hibernate-core-6.5.3.Final.jar:6.5.3.Final]
	at org.hibernate.engine.jdbc.env.internal.JdbcEnvironmentInitiator.initiateService(JdbcEnvironmentInitiator.java:124) ~[hibernate-core-6.5.3.Final.jar:6.5.3.Final]
	at org.hibernate.engine.jdbc.env.internal.JdbcEnvironmentInitiator.initiateService(JdbcEnvironmentInitiator.java:78) ~[hibernate-core-6.5.3.Final.jar:6.5.3.Final]
	at org.hibernate.boot.registry.internal.StandardServiceRegistryImpl.initiateService(StandardServiceRegistryImpl.java:130) ~[hibernate-core-6.5.3.Final.jar:6.5.3.Final]
	at org.hibernate.service.internal.AbstractServiceRegistryImpl.createService(AbstractServiceRegistryImpl.java:263) ~[hibernate-core-6.5.3.Final.jar:6.5.3.Final]
	at org.hibernate.service.internal.AbstractServiceRegistryImpl.initializeService(AbstractServiceRegistryImpl.java:238) ~[hibernate-core-6.5.3.Final.jar:6.5.3.Final]
	at org.hibernate.service.internal.AbstractServiceRegistryImpl.getService(AbstractServiceRegistryImpl.java:215) ~[hibernate-core-6.5.3.Final.jar:6.5.3.Final]
	at org.hibernate.boot.model.relational.Database.<init>(Database.java:45) ~[hibernate-core-6.5.3.Final.jar:6.5.3.Final]
	at org.hibernate.boot.internal.InFlightMetadataCollectorImpl.getDatabase(InFlightMetadataCollectorImpl.java:221) ~[hibernate-core-6.5.3.Final.jar:6.5.3.Final]
	at org.hibernate.boot.internal.InFlightMetadataCollectorImpl.<init>(InFlightMetadataCollectorImpl.java:189) ~[hibernate-core-6.5.3.Final.jar:6.5.3.Final]
	at org.hibernate.boot.model.process.spi.MetadataBuildingProcess.complete(MetadataBuildingProcess.java:171) ~[hibernate-core-6.5.3.Final.jar:6.5.3.Final]
	at org.hibernate.jpa.boot.internal.EntityManagerFactoryBuilderImpl.metadata(EntityManagerFactoryBuilderImpl.java:1431) ~[hibernate-core-6.5.3.Final.jar:6.5.3.Final]
	at org.hibernate.jpa.boot.internal.EntityManagerFactoryBuilderImpl.build(EntityManagerFactoryBuilderImpl.java:1502) ~[hibernate-core-6.5.3.Final.jar:6.5.3.Final]
	at org.springframework.orm.jpa.vendor.SpringHibernateJpaPersistenceProvider.createContainerEntityManagerFactory(SpringHibernateJpaPersistenceProvider.java:75) ~[spring-orm-6.1.13.jar:6.1.13]
	at org.springframework.orm.jpa.LocalContainerEntityManagerFactoryBean.createNativeEntityManagerFactory(LocalContainerEntityManagerFactoryBean.java:390) ~[spring-orm-6.1.13.jar:6.1.13]
	at org.springframework.orm.jpa.AbstractEntityManagerFactoryBean.buildNativeEntityManagerFactory(AbstractEntityManagerFactoryBean.java:409) ~[spring-orm-6.1.13.jar:6.1.13]
	at org.springframework.orm.jpa.AbstractEntityManagerFactoryBean.afterPropertiesSet(AbstractEntityManagerFactoryBean.java:396) ~[spring-orm-6.1.13.jar:6.1.13]
	at org.springframework.orm.jpa.LocalContainerEntityManagerFactoryBean.afterPropertiesSet(LocalContainerEntityManagerFactoryBean.java:366) ~[spring-orm-6.1.13.jar:6.1.13]
	at org.springframework.beans.factory.support.AbstractAutowireCapableBeanFactory.invokeInitMethods(AbstractAutowireCapableBeanFactory.java:1853) ~[spring-beans-6.1.13.jar:6.1.13]
	at org.springframework.beans.factory.support.AbstractAutowireCapableBeanFactory.initializeBean(AbstractAutowireCapableBeanFactory.java:1802) ~[spring-beans-6.1.13.jar:6.1.13]
	at org.springframework.beans.factory.support.AbstractAutowireCapableBeanFactory.doCreateBean(AbstractAutowireCapableBeanFactory.java:600) ~[spring-beans-6.1.13.jar:6.1.13]
	at org.springframework.beans.factory.support.AbstractAutowireCapableBeanFactory.createBean(AbstractAutowireCapableBeanFactory.java:522) ~[spring-beans-6.1.13.jar:6.1.13]
	at org.springframework.beans.factory.support.AbstractBeanFactory.lambda$doGetBean$0(AbstractBeanFactory.java:337) ~[spring-beans-6.1.13.jar:6.1.13]
	at org.springframework.beans.factory.support.DefaultSingletonBeanRegistry.getSingleton(DefaultSingletonBeanRegistry.java:234) ~[spring-beans-6.1.13.jar:6.1.13]
	at org.springframework.beans.factory.support.AbstractBeanFactory.doGetBean(AbstractBeanFactory.java:335) ~[spring-beans-6.1.13.jar:6.1.13]
	at org.springframework.beans.factory.support.AbstractBeanFactory.getBean(AbstractBeanFactory.java:205) ~[spring-beans-6.1.13.jar:6.1.13]
	at org.springframework.context.support.AbstractApplicationContext.finishBeanFactoryInitialization(AbstractApplicationContext.java:954) ~[spring-context-6.1.13.jar:6.1.13]
	at org.springframework.context.support.AbstractApplicationContext.refresh(AbstractApplicationContext.java:625) ~[spring-context-6.1.13.jar:6.1.13]
	at org.springframework.boot.SpringApplication.refresh(SpringApplication.java:754) ~[spring-boot-3.3.4.jar:3.3.4]
	at org.springframework.boot.SpringApplication.refreshContext(SpringApplication.java:456) ~[spring-boot-3.3.4.jar:3.3.4]
	at org.springframework.boot.SpringApplication.run(SpringApplication.java:335) ~[spring-boot-3.3.4.jar:3.3.4]
	at org.springframework.boot.test.context.SpringBootContextLoader.lambda$loadContext$3(SpringBootContextLoader.java:137) ~[spring-boot-test-3.3.4.jar:3.3.4]
	at org.springframework.util.function.ThrowingSupplier.get(ThrowingSupplier.java:58) ~[spring-core-6.1.13.jar:6.1.13]
	at org.springframework.util.function.ThrowingSupplier.get(ThrowingSupplier.java:46) ~[spring-core-6.1.13.jar:6.1.13]
	at org.springframework.boot.SpringApplication.withHook(SpringApplication.java:1463) ~[spring-boot-3.3.4.jar:3.3.4]
	at org.springframework.boot.test.context.SpringBootContextLoader$ContextLoaderHook.run(SpringBootContextLoader.java:553) ~[spring-boot-test-3.3.4.jar:3.3.4]
	at org.springframework.boot.test.context.SpringBootContextLoader.loadContext(SpringBootContextLoader.java:137) ~[spring-boot-test-3.3.4.jar:3.3.4]
	at org.springframework.boot.test.context.SpringBootContextLoader.loadContext(SpringBootContextLoader.java:108) ~[spring-boot-test-3.3.4.jar:3.3.4]
	at org.springframework.test.context.cache.DefaultCacheAwareContextLoaderDelegate.loadContextInternal(DefaultCacheAwareContextLoaderDelegate.java:225) ~[spring-test-6.1.13.jar:6.1.13]
	at org.springframework.test.context.cache.DefaultCacheAwareContextLoaderDelegate.loadContext(DefaultCacheAwareContextLoaderDelegate.java:152) ~[spring-test-6.1.13.jar:6.1.13]
	at org.springframework.test.context.support.DefaultTestContext.getApplicationContext(DefaultTestContext.java:130) ~[spring-test-6.1.13.jar:6.1.13]
	at org.springframework.test.context.web.ServletTestExecutionListener.setUpRequestContextIfNecessary(ServletTestExecutionListener.java:191) ~[spring-test-6.1.13.jar:6.1.13]
	at org.springframework.test.context.web.ServletTestExecutionListener.prepareTestInstance(ServletTestExecutionListener.java:130) ~[spring-test-6.1.13.jar:6.1.13]
	at org.springframework.test.context.TestContextManager.prepareTestInstance(TestContextManager.java:260) ~[spring-test-6.1.13.jar:6.1.13]
	at org.springframework.test.context.junit.jupiter.SpringExtension.postProcessTestInstance(SpringExtension.java:163) ~[spring-test-6.1.13.jar:6.1.13]
	at org.junit.jupiter.engine.descriptor.ClassBasedTestDescriptor.lambda$invokeTestInstancePostProcessors$10(ClassBasedTestDescriptor.java:378) ~[junit-jupiter-engine-5.10.3.jar:5.10.3]
	at org.junit.jupiter.engine.descriptor.ClassBasedTestDescriptor.executeAndMaskThrowable(ClassBasedTestDescriptor.java:383) ~[junit-jupiter-engine-5.10.3.jar:5.10.3]
	at org.junit.jupiter.engine.descriptor.ClassBasedTestDescriptor.lambda$invokeTestInstancePostProcessors$11(ClassBasedTestDescriptor.java:378) ~[junit-jupiter-engine-5.10.3.jar:5.10.3]
	at java.base/java.util.stream.ReferencePipeline$3$1.accept(ReferencePipeline.java:197) ~[na:na]
	at java.base/java.util.stream.ReferencePipeline$2$1.accept(ReferencePipeline.java:179) ~[na:na]
	at java.base/java.util.ArrayList$ArrayListSpliterator.forEachRemaining(ArrayList.java:1708) ~[na:na]
	at java.base/java.util.stream.AbstractPipeline.copyInto(AbstractPipeline.java:509) ~[na:na]
	at java.base/java.util.stream.AbstractPipeline.wrapAndCopyInto(AbstractPipeline.java:499) ~[na:na]
	at java.base/java.util.stream.StreamSpliterators$WrappingSpliterator.forEachRemaining(StreamSpliterators.java:310) ~[na:na]
	at java.base/java.util.stream.Streams$ConcatSpliterator.forEachRemaining(Streams.java:735) ~[na:na]
	at java.base/java.util.stream.Streams$ConcatSpliterator.forEachRemaining(Streams.java:734) ~[na:na]
	at java.base/java.util.stream.ReferencePipeline$Head.forEach(ReferencePipeline.java:762) ~[na:na]
	at org.junit.jupiter.engine.descriptor.ClassBasedTestDescriptor.invokeTestInstancePostProcessors(ClassBasedTestDescriptor.java:377) ~[junit-jupiter-engine-5.10.3.jar:5.10.3]
	at org.junit.jupiter.engine.descriptor.ClassBasedTestDescriptor.lambda$instantiateAndPostProcessTestInstance$6(ClassBasedTestDescriptor.java:290) ~[junit-jupiter-engine-5.10.3.jar:5.10.3]
	at org.junit.platform.engine.support.hierarchical.ThrowableCollector.execute(ThrowableCollector.java:73) ~[junit-platform-engine-1.10.3.jar:1.10.3]
	at org.junit.jupiter.engine.descriptor.ClassBasedTestDescriptor.instantiateAndPostProcessTestInstance(ClassBasedTestDescriptor.java:289) ~[junit-jupiter-engine-5.10.3.jar:5.10.3]
	at org.junit.jupiter.engine.descriptor.ClassBasedTestDescriptor.lambda$testInstancesProvider$4(ClassBasedTestDescriptor.java:279) ~[junit-jupiter-engine-5.10.3.jar:5.10.3]
	at java.base/java.util.Optional.orElseGet(Optional.java:364) ~[na:na]
	at org.junit.jupiter.engine.descriptor.ClassBasedTestDescriptor.lambda$testInstancesProvider$5(ClassBasedTestDescriptor.java:278) ~[junit-jupiter-engine-5.10.3.jar:5.10.3]
	at org.junit.jupiter.engine.execution.TestInstancesProvider.getTestInstances(TestInstancesProvider.java:31) ~[junit-jupiter-engine-5.10.3.jar:5.10.3]
	at org.junit.jupiter.engine.descriptor.TestMethodTestDescriptor.lambda$prepare$0(TestMethodTestDescriptor.java:106) ~[junit-jupiter-engine-5.10.3.jar:5.10.3]
	at org.junit.platform.engine.support.hierarchical.ThrowableCollector.execute(ThrowableCollector.java:73) ~[junit-platform-engine-1.10.3.jar:1.10.3]
	at org.junit.jupiter.engine.descriptor.TestMethodTestDescriptor.prepare(TestMethodTestDescriptor.java:105) ~[junit-jupiter-engine-5.10.3.jar:5.10.3]
	at org.junit.jupiter.engine.descriptor.TestMethodTestDescriptor.prepare(TestMethodTestDescriptor.java:69) ~[junit-jupiter-engine-5.10.3.jar:5.10.3]
	at org.junit.platform.engine.support.hierarchical.NodeTestTask.lambda$prepare$2(NodeTestTask.java:123) ~[junit-platform-engine-1.10.3.jar:1.10.3]
	at org.junit.platform.engine.support.hierarchical.ThrowableCollector.execute(ThrowableCollector.java:73) ~[junit-platform-engine-1.10.3.jar:1.10.3]
	at org.junit.platform.engine.support.hierarchical.NodeTestTask.prepare(NodeTestTask.java:123) ~[junit-platform-engine-1.10.3.jar:1.10.3]
	at org.junit.platform.engine.support.hierarchical.NodeTestTask.execute(NodeTestTask.java:90) ~[junit-platform-engine-1.10.3.jar:1.10.3]
	at java.base/java.util.ArrayList.forEach(ArrayList.java:1596) ~[na:na]
	at org.junit.platform.engine.support.hierarchical.SameThreadHierarchicalTestExecutorService.invokeAll(SameThreadHierarchicalTestExecutorService.java:41) ~[junit-platform-engine-1.10.3.jar:1.10.3]
	at org.junit.platform.engine.support.hierarchical.NodeTestTask.lambda$executeRecursively$6(NodeTestTask.java:155) ~[junit-platform-engine-1.10.3.jar:1.10.3]
	at org.junit.platform.engine.support.hierarchical.ThrowableCollector.execute(ThrowableCollector.java:73) ~[junit-platform-engine-1.10.3.jar:1.10.3]
	at org.junit.platform.engine.support.hierarchical.NodeTestTask.lambda$executeRecursively$8(NodeTestTask.java:141) ~[junit-platform-engine-1.10.3.jar:1.10.3]
	at org.junit.platform.engine.support.hierarchical.Node.around(Node.java:137) ~[junit-platform-engine-1.10.3.jar:1.10.3]
	at org.junit.platform.engine.support.hierarchical.NodeTestTask.lambda$executeRecursively$9(NodeTestTask.java:139) ~[junit-platform-engine-1.10.3.jar:1.10.3]
	at org.junit.platform.engine.support.hierarchical.ThrowableCollector.execute(ThrowableCollector.java:73) ~[junit-platform-engine-1.10.3.jar:1.10.3]
	at org.junit.platform.engine.support.hierarchical.NodeTestTask.executeRecursively(NodeTestTask.java:138) ~[junit-platform-engine-1.10.3.jar:1.10.3]
	at org.junit.platform.engine.support.hierarchical.NodeTestTask.execute(NodeTestTask.java:95) ~[junit-platform-engine-1.10.3.jar:1.10.3]
	at java.base/java.util.ArrayList.forEach(ArrayList.java:1596) ~[na:na]
	at org.junit.platform.engine.support.hierarchical.SameThreadHierarchicalTestExecutorService.invokeAll(SameThreadHierarchicalTestExecutorService.java:41) ~[junit-platform-engine-1.10.3.jar:1.10.3]
	at org.junit.platform.engine.support.hierarchical.NodeTestTask.lambda$executeRecursively$6(NodeTestTask.java:155) ~[junit-platform-engine-1.10.3.jar:1.10.3]
	at org.junit.platform.engine.support.hierarchical.ThrowableCollector.execute(ThrowableCollector.java:73) ~[junit-platform-engine-1.10.3.jar:1.10.3]
	at org.junit.platform.engine.support.hierarchical.NodeTestTask.lambda$executeRecursively$8(NodeTestTask.java:141) ~[junit-platform-engine-1.10.3.jar:1.10.3]
	at org.junit.platform.engine.support.hierarchical.Node.around(Node.java:137) ~[junit-platform-engine-1.10.3.jar:1.10.3]
	at org.junit.platform.engine.support.hierarchical.NodeTestTask.lambda$executeRecursively$9(NodeTestTask.java:139) ~[junit-platform-engine-1.10.3.jar:1.10.3]
	at org.junit.platform.engine.support.hierarchical.ThrowableCollector.execute(ThrowableCollector.java:73) ~[junit-platform-engine-1.10.3.jar:1.10.3]
	at org.junit.platform.engine.support.hierarchical.NodeTestTask.executeRecursively(NodeTestTask.java:138) ~[junit-platform-engine-1.10.3.jar:1.10.3]
	at org.junit.platform.engine.support.hierarchical.NodeTestTask.execute(NodeTestTask.java:95) ~[junit-platform-engine-1.10.3.jar:1.10.3]
	at org.junit.platform.engine.support.hierarchical.SameThreadHierarchicalTestExecutorService.submit(SameThreadHierarchicalTestExecutorService.java:35) ~[junit-platform-engine-1.10.3.jar:1.10.3]
	at org.junit.platform.engine.support.hierarchical.HierarchicalTestExecutor.execute(HierarchicalTestExecutor.java:57) ~[junit-platform-engine-1.10.3.jar:1.10.3]
	at org.junit.platform.engine.support.hierarchical.HierarchicalTestEngine.execute(HierarchicalTestEngine.java:54) ~[junit-platform-engine-1.10.3.jar:1.10.3]
	at org.junit.platform.launcher.core.EngineExecutionOrchestrator.execute(EngineExecutionOrchestrator.java:198) ~[junit-platform-launcher-1.10.3.jar:1.10.3]
	at org.junit.platform.launcher.core.EngineExecutionOrchestrator.execute(EngineExecutionOrchestrator.java:169) ~[junit-platform-launcher-1.10.3.jar:1.10.3]
	at org.junit.platform.launcher.core.EngineExecutionOrchestrator.execute(EngineExecutionOrchestrator.java:93) ~[junit-platform-launcher-1.10.3.jar:1.10.3]
	at org.junit.platform.launcher.core.EngineExecutionOrchestrator.lambda$execute$0(EngineExecutionOrchestrator.java:58) ~[junit-platform-launcher-1.10.3.jar:1.10.3]
	at org.junit.platform.launcher.core.EngineExecutionOrchestrator.withInterceptedStreams(EngineExecutionOrchestrator.java:141) ~[junit-platform-launcher-1.10.3.jar:1.10.3]
	at org.junit.platform.launcher.core.EngineExecutionOrchestrator.execute(EngineExecutionOrchestrator.java:57) ~[junit-platform-launcher-1.10.3.jar:1.10.3]
	at org.junit.platform.launcher.core.DefaultLauncher.execute(DefaultLauncher.java:103) ~[junit-platform-launcher-1.10.3.jar:1.10.3]
	at org.junit.platform.launcher.core.DefaultLauncher.execute(DefaultLauncher.java:85) ~[junit-platform-launcher-1.10.3.jar:1.10.3]
	at org.junit.platform.launcher.core.DelegatingLauncher.execute(DelegatingLauncher.java:47) ~[junit-platform-launcher-1.10.3.jar:1.10.3]
	at org.apache.maven.surefire.junitplatform.LazyLauncher.execute(LazyLauncher.java:56) ~[surefire-junit-platform-3.2.5.jar:3.2.5]
	at org.apache.maven.surefire.junitplatform.JUnitPlatformProvider.execute(JUnitPlatformProvider.java:184) ~[surefire-junit-platform-3.2.5.jar:3.2.5]
	at org.apache.maven.surefire.junitplatform.JUnitPlatformProvider.invokeAllTests(JUnitPlatformProvider.java:148) ~[surefire-junit-platform-3.2.5.jar:3.2.5]
	at org.apache.maven.surefire.junitplatform.JUnitPlatformProvider.invoke(JUnitPlatformProvider.java:122) ~[surefire-junit-platform-3.2.5.jar:3.2.5]
	at org.apache.maven.surefire.booter.ForkedBooter.runSuitesInProcess(ForkedBooter.java:385) ~[surefire-booter-3.2.5.jar:3.2.5]
	at org.apache.maven.surefire.booter.ForkedBooter.execute(ForkedBooter.java:162) ~[surefire-booter-3.2.5.jar:3.2.5]
	at org.apache.maven.surefire.booter.ForkedBooter.run(ForkedBooter.java:507) ~[surefire-booter-3.2.5.jar:3.2.5]
	at org.apache.maven.surefire.booter.ForkedBooter.main(ForkedBooter.java:495) ~[surefire-booter-3.2.5.jar:3.2.5]
Caused by: org.hibernate.boot.registry.selector.spi.StrategySelectionException: Could not instantiate named dialect class [org.hibernate.dialect.H2Dialect]
	at org.hibernate.engine.jdbc.dialect.internal.DialectFactoryImpl.lambda$constructDialect$0(DialectFactoryImpl.java:143) ~[hibernate-core-6.5.3.Final.jar:6.5.3.Final]
	at org.hibernate.boot.registry.selector.internal.StrategySelectorImpl.resolveStrategy(StrategySelectorImpl.java:240) ~[hibernate-core-6.5.3.Final.jar:6.5.3.Final]
	... 121 common frames omitted
Caused by: java.lang.reflect.InvocationTargetException: null
	at java.base/jdk.internal.reflect.DirectConstructorHandleAccessor.newInstance(DirectConstructorHandleAccessor.java:74) ~[na:na]
	at java.base/java.lang.reflect.Constructor.newInstanceWithCaller(Constructor.java:502) ~[na:na]
	at java.base/java.lang.reflect.Constructor.newInstance(Constructor.java:486) ~[na:na]
	at org.hibernate.engine.jdbc.dialect.internal.DialectFactoryImpl.lambda$constructDialect$0(DialectFactoryImpl.java:131) ~[hibernate-core-6.5.3.Final.jar:6.5.3.Final]
	... 122 common frames omitted
Caused by: java.lang.NumberFormatException: For input string: "(Debian"
	at java.base/java.lang.NumberFormatException.forInputString(NumberFormatException.java:67) ~[na:na]
	at java.base/java.lang.Integer.parseInt(Integer.java:648) ~[na:na]
	at java.base/java.lang.Integer.parseInt(Integer.java:778) ~[na:na]
	at org.hibernate.dialect.H2Dialect.parseBuildId(H2Dialect.java:167) ~[hibernate-core-6.5.3.Final.jar:6.5.3.Final]
	at org.hibernate.dialect.H2Dialect.parseVersion(H2Dialect.java:155) ~[hibernate-core-6.5.3.Final.jar:6.5.3.Final]
	at org.hibernate.dialect.H2Dialect.<init>(H2Dialect.java:127) ~[hibernate-core-6.5.3.Final.jar:6.5.3.Final]
	at java.base/jdk.internal.reflect.DirectConstructorHandleAccessor.newInstance(DirectConstructorHandleAccessor.java:62) ~[na:na]
	... 125 common frames omitted

2026-09-15T09:56:19.638Z  WARN 13249 --- [kisansarthi-backend] [           main] org.hibernate.orm.deprecation            : HHH90000025: H2Dialect does not need to be specified explicitly using 'hibernate.dialect' (remove the property setting and it will be selected by default)
2026-09-15T09:56:21.790Z  INFO 13249 --- [kisansarthi-backend] [           main] o.h.e.t.j.p.i.JtaPlatformInitiator       : HHH000489: No JTA platform available (set 'hibernate.transaction.jta.platform' to enable JTA platform integration)
2026-09-15T09:56:21.794Z  INFO 13249 --- [kisansarthi-backend] [           main] j.LocalContainerEntityManagerFactoryBean : Initialized JPA EntityManagerFactory for persistence unit 'default'
2026-09-15T09:56:22.694Z  INFO 13249 --- [kisansarthi-backend] [           main] o.s.d.j.r.query.QueryEnhancerFactory     : Hibernate is in classpath; If applicable, HQL parser will be used.
2026-09-15T09:56:28.164Z  WARN 13249 --- [kisansarthi-backend] [           main] JpaBaseConfiguration$JpaWebConfiguration : spring.jpa.open-in-view is enabled by default. Therefore, database queries may be performed during view rendering. Explicitly configure spring.jpa.open-in-view to disable this warning
2026-09-15T09:56:28.219Z  WARN 13249 --- [kisansarthi-backend] [           main] .s.s.UserDetailsServiceAutoConfiguration : 

Using generated security password: 854ce4f6-6d31-4a81-90f3-555ba1b28a62

This generated password is for development use only. Your security configuration must be updated before running your application in production.

2026-09-15T09:56:28.259Z  INFO 13249 --- [kisansarthi-backend] [           main] r$InitializeUserDetailsManagerConfigurer : Global AuthenticationManager configured with UserDetailsService bean with name inMemoryUserDetailsManager
2026-09-15T09:56:29.312Z  INFO 13249 --- [kisansarthi-backend] [           main] o.s.b.a.e.web.EndpointLinksResolver      : Exposing 3 endpoints beneath base path '/actuator'
2026-09-15T09:56:31.370Z  INFO 13249 --- [kisansarthi-backend] [           main] o.s.m.s.b.SimpleBrokerMessageHandler     : Starting...
2026-09-15T09:56:31.371Z  INFO 13249 --- [kisansarthi-backend] [           main] o.s.m.s.b.SimpleBrokerMessageHandler     : BrokerAvailabilityEvent[available=true, SimpleBrokerMessageHandler [org.springframework.messaging.simp.broker.DefaultSubscriptionRegistry@46279771]]
2026-09-15T09:56:31.373Z  INFO 13249 --- [kisansarthi-backend] [           main] o.s.m.s.b.SimpleBrokerMessageHandler     : Started.
2026-09-15T09:56:31.393Z  INFO 13249 --- [kisansarthi-backend] [           main] ostgresBookingConcurrencyIntegrationTest : Started PostgresBookingConcurrencyIntegrationTest in 19.395 seconds (process running for 21.412)
2026-09-15T09:56:40.260Z  INFO 13249 --- [kisansarthi-backend] [ool-3-thread-18] c.k.booking.BookingTransactionExecutor   : Official Token MP-SEH-001 successfully generated and committed for farmer 9876000018 at mandi mandi-pg-sehore in slot 08:00 AM - 10:00 AM
2026-09-15T09:56:40.272Z  INFO 13249 --- [kisansarthi-backend] [       Thread-4] com.kisansarthi.sms.TwilioSmsProvider    : [Twilio] Trial mode explicitly configured via property: true
2026-09-15T09:56:40.273Z  WARN 13249 --- [kisansarthi-backend] [       Thread-4] com.kisansarthi.sms.SmsService           : [SMS SERVICE] Blocked custom message dispatch in Trial mode to 9876000018: Twilio Trial accounts cannot send this custom message. Use Twilio Trial Test mode or upgrade/configure the Twilio account for production SMS.
2026-09-15T09:56:40.304Z  INFO 13249 --- [kisansarthi-backend] [ool-3-thread-18] c.kisansarthi.slot.SlotEventPublisher    : Broadcasted real-time event [BOOKING_CREATED] for mandi [mandi-pg-sehore] post-commit
2026-09-15T09:56:40.309Z  INFO 13249 --- [kisansarthi-backend] [ool-3-thread-18] c.kisansarthi.slot.SlotEventPublisher    : Broadcasted real-time event [SLOT_CAPACITY_CHANGED] for mandi [mandi-pg-sehore] post-commit
2026-09-15T09:56:40.352Z  INFO 13249 --- [kisansarthi-backend] [ool-3-thread-17] c.k.booking.BookingTransactionExecutor   : Official Token MP-SEH-002 successfully generated and committed for farmer 9876000017 at mandi mandi-pg-sehore in slot 08:00 AM - 10:00 AM
2026-09-15T09:56:40.358Z  INFO 13249 --- [kisansarthi-backend] [ool-3-thread-17] c.kisansarthi.slot.SlotEventPublisher    : Broadcasted real-time event [BOOKING_CREATED] for mandi [mandi-pg-sehore] post-commit
2026-09-15T09:56:40.358Z  WARN 13249 --- [kisansarthi-backend] [       Thread-5] com.kisansarthi.sms.SmsService           : [SMS SERVICE] Blocked custom message dispatch in Trial mode to 9876000017: Twilio Trial accounts cannot send this custom message. Use Twilio Trial Test mode or upgrade/configure the Twilio account for production SMS.
2026-09-15T09:56:40.360Z  INFO 13249 --- [kisansarthi-backend] [ool-3-thread-17] c.kisansarthi.slot.SlotEventPublisher    : Broadcasted real-time event [SLOT_CAPACITY_CHANGED] for mandi [mandi-pg-sehore] post-commit
2026-09-15T09:56:40.392Z  INFO 13249 --- [kisansarthi-backend] [pool-3-thread-5] c.k.booking.BookingTransactionExecutor   : Official Token MP-SEH-003 successfully generated and committed for farmer 9876000005 at mandi mandi-pg-sehore in slot 08:00 AM - 10:00 AM
2026-09-15T09:56:40.395Z  WARN 13249 --- [kisansarthi-backend] [       Thread-6] com.kisansarthi.sms.SmsService           : [SMS SERVICE] Blocked custom message dispatch in Trial mode to 9876000005: Twilio Trial accounts cannot send this custom message. Use Twilio Trial Test mode or upgrade/configure the Twilio account for production SMS.
2026-09-15T09:56:40.395Z  INFO 13249 --- [kisansarthi-backend] [pool-3-thread-5] c.kisansarthi.slot.SlotEventPublisher    : Broadcasted real-time event [BOOKING_CREATED] for mandi [mandi-pg-sehore] post-commit
2026-09-15T09:56:40.396Z  INFO 13249 --- [kisansarthi-backend] [pool-3-thread-5] c.kisansarthi.slot.SlotEventPublisher    : Broadcasted real-time event [SLOT_CAPACITY_CHANGED] for mandi [mandi-pg-sehore] post-commit
2026-09-15T09:56:40.479Z  INFO 13249 --- [kisansarthi-backend] [ool-3-thread-20] c.k.booking.BookingTransactionExecutor   : Official Token MP-SEH-004 successfully generated and committed for farmer 9876000020 at mandi mandi-pg-sehore in slot 08:00 AM - 10:00 AM
2026-09-15T09:56:40.482Z  INFO 13249 --- [kisansarthi-backend] [ool-3-thread-20] c.kisansarthi.slot.SlotEventPublisher    : Broadcasted real-time event [BOOKING_CREATED] for mandi [mandi-pg-sehore] post-commit
2026-09-15T09:56:40.483Z  INFO 13249 --- [kisansarthi-backend] [ool-3-thread-20] c.kisansarthi.slot.SlotEventPublisher    : Broadcasted real-time event [SLOT_CAPACITY_CHANGED] for mandi [mandi-pg-sehore] post-commit
2026-09-15T09:56:40.485Z  WARN 13249 --- [kisansarthi-backend] [       Thread-7] com.kisansarthi.sms.SmsService           : [SMS SERVICE] Blocked custom message dispatch in Trial mode to 9876000020: Twilio Trial accounts cannot send this custom message. Use Twilio Trial Test mode or upgrade/configure the Twilio account for production SMS.
2026-09-15T09:56:40.567Z  INFO 13249 --- [kisansarthi-backend] [ool-3-thread-12] c.k.booking.BookingTransactionExecutor   : Official Token MP-SEH-005 successfully generated and committed for farmer 9876000012 at mandi mandi-pg-sehore in slot 08:00 AM - 10:00 AM
2026-09-15T09:56:40.572Z  WARN 13249 --- [kisansarthi-backend] [       Thread-8] com.kisansarthi.sms.SmsService           : [SMS SERVICE] Blocked custom message dispatch in Trial mode to 9876000012: Twilio Trial accounts cannot send this custom message. Use Twilio Trial Test mode or upgrade/configure the Twilio account for production SMS.
2026-09-15T09:56:40.574Z  INFO 13249 --- [kisansarthi-backend] [ool-3-thread-12] c.kisansarthi.slot.SlotEventPublisher    : Broadcasted real-time event [BOOKING_CREATED] for mandi [mandi-pg-sehore] post-commit
2026-09-15T09:56:40.574Z  INFO 13249 --- [kisansarthi-backend] [ool-3-thread-12] c.kisansarthi.slot.SlotEventPublisher    : Broadcasted real-time event [SLOT_CAPACITY_CHANGED] for mandi [mandi-pg-sehore] post-commit
2026-09-15T09:56:40.602Z  INFO 13249 --- [kisansarthi-backend] [pool-3-thread-9] c.k.booking.BookingTransactionExecutor   : Official Token MP-SEH-006 successfully generated and committed for farmer 9876000009 at mandi mandi-pg-sehore in slot 08:00 AM - 10:00 AM
2026-09-15T09:56:40.605Z  INFO 13249 --- [kisansarthi-backend] [pool-3-thread-9] c.kisansarthi.slot.SlotEventPublisher    : Broadcasted real-time event [BOOKING_CREATED] for mandi [mandi-pg-sehore] post-commit
2026-09-15T09:56:40.605Z  INFO 13249 --- [kisansarthi-backend] [pool-3-thread-9] c.kisansarthi.slot.SlotEventPublisher    : Broadcasted real-time event [SLOT_CAPACITY_CHANGED] for mandi [mandi-pg-sehore] post-commit
2026-09-15T09:56:40.630Z  WARN 13249 --- [kisansarthi-backend] [       Thread-9] com.kisansarthi.sms.SmsService           : [SMS SERVICE] Blocked custom message dispatch in Trial mode to 9876000009: Twilio Trial accounts cannot send this custom message. Use Twilio Trial Test mode or upgrade/configure the Twilio account for production SMS.
2026-09-15T09:56:40.674Z  INFO 13249 --- [kisansarthi-backend] [pool-3-thread-7] c.k.booking.BookingTransactionExecutor   : Official Token MP-SEH-007 successfully generated and committed for farmer 9876000007 at mandi mandi-pg-sehore in slot 08:00 AM - 10:00 AM
2026-09-15T09:56:40.677Z  INFO 13249 --- [kisansarthi-backend] [pool-3-thread-7] c.kisansarthi.slot.SlotEventPublisher    : Broadcasted real-time event [BOOKING_CREATED] for mandi [mandi-pg-sehore] post-commit
2026-09-15T09:56:40.678Z  INFO 13249 --- [kisansarthi-backend] [pool-3-thread-7] c.kisansarthi.slot.SlotEventPublisher    : Broadcasted real-time event [SLOT_CAPACITY_CHANGED] for mandi [mandi-pg-sehore] post-commit
2026-09-15T09:56:40.681Z  WARN 13249 --- [kisansarthi-backend] [      Thread-10] com.kisansarthi.sms.SmsService           : [SMS SERVICE] Blocked custom message dispatch in Trial mode to 9876000007: Twilio Trial accounts cannot send this custom message. Use Twilio Trial Test mode or upgrade/configure the Twilio account for production SMS.
2026-09-15T09:56:40.774Z  INFO 13249 --- [kisansarthi-backend] [ool-3-thread-21] c.k.booking.BookingTransactionExecutor   : Official Token MP-SEH-008 successfully generated and committed for farmer 9876000021 at mandi mandi-pg-sehore in slot 08:00 AM - 10:00 AM
2026-09-15T09:56:40.780Z  WARN 13249 --- [kisansarthi-backend] [      Thread-11] com.kisansarthi.sms.SmsService           : [SMS SERVICE] Blocked custom message dispatch in Trial mode to 9876000021: Twilio Trial accounts cannot send this custom message. Use Twilio Trial Test mode or upgrade/configure the Twilio account for production SMS.
2026-09-15T09:56:40.781Z  INFO 13249 --- [kisansarthi-backend] [ool-3-thread-21] c.kisansarthi.slot.SlotEventPublisher    : Broadcasted real-time event [BOOKING_CREATED] for mandi [mandi-pg-sehore] post-commit
2026-09-15T09:56:40.782Z  INFO 13249 --- [kisansarthi-backend] [ool-3-thread-21] c.kisansarthi.slot.SlotEventPublisher    : Broadcasted real-time event [SLOT_CAPACITY_CHANGED] for mandi [mandi-pg-sehore] post-commit
2026-09-15T09:56:40.866Z  INFO 13249 --- [kisansarthi-backend] [pool-3-thread-1] c.k.booking.BookingTransactionExecutor   : Official Token MP-SEH-009 successfully generated and committed for farmer 9876000001 at mandi mandi-pg-sehore in slot 08:00 AM - 10:00 AM
2026-09-15T09:56:40.869Z  INFO 13249 --- [kisansarthi-backend] [pool-3-thread-1] c.kisansarthi.slot.SlotEventPublisher    : Broadcasted real-time event [BOOKING_CREATED] for mandi [mandi-pg-sehore] post-commit
2026-09-15T09:56:40.869Z  WARN 13249 --- [kisansarthi-backend] [      Thread-12] com.kisansarthi.sms.SmsService           : [SMS SERVICE] Blocked custom message dispatch in Trial mode to 9876000001: Twilio Trial accounts cannot send this custom message. Use Twilio Trial Test mode or upgrade/configure the Twilio account for production SMS.
2026-09-15T09:56:40.871Z  INFO 13249 --- [kisansarthi-backend] [pool-3-thread-1] c.kisansarthi.slot.SlotEventPublisher    : Broadcasted real-time event [SLOT_CAPACITY_CHANGED] for mandi [mandi-pg-sehore] post-commit
2026-09-15T09:56:40.895Z  INFO 13249 --- [kisansarthi-backend] [ool-3-thread-10] c.k.booking.BookingTransactionExecutor   : Official Token MP-SEH-010 successfully generated and committed for farmer 9876000010 at mandi mandi-pg-sehore in slot 08:00 AM - 10:00 AM
2026-09-15T09:56:40.898Z  INFO 13249 --- [kisansarthi-backend] [ool-3-thread-10] c.kisansarthi.slot.SlotEventPublisher    : Broadcasted real-time event [BOOKING_CREATED] for mandi [mandi-pg-sehore] post-commit
2026-09-15T09:56:40.898Z  INFO 13249 --- [kisansarthi-backend] [ool-3-thread-10] c.kisansarthi.slot.SlotEventPublisher    : Broadcasted real-time event [SLOT_CAPACITY_CHANGED] for mandi [mandi-pg-sehore] post-commit
2026-09-15T09:56:40.903Z  WARN 13249 --- [kisansarthi-backend] [      Thread-13] com.kisansarthi.sms.SmsService           : [SMS SERVICE] Blocked custom message dispatch in Trial mode to 9876000010: Twilio Trial accounts cannot send this custom message. Use Twilio Trial Test mode or upgrade/configure the Twilio account for production SMS.
2026-09-15T09:56:40.969Z  INFO 13249 --- [kisansarthi-backend] [pool-3-thread-6] c.k.booking.BookingTransactionExecutor   : Official Token MP-SEH-011 successfully generated and committed for farmer 9876000006 at mandi mandi-pg-sehore in slot 08:00 AM - 10:00 AM
2026-09-15T09:56:40.972Z  INFO 13249 --- [kisansarthi-backend] [pool-3-thread-6] c.kisansarthi.slot.SlotEventPublisher    : Broadcasted real-time event [BOOKING_CREATED] for mandi [mandi-pg-sehore] post-commit
2026-09-15T09:56:40.972Z  WARN 13249 --- [kisansarthi-backend] [      Thread-14] com.kisansarthi.sms.SmsService           : [SMS SERVICE] Blocked custom message dispatch in Trial mode to 9876000006: Twilio Trial accounts cannot send this custom message. Use Twilio Trial Test mode or upgrade/configure the Twilio account for production SMS.
2026-09-15T09:56:40.973Z  INFO 13249 --- [kisansarthi-backend] [pool-3-thread-6] c.kisansarthi.slot.SlotEventPublisher    : Broadcasted real-time event [SLOT_CAPACITY_CHANGED] for mandi [mandi-pg-sehore] post-commit
2026-09-15T09:56:41.059Z  INFO 13249 --- [kisansarthi-backend] [pool-3-thread-3] c.k.booking.BookingTransactionExecutor   : Official Token MP-SEH-012 successfully generated and committed for farmer 9876000003 at mandi mandi-pg-sehore in slot 08:00 AM - 10:00 AM
2026-09-15T09:56:41.063Z  INFO 13249 --- [kisansarthi-backend] [pool-3-thread-3] c.kisansarthi.slot.SlotEventPublisher    : Broadcasted real-time event [BOOKING_CREATED] for mandi [mandi-pg-sehore] post-commit
2026-09-15T09:56:41.064Z  INFO 13249 --- [kisansarthi-backend] [pool-3-thread-3] c.kisansarthi.slot.SlotEventPublisher    : Broadcasted real-time event [SLOT_CAPACITY_CHANGED] for mandi [mandi-pg-sehore] post-commit
2026-09-15T09:56:41.066Z  WARN 13249 --- [kisansarthi-backend] [      Thread-15] com.kisansarthi.sms.SmsService           : [SMS SERVICE] Blocked custom message dispatch in Trial mode to 9876000003: Twilio Trial accounts cannot send this custom message. Use Twilio Trial Test mode or upgrade/configure the Twilio account for production SMS.
2026-09-15T09:56:41.117Z  INFO 13249 --- [kisansarthi-backend] [ool-3-thread-15] c.k.booking.BookingTransactionExecutor   : Official Token MP-SEH-013 successfully generated and committed for farmer 9876000015 at mandi mandi-pg-sehore in slot 08:00 AM - 10:00 AM
2026-09-15T09:56:41.121Z  INFO 13249 --- [kisansarthi-backend] [ool-3-thread-15] c.kisansarthi.slot.SlotEventPublisher    : Broadcasted real-time event [BOOKING_CREATED] for mandi [mandi-pg-sehore] post-commit
2026-09-15T09:56:41.122Z  INFO 13249 --- [kisansarthi-backend] [ool-3-thread-15] c.kisansarthi.slot.SlotEventPublisher    : Broadcasted real-time event [SLOT_CAPACITY_CHANGED] for mandi [mandi-pg-sehore] post-commit
2026-09-15T09:56:41.126Z  WARN 13249 --- [kisansarthi-backend] [      Thread-16] com.kisansarthi.sms.SmsService           : [SMS SERVICE] Blocked custom message dispatch in Trial mode to 9876000015: Twilio Trial accounts cannot send this custom message. Use Twilio Trial Test mode or upgrade/configure the Twilio account for production SMS.
2026-09-15T09:56:41.173Z  INFO 13249 --- [kisansarthi-backend] [ool-3-thread-14] c.k.booking.BookingTransactionExecutor   : Official Token MP-SEH-014 successfully generated and committed for farmer 9876000014 at mandi mandi-pg-sehore in slot 08:00 AM - 10:00 AM
2026-09-15T09:56:41.175Z  WARN 13249 --- [kisansarthi-backend] [      Thread-17] com.kisansarthi.sms.SmsService           : [SMS SERVICE] Blocked custom message dispatch in Trial mode to 9876000014: Twilio Trial accounts cannot send this custom message. Use Twilio Trial Test mode or upgrade/configure the Twilio account for production SMS.
2026-09-15T09:56:41.176Z  INFO 13249 --- [kisansarthi-backend] [ool-3-thread-14] c.kisansarthi.slot.SlotEventPublisher    : Broadcasted real-time event [BOOKING_CREATED] for mandi [mandi-pg-sehore] post-commit
2026-09-15T09:56:41.177Z  INFO 13249 --- [kisansarthi-backend] [ool-3-thread-14] c.kisansarthi.slot.SlotEventPublisher    : Broadcasted real-time event [SLOT_CAPACITY_CHANGED] for mandi [mandi-pg-sehore] post-commit
2026-09-15T09:56:41.206Z  INFO 13249 --- [kisansarthi-backend] [ool-3-thread-24] c.k.booking.BookingTransactionExecutor   : Official Token MP-SEH-015 successfully generated and committed for farmer 9876000024 at mandi mandi-pg-sehore in slot 08:00 AM - 10:00 AM
2026-09-15T09:56:41.254Z  WARN 13249 --- [kisansarthi-backend] [      Thread-18] com.kisansarthi.sms.SmsService           : [SMS SERVICE] Blocked custom message dispatch in Trial mode to 9876000024: Twilio Trial accounts cannot send this custom message. Use Twilio Trial Test mode or upgrade/configure the Twilio account for production SMS.
2026-09-15T09:56:41.254Z  INFO 13249 --- [kisansarthi-backend] [ool-3-thread-24] c.kisansarthi.slot.SlotEventPublisher    : Broadcasted real-time event [BOOKING_CREATED] for mandi [mandi-pg-sehore] post-commit
2026-09-15T09:56:41.257Z  INFO 13249 --- [kisansarthi-backend] [ool-3-thread-24] c.kisansarthi.slot.SlotEventPublisher    : Broadcasted real-time event [SLOT_CAPACITY_CHANGED] for mandi [mandi-pg-sehore] post-commit
2026-09-15T09:56:41.277Z  INFO 13249 --- [kisansarthi-backend] [ool-3-thread-19] c.k.booking.BookingTransactionExecutor   : Official Token MP-SEH-016 successfully generated and committed for farmer 9876000019 at mandi mandi-pg-sehore in slot 08:00 AM - 10:00 AM
2026-09-15T09:56:41.280Z  INFO 13249 --- [kisansarthi-backend] [ool-3-thread-19] c.kisansarthi.slot.SlotEventPublisher    : Broadcasted real-time event [BOOKING_CREATED] for mandi [mandi-pg-sehore] post-commit
2026-09-15T09:56:41.279Z  WARN 13249 --- [kisansarthi-backend] [      Thread-19] com.kisansarthi.sms.SmsService           : [SMS SERVICE] Blocked custom message dispatch in Trial mode to 9876000019: Twilio Trial accounts cannot send this custom message. Use Twilio Trial Test mode or upgrade/configure the Twilio account for production SMS.
2026-09-15T09:56:41.281Z  INFO 13249 --- [kisansarthi-backend] [ool-3-thread-19] c.kisansarthi.slot.SlotEventPublisher    : Broadcasted real-time event [SLOT_CAPACITY_CHANGED] for mandi [mandi-pg-sehore] post-commit
2026-09-15T09:56:41.360Z  INFO 13249 --- [kisansarthi-backend] [ool-3-thread-25] c.k.booking.BookingTransactionExecutor   : Official Token MP-SEH-017 successfully generated and committed for farmer 9876000025 at mandi mandi-pg-sehore in slot 08:00 AM - 10:00 AM
2026-09-15T09:56:41.363Z  INFO 13249 --- [kisansarthi-backend] [ool-3-thread-25] c.kisansarthi.slot.SlotEventPublisher    : Broadcasted real-time event [BOOKING_CREATED] for mandi [mandi-pg-sehore] post-commit
2026-09-15T09:56:41.365Z  WARN 13249 --- [kisansarthi-backend] [      Thread-20] com.kisansarthi.sms.SmsService           : [SMS SERVICE] Blocked custom message dispatch in Trial mode to 9876000025: Twilio Trial accounts cannot send this custom message. Use Twilio Trial Test mode or upgrade/configure the Twilio account for production SMS.
2026-09-15T09:56:41.366Z  INFO 13249 --- [kisansarthi-backend] [ool-3-thread-25] c.kisansarthi.slot.SlotEventPublisher    : Broadcasted real-time event [SLOT_CAPACITY_CHANGED] for mandi [mandi-pg-sehore] post-commit
2026-09-15T09:56:41.390Z  INFO 13249 --- [kisansarthi-backend] [ool-3-thread-11] c.k.booking.BookingTransactionExecutor   : Official Token MP-SEH-018 successfully generated and committed for farmer 9876000011 at mandi mandi-pg-sehore in slot 08:00 AM - 10:00 AM
2026-09-15T09:56:41.393Z  INFO 13249 --- [kisansarthi-backend] [ool-3-thread-11] c.kisansarthi.slot.SlotEventPublisher    : Broadcasted real-time event [BOOKING_CREATED] for mandi [mandi-pg-sehore] post-commit
2026-09-15T09:56:41.393Z  WARN 13249 --- [kisansarthi-backend] [      Thread-21] com.kisansarthi.sms.SmsService           : [SMS SERVICE] Blocked custom message dispatch in Trial mode to 9876000011: Twilio Trial accounts cannot send this custom message. Use Twilio Trial Test mode or upgrade/configure the Twilio account for production SMS.
2026-09-15T09:56:41.453Z  INFO 13249 --- [kisansarthi-backend] [ool-3-thread-11] c.kisansarthi.slot.SlotEventPublisher    : Broadcasted real-time event [SLOT_CAPACITY_CHANGED] for mandi [mandi-pg-sehore] post-commit
2026-09-15T09:56:41.479Z  INFO 13249 --- [kisansarthi-backend] [ool-3-thread-22] c.k.booking.BookingTransactionExecutor   : Official Token MP-SEH-019 successfully generated and committed for farmer 9876000022 at mandi mandi-pg-sehore in slot 08:00 AM - 10:00 AM
2026-09-15T09:56:41.482Z  WARN 13249 --- [kisansarthi-backend] [      Thread-22] com.kisansarthi.sms.SmsService           : [SMS SERVICE] Blocked custom message dispatch in Trial mode to 9876000022: Twilio Trial accounts cannot send this custom message. Use Twilio Trial Test mode or upgrade/configure the Twilio account for production SMS.
2026-09-15T09:56:41.482Z  INFO 13249 --- [kisansarthi-backend] [ool-3-thread-22] c.kisansarthi.slot.SlotEventPublisher    : Broadcasted real-time event [BOOKING_CREATED] for mandi [mandi-pg-sehore] post-commit
2026-09-15T09:56:41.483Z  INFO 13249 --- [kisansarthi-backend] [ool-3-thread-22] c.kisansarthi.slot.SlotEventPublisher    : Broadcasted real-time event [SLOT_CAPACITY_CHANGED] for mandi [mandi-pg-sehore] post-commit
2026-09-15T09:56:41.567Z  INFO 13249 --- [kisansarthi-backend] [ool-3-thread-23] c.k.booking.BookingTransactionExecutor   : Official Token MP-SEH-020 successfully generated and committed for farmer 9876000023 at mandi mandi-pg-sehore in slot 08:00 AM - 10:00 AM
2026-09-15T09:56:41.569Z  WARN 13249 --- [kisansarthi-backend] [      Thread-23] com.kisansarthi.sms.SmsService           : [SMS SERVICE] Blocked custom message dispatch in Trial mode to 9876000023: Twilio Trial accounts cannot send this custom message. Use Twilio Trial Test mode or upgrade/configure the Twilio account for production SMS.
2026-09-15T09:56:41.570Z  INFO 13249 --- [kisansarthi-backend] [ool-3-thread-23] c.kisansarthi.slot.SlotEventPublisher    : Broadcasted real-time event [BOOKING_CREATED] for mandi [mandi-pg-sehore] post-commit
2026-09-15T09:56:41.571Z  INFO 13249 --- [kisansarthi-backend] [ool-3-thread-23] c.kisansarthi.slot.SlotEventPublisher    : Broadcasted real-time event [SLOT_CAPACITY_CHANGED] for mandi [mandi-pg-sehore] post-commit
2026-09-15T09:56:41.593Z  INFO 13249 --- [kisansarthi-backend] [ool-3-thread-16] c.k.booking.BookingTransactionExecutor   : Official Token MP-SEH-021 successfully generated and committed for farmer 9876000016 at mandi mandi-pg-sehore in slot 08:00 AM - 10:00 AM
2026-09-15T09:56:41.596Z  WARN 13249 --- [kisansarthi-backend] [      Thread-24] com.kisansarthi.sms.SmsService           : [SMS SERVICE] Blocked custom message dispatch in Trial mode to 9876000016: Twilio Trial accounts cannot send this custom message. Use Twilio Trial Test mode or upgrade/configure the Twilio account for production SMS.
2026-09-15T09:56:41.596Z  INFO 13249 --- [kisansarthi-backend] [ool-3-thread-16] c.kisansarthi.slot.SlotEventPublisher    : Broadcasted real-time event [BOOKING_CREATED] for mandi [mandi-pg-sehore] post-commit
2026-09-15T09:56:41.652Z  INFO 13249 --- [kisansarthi-backend] [ool-3-thread-16] c.kisansarthi.slot.SlotEventPublisher    : Broadcasted real-time event [SLOT_CAPACITY_CHANGED] for mandi [mandi-pg-sehore] post-commit
2026-09-15T09:56:41.681Z  INFO 13249 --- [kisansarthi-backend] [ool-3-thread-13] c.k.booking.BookingTransactionExecutor   : Official Token MP-SEH-022 successfully generated and committed for farmer 9876000013 at mandi mandi-pg-sehore in slot 08:00 AM - 10:00 AM
2026-09-15T09:56:41.684Z  INFO 13249 --- [kisansarthi-backend] [ool-3-thread-13] c.kisansarthi.slot.SlotEventPublisher    : Broadcasted real-time event [BOOKING_CREATED] for mandi [mandi-pg-sehore] post-commit
2026-09-15T09:56:41.685Z  INFO 13249 --- [kisansarthi-backend] [ool-3-thread-13] c.kisansarthi.slot.SlotEventPublisher    : Broadcasted real-time event [SLOT_CAPACITY_CHANGED] for mandi [mandi-pg-sehore] post-commit
2026-09-15T09:56:41.686Z  WARN 13249 --- [kisansarthi-backend] [      Thread-25] com.kisansarthi.sms.SmsService           : [SMS SERVICE] Blocked custom message dispatch in Trial mode to 9876000013: Twilio Trial accounts cannot send this custom message. Use Twilio Trial Test mode or upgrade/configure the Twilio account for production SMS.
2026-09-15T09:56:41.768Z  INFO 13249 --- [kisansarthi-backend] [pool-3-thread-3] c.k.booking.BookingTransactionExecutor   : Official Token MP-SEH-023 successfully generated and committed for farmer 9876000037 at mandi mandi-pg-sehore in slot 08:00 AM - 10:00 AM
2026-09-15T09:56:41.771Z  INFO 13249 --- [kisansarthi-backend] [pool-3-thread-3] c.kisansarthi.slot.SlotEventPublisher    : Broadcasted real-time event [BOOKING_CREATED] for mandi [mandi-pg-sehore] post-commit
2026-09-15T09:56:41.771Z  INFO 13249 --- [kisansarthi-backend] [pool-3-thread-3] c.kisansarthi.slot.SlotEventPublisher    : Broadcasted real-time event [SLOT_CAPACITY_CHANGED] for mandi [mandi-pg-sehore] post-commit
2026-09-15T09:56:41.775Z  WARN 13249 --- [kisansarthi-backend] [      Thread-26] com.kisansarthi.sms.SmsService           : [SMS SERVICE] Blocked custom message dispatch in Trial mode to 9876000037: Twilio Trial accounts cannot send this custom message. Use Twilio Trial Test mode or upgrade/configure the Twilio account for production SMS.
2026-09-15T09:56:41.805Z  INFO 13249 --- [kisansarthi-backend] [ool-3-thread-17] c.k.booking.BookingTransactionExecutor   : Official Token MP-SEH-024 successfully generated and committed for farmer 9876000027 at mandi mandi-pg-sehore in slot 08:00 AM - 10:00 AM
2026-09-15T09:56:41.809Z  INFO 13249 --- [kisansarthi-backend] [ool-3-thread-17] c.kisansarthi.slot.SlotEventPublisher    : Broadcasted real-time event [BOOKING_CREATED] for mandi [mandi-pg-sehore] post-commit
2026-09-15T09:56:41.810Z  INFO 13249 --- [kisansarthi-backend] [ool-3-thread-17] c.kisansarthi.slot.SlotEventPublisher    : Broadcasted real-time event [SLOT_CAPACITY_CHANGED] for mandi [mandi-pg-sehore] post-commit
2026-09-15T09:56:41.852Z  WARN 13249 --- [kisansarthi-backend] [      Thread-27] com.kisansarthi.sms.SmsService           : [SMS SERVICE] Blocked custom message dispatch in Trial mode to 9876000027: Twilio Trial accounts cannot send this custom message. Use Twilio Trial Test mode or upgrade/configure the Twilio account for production SMS.
2026-09-15T09:56:41.874Z  INFO 13249 --- [kisansarthi-backend] [pool-3-thread-9] c.k.booking.BookingTransactionExecutor   : Official Token MP-SEH-025 successfully generated and committed for farmer 9876000031 at mandi mandi-pg-sehore in slot 08:00 AM - 10:00 AM
2026-09-15T09:56:41.877Z  WARN 13249 --- [kisansarthi-backend] [      Thread-28] com.kisansarthi.sms.SmsService           : [SMS SERVICE] Blocked custom message dispatch in Trial mode to 9876000031: Twilio Trial accounts cannot send this custom message. Use Twilio Trial Test mode or upgrade/configure the Twilio account for production SMS.
2026-09-15T09:56:41.877Z  INFO 13249 --- [kisansarthi-backend] [pool-3-thread-9] c.kisansarthi.slot.SlotEventPublisher    : Broadcasted real-time event [BOOKING_CREATED] for mandi [mandi-pg-sehore] post-commit
2026-09-15T09:56:41.878Z  INFO 13249 --- [kisansarthi-backend] [pool-3-thread-9] c.kisansarthi.slot.SlotEventPublisher    : Broadcasted real-time event [SLOT_CAPACITY_CHANGED] for mandi [mandi-pg-sehore] post-commit
2026-09-15T09:56:41.953Z  INFO 13249 --- [kisansarthi-backend] [pool-3-thread-8] c.k.booking.BookingTransactionExecutor   : Official Token MP-SEH-026 successfully generated and committed for farmer 9876000008 at mandi mandi-pg-sehore in slot 08:00 AM - 10:00 AM
2026-09-15T09:56:41.957Z  WARN 13249 --- [kisansarthi-backend] [      Thread-29] com.kisansarthi.sms.SmsService           : [SMS SERVICE] Blocked custom message dispatch in Trial mode to 9876000008: Twilio Trial accounts cannot send this custom message. Use Twilio Trial Test mode or upgrade/configure the Twilio account for production SMS.
2026-09-15T09:56:41.957Z  INFO 13249 --- [kisansarthi-backend] [pool-3-thread-8] c.kisansarthi.slot.SlotEventPublisher    : Broadcasted real-time event [BOOKING_CREATED] for mandi [mandi-pg-sehore] post-commit
2026-09-15T09:56:41.959Z  INFO 13249 --- [kisansarthi-backend] [pool-3-thread-8] c.kisansarthi.slot.SlotEventPublisher    : Broadcasted real-time event [SLOT_CAPACITY_CHANGED] for mandi [mandi-pg-sehore] post-commit
2026-09-15T09:56:41.978Z  INFO 13249 --- [kisansarthi-backend] [pool-3-thread-4] c.k.booking.BookingTransactionExecutor   : Official Token MP-SEH-027 successfully generated and committed for farmer 9876000004 at mandi mandi-pg-sehore in slot 08:00 AM - 10:00 AM
2026-09-15T09:56:41.981Z  INFO 13249 --- [kisansarthi-backend] [pool-3-thread-4] c.kisansarthi.slot.SlotEventPublisher    : Broadcasted real-time event [BOOKING_CREATED] for mandi [mandi-pg-sehore] post-commit
2026-09-15T09:56:41.981Z  WARN 13249 --- [kisansarthi-backend] [      Thread-30] com.kisansarthi.sms.SmsService           : [SMS SERVICE] Blocked custom message dispatch in Trial mode to 9876000004: Twilio Trial accounts cannot send this custom message. Use Twilio Trial Test mode or upgrade/configure the Twilio account for production SMS.
2026-09-15T09:56:41.982Z  INFO 13249 --- [kisansarthi-backend] [pool-3-thread-4] c.kisansarthi.slot.SlotEventPublisher    : Broadcasted real-time event [SLOT_CAPACITY_CHANGED] for mandi [mandi-pg-sehore] post-commit
2026-09-15T09:56:42.056Z  INFO 13249 --- [kisansarthi-backend] [pool-3-thread-5] c.k.booking.BookingTransactionExecutor   : Official Token MP-SEH-028 successfully generated and committed for farmer 9876000028 at mandi mandi-pg-sehore in slot 08:00 AM - 10:00 AM
2026-09-15T09:56:42.063Z  WARN 13249 --- [kisansarthi-backend] [      Thread-31] com.kisansarthi.sms.SmsService           : [SMS SERVICE] Blocked custom message dispatch in Trial mode to 9876000028: Twilio Trial accounts cannot send this custom message. Use Twilio Trial Test mode or upgrade/configure the Twilio account for production SMS.
2026-09-15T09:56:42.064Z  INFO 13249 --- [kisansarthi-backend] [pool-3-thread-5] c.kisansarthi.slot.SlotEventPublisher    : Broadcasted real-time event [BOOKING_CREATED] for mandi [mandi-pg-sehore] post-commit
2026-09-15T09:56:42.064Z  INFO 13249 --- [kisansarthi-backend] [pool-3-thread-5] c.kisansarthi.slot.SlotEventPublisher    : Broadcasted real-time event [SLOT_CAPACITY_CHANGED] for mandi [mandi-pg-sehore] post-commit
2026-09-15T09:56:42.087Z  INFO 13249 --- [kisansarthi-backend] [pool-3-thread-7] c.k.booking.BookingTransactionExecutor   : Official Token MP-SEH-029 successfully generated and committed for farmer 9876000032 at mandi mandi-pg-sehore in slot 08:00 AM - 10:00 AM
2026-09-15T09:56:42.089Z  WARN 13249 --- [kisansarthi-backend] [      Thread-32] com.kisansarthi.sms.SmsService           : [SMS SERVICE] Blocked custom message dispatch in Trial mode to 9876000032: Twilio Trial accounts cannot send this custom message. Use Twilio Trial Test mode or upgrade/configure the Twilio account for production SMS.
2026-09-15T09:56:42.090Z  INFO 13249 --- [kisansarthi-backend] [pool-3-thread-7] c.kisansarthi.slot.SlotEventPublisher    : Broadcasted real-time event [BOOKING_CREATED] for mandi [mandi-pg-sehore] post-commit
2026-09-15T09:56:42.091Z  INFO 13249 --- [kisansarthi-backend] [pool-3-thread-7] c.kisansarthi.slot.SlotEventPublisher    : Broadcasted real-time event [SLOT_CAPACITY_CHANGED] for mandi [mandi-pg-sehore] post-commit
2026-09-15T09:56:42.160Z  INFO 13249 --- [kisansarthi-backend] [ool-3-thread-21] c.k.booking.BookingTransactionExecutor   : Official Token MP-SEH-030 successfully generated and committed for farmer 9876000033 at mandi mandi-pg-sehore in slot 08:00 AM - 10:00 AM
2026-09-15T09:56:42.163Z  WARN 13249 --- [kisansarthi-backend] [      Thread-33] com.kisansarthi.sms.SmsService           : [SMS SERVICE] Blocked custom message dispatch in Trial mode to 9876000033: Twilio Trial accounts cannot send this custom message. Use Twilio Trial Test mode or upgrade/configure the Twilio account for production SMS.
2026-09-15T09:56:42.164Z  INFO 13249 --- [kisansarthi-backend] [ool-3-thread-21] c.kisansarthi.slot.SlotEventPublisher    : Broadcasted real-time event [BOOKING_CREATED] for mandi [mandi-pg-sehore] post-commit
2026-09-15T09:56:42.165Z  INFO 13249 --- [kisansarthi-backend] [ool-3-thread-21] c.kisansarthi.slot.SlotEventPublisher    : Broadcasted real-time event [SLOT_CAPACITY_CHANGED] for mandi [mandi-pg-sehore] post-commit
2026-09-15T09:56:42.188Z  INFO 13249 --- [kisansarthi-backend] [pool-3-thread-2] c.k.booking.BookingTransactionExecutor   : Official Token MP-SEH-031 successfully generated and committed for farmer 9876000002 at mandi mandi-pg-sehore in slot 08:00 AM - 10:00 AM
2026-09-15T09:56:42.190Z  WARN 13249 --- [kisansarthi-backend] [      Thread-34] com.kisansarthi.sms.SmsService           : [SMS SERVICE] Blocked custom message dispatch in Trial mode to 9876000002: Twilio Trial accounts cannot send this custom message. Use Twilio Trial Test mode or upgrade/configure the Twilio account for production SMS.
2026-09-15T09:56:42.190Z  INFO 13249 --- [kisansarthi-backend] [pool-3-thread-2] c.kisansarthi.slot.SlotEventPublisher    : Broadcasted real-time event [BOOKING_CREATED] for mandi [mandi-pg-sehore] post-commit
2026-09-15T09:56:42.192Z  INFO 13249 --- [kisansarthi-backend] [pool-3-thread-2] c.kisansarthi.slot.SlotEventPublisher    : Broadcasted real-time event [SLOT_CAPACITY_CHANGED] for mandi [mandi-pg-sehore] post-commit
2026-09-15T09:56:42.256Z  INFO 13249 --- [kisansarthi-backend] [ool-3-thread-15] c.k.booking.BookingTransactionExecutor   : Official Token MP-SEH-032 successfully generated and committed for farmer 9876000038 at mandi mandi-pg-sehore in slot 08:00 AM - 10:00 AM
2026-09-15T09:56:42.262Z  INFO 13249 --- [kisansarthi-backend] [ool-3-thread-15] c.kisansarthi.slot.SlotEventPublisher    : Broadcasted real-time event [BOOKING_CREATED] for mandi [mandi-pg-sehore] post-commit
2026-09-15T09:56:42.262Z  INFO 13249 --- [kisansarthi-backend] [ool-3-thread-15] c.kisansarthi.slot.SlotEventPublisher    : Broadcasted real-time event [SLOT_CAPACITY_CHANGED] for mandi [mandi-pg-sehore] post-commit
2026-09-15T09:56:42.269Z  WARN 13249 --- [kisansarthi-backend] [      Thread-35] com.kisansarthi.sms.SmsService           : [SMS SERVICE] Blocked custom message dispatch in Trial mode to 9876000038: Twilio Trial accounts cannot send this custom message. Use Twilio Trial Test mode or upgrade/configure the Twilio account for production SMS.
2026-09-15T09:56:42.282Z  INFO 13249 --- [kisansarthi-backend] [pool-3-thread-3] c.k.booking.BookingTransactionExecutor   : Official Token MP-SEH-033 successfully generated and committed for farmer 9876000048 at mandi mandi-pg-sehore in slot 08:00 AM - 10:00 AM
2026-09-15T09:56:42.284Z  INFO 13249 --- [kisansarthi-backend] [pool-3-thread-3] c.kisansarthi.slot.SlotEventPublisher    : Broadcasted real-time event [BOOKING_CREATED] for mandi [mandi-pg-sehore] post-commit
2026-09-15T09:56:42.285Z  INFO 13249 --- [kisansarthi-backend] [pool-3-thread-3] c.kisansarthi.slot.SlotEventPublisher    : Broadcasted real-time event [SLOT_CAPACITY_CHANGED] for mandi [mandi-pg-sehore] post-commit
2026-09-15T09:56:42.289Z  WARN 13249 --- [kisansarthi-backend] [      Thread-36] com.kisansarthi.sms.SmsService           : [SMS SERVICE] Blocked custom message dispatch in Trial mode to 9876000048: Twilio Trial accounts cannot send this custom message. Use Twilio Trial Test mode or upgrade/configure the Twilio account for production SMS.
2026-09-15T09:56:42.312Z  INFO 13249 --- [kisansarthi-backend] [ool-3-thread-12] c.k.booking.BookingTransactionExecutor   : Official Token MP-SEH-034 successfully generated and committed for farmer 9876000030 at mandi mandi-pg-sehore in slot 08:00 AM - 10:00 AM
2026-09-15T09:56:42.314Z  WARN 13249 --- [kisansarthi-backend] [      Thread-37] com.kisansarthi.sms.SmsService           : [SMS SERVICE] Blocked custom message dispatch in Trial mode to 9876000030: Twilio Trial accounts cannot send this custom message. Use Twilio Trial Test mode or upgrade/configure the Twilio account for production SMS.
2026-09-15T09:56:42.352Z  INFO 13249 --- [kisansarthi-backend] [ool-3-thread-12] c.kisansarthi.slot.SlotEventPublisher    : Broadcasted real-time event [BOOKING_CREATED] for mandi [mandi-pg-sehore] post-commit
2026-09-15T09:56:42.352Z  INFO 13249 --- [kisansarthi-backend] [ool-3-thread-12] c.kisansarthi.slot.SlotEventPublisher    : Broadcasted real-time event [SLOT_CAPACITY_CHANGED] for mandi [mandi-pg-sehore] post-commit
2026-09-15T09:56:42.367Z  INFO 13249 --- [kisansarthi-backend] [ool-3-thread-15] c.k.booking.BookingTransactionExecutor   : Official Token MP-SEH-035 successfully generated and committed for farmer 9876000057 at mandi mandi-pg-sehore in slot 08:00 AM - 10:00 AM
2026-09-15T09:56:42.369Z  INFO 13249 --- [kisansarthi-backend] [ool-3-thread-15] c.kisansarthi.slot.SlotEventPublisher    : Broadcasted real-time event [BOOKING_CREATED] for mandi [mandi-pg-sehore] post-commit
2026-09-15T09:56:42.370Z  INFO 13249 --- [kisansarthi-backend] [ool-3-thread-15] c.kisansarthi.slot.SlotEventPublisher    : Broadcasted real-time event [SLOT_CAPACITY_CHANGED] for mandi [mandi-pg-sehore] post-commit
2026-09-15T09:56:42.370Z  WARN 13249 --- [kisansarthi-backend] [      Thread-38] com.kisansarthi.sms.SmsService           : [SMS SERVICE] Blocked custom message dispatch in Trial mode to 9876000057: Twilio Trial accounts cannot send this custom message. Use Twilio Trial Test mode or upgrade/configure the Twilio account for production SMS.
2026-09-15T09:56:42.473Z  INFO 13249 --- [kisansarthi-backend] [ool-3-thread-20] c.k.booking.BookingTransactionExecutor   : Official Token MP-SEH-036 successfully generated and committed for farmer 9876000029 at mandi mandi-pg-sehore in slot 08:00 AM - 10:00 AM
2026-09-15T09:56:42.478Z  INFO 13249 --- [kisansarthi-backend] [ool-3-thread-20] c.kisansarthi.slot.SlotEventPublisher    : Broadcasted real-time event [BOOKING_CREATED] for mandi [mandi-pg-sehore] post-commit
2026-09-15T09:56:42.479Z  INFO 13249 --- [kisansarthi-backend] [ool-3-thread-20] c.kisansarthi.slot.SlotEventPublisher    : Broadcasted real-time event [SLOT_CAPACITY_CHANGED] for mandi [mandi-pg-sehore] post-commit
2026-09-15T09:56:42.481Z  WARN 13249 --- [kisansarthi-backend] [      Thread-39] com.kisansarthi.sms.SmsService           : [SMS SERVICE] Blocked custom message dispatch in Trial mode to 9876000029: Twilio Trial accounts cannot send this custom message. Use Twilio Trial Test mode or upgrade/configure the Twilio account for production SMS.
2026-09-15T09:56:42.500Z  INFO 13249 --- [kisansarthi-backend] [ool-3-thread-18] c.k.booking.BookingTransactionExecutor   : Official Token MP-SEH-037 successfully generated and committed for farmer 9876000026 at mandi mandi-pg-sehore in slot 08:00 AM - 10:00 AM
2026-09-15T09:56:42.503Z  WARN 13249 --- [kisansarthi-backend] [      Thread-40] com.kisansarthi.sms.SmsService           : [SMS SERVICE] Blocked custom message dispatch in Trial mode to 9876000026: Twilio Trial accounts cannot send this custom message. Use Twilio Trial Test mode or upgrade/configure the Twilio account for production SMS.
2026-09-15T09:56:42.504Z  INFO 13249 --- [kisansarthi-backend] [ool-3-thread-18] c.kisansarthi.slot.SlotEventPublisher    : Broadcasted real-time event [BOOKING_CREATED] for mandi [mandi-pg-sehore] post-commit
2026-09-15T09:56:42.505Z  INFO 13249 --- [kisansarthi-backend] [ool-3-thread-18] c.kisansarthi.slot.SlotEventPublisher    : Broadcasted real-time event [SLOT_CAPACITY_CHANGED] for mandi [mandi-pg-sehore] post-commit
2026-09-15T09:56:42.562Z  INFO 13249 --- [kisansarthi-backend] [pool-3-thread-1] c.k.booking.BookingTransactionExecutor   : Official Token MP-SEH-038 successfully generated and committed for farmer 9876000034 at mandi mandi-pg-sehore in slot 08:00 AM - 10:00 AM
2026-09-15T09:56:42.564Z  WARN 13249 --- [kisansarthi-backend] [      Thread-41] com.kisansarthi.sms.SmsService           : [SMS SERVICE] Blocked custom message dispatch in Trial mode to 9876000034: Twilio Trial accounts cannot send this custom message. Use Twilio Trial Test mode or upgrade/configure the Twilio account for production SMS.
2026-09-15T09:56:42.564Z  INFO 13249 --- [kisansarthi-backend] [pool-3-thread-1] c.kisansarthi.slot.SlotEventPublisher    : Broadcasted real-time event [BOOKING_CREATED] for mandi [mandi-pg-sehore] post-commit
2026-09-15T09:56:42.565Z  INFO 13249 --- [kisansarthi-backend] [pool-3-thread-1] c.kisansarthi.slot.SlotEventPublisher    : Broadcasted real-time event [SLOT_CAPACITY_CHANGED] for mandi [mandi-pg-sehore] post-commit
2026-09-15T09:56:42.578Z  INFO 13249 --- [kisansarthi-backend] [ool-3-thread-10] c.k.booking.BookingTransactionExecutor   : Official Token MP-SEH-039 successfully generated and committed for farmer 9876000035 at mandi mandi-pg-sehore in slot 08:00 AM - 10:00 AM
2026-09-15T09:56:42.580Z  WARN 13249 --- [kisansarthi-backend] [      Thread-42] com.kisansarthi.sms.SmsService           : [SMS SERVICE] Blocked custom message dispatch in Trial mode to 9876000035: Twilio Trial accounts cannot send this custom message. Use Twilio Trial Test mode or upgrade/configure the Twilio account for production SMS.
2026-09-15T09:56:42.580Z  INFO 13249 --- [kisansarthi-backend] [ool-3-thread-10] c.kisansarthi.slot.SlotEventPublisher    : Broadcasted real-time event [BOOKING_CREATED] for mandi [mandi-pg-sehore] post-commit
2026-09-15T09:56:42.581Z  INFO 13249 --- [kisansarthi-backend] [ool-3-thread-10] c.kisansarthi.slot.SlotEventPublisher    : Broadcasted real-time event [SLOT_CAPACITY_CHANGED] for mandi [mandi-pg-sehore] post-commit
2026-09-15T09:56:42.656Z  INFO 13249 --- [kisansarthi-backend] [ool-3-thread-24] c.k.booking.BookingTransactionExecutor   : Official Token MP-SEH-040 successfully generated and committed for farmer 9876000040 at mandi mandi-pg-sehore in slot 08:00 AM - 10:00 AM
2026-09-15T09:56:42.658Z  WARN 13249 --- [kisansarthi-backend] [      Thread-43] com.kisansarthi.sms.SmsService           : [SMS SERVICE] Blocked custom message dispatch in Trial mode to 9876000040: Twilio Trial accounts cannot send this custom message. Use Twilio Trial Test mode or upgrade/configure the Twilio account for production SMS.
2026-09-15T09:56:42.658Z  INFO 13249 --- [kisansarthi-backend] [ool-3-thread-24] c.kisansarthi.slot.SlotEventPublisher    : Broadcasted real-time event [BOOKING_CREATED] for mandi [mandi-pg-sehore] post-commit
2026-09-15T09:56:42.660Z  INFO 13249 --- [kisansarthi-backend] [ool-3-thread-24] c.kisansarthi.slot.SlotEventPublisher    : Broadcasted real-time event [SLOT_CAPACITY_CHANGED] for mandi [mandi-pg-sehore] post-commit
2026-09-15T09:56:42.676Z  INFO 13249 --- [kisansarthi-backend] [ool-3-thread-19] c.k.booking.BookingTransactionExecutor   : Official Token MP-SEH-041 successfully generated and committed for farmer 9876000041 at mandi mandi-pg-sehore in slot 08:00 AM - 10:00 AM
2026-09-15T09:56:42.678Z  INFO 13249 --- [kisansarthi-backend] [ool-3-thread-19] c.kisansarthi.slot.SlotEventPublisher    : Broadcasted real-time event [BOOKING_CREATED] for mandi [mandi-pg-sehore] post-commit
2026-09-15T09:56:42.678Z  WARN 13249 --- [kisansarthi-backend] [      Thread-44] com.kisansarthi.sms.SmsService           : [SMS SERVICE] Blocked custom message dispatch in Trial mode to 9876000041: Twilio Trial accounts cannot send this custom message. Use Twilio Trial Test mode or upgrade/configure the Twilio account for production SMS.
2026-09-15T09:56:42.679Z  INFO 13249 --- [kisansarthi-backend] [ool-3-thread-19] c.kisansarthi.slot.SlotEventPublisher    : Broadcasted real-time event [SLOT_CAPACITY_CHANGED] for mandi [mandi-pg-sehore] post-commit
2026-09-15T09:56:42.698Z  INFO 13249 --- [kisansarthi-backend] [pool-3-thread-6] c.k.booking.BookingTransactionExecutor   : Official Token MP-SEH-042 successfully generated and committed for farmer 9876000036 at mandi mandi-pg-sehore in slot 08:00 AM - 10:00 AM
2026-09-15T09:56:42.700Z  WARN 13249 --- [kisansarthi-backend] [      Thread-45] com.kisansarthi.sms.SmsService           : [SMS SERVICE] Blocked custom message dispatch in Trial mode to 9876000036: Twilio Trial accounts cannot send this custom message. Use Twilio Trial Test mode or upgrade/configure the Twilio account for production SMS.
2026-09-15T09:56:42.701Z  INFO 13249 --- [kisansarthi-backend] [pool-3-thread-6] c.kisansarthi.slot.SlotEventPublisher    : Broadcasted real-time event [BOOKING_CREATED] for mandi [mandi-pg-sehore] post-commit
2026-09-15T09:56:42.701Z  INFO 13249 --- [kisansarthi-backend] [pool-3-thread-6] c.kisansarthi.slot.SlotEventPublisher    : Broadcasted real-time event [SLOT_CAPACITY_CHANGED] for mandi [mandi-pg-sehore] post-commit
2026-09-15T09:56:42.757Z  INFO 13249 --- [kisansarthi-backend] [ool-3-thread-14] c.k.booking.BookingTransactionExecutor   : Official Token MP-SEH-043 successfully generated and committed for farmer 9876000039 at mandi mandi-pg-sehore in slot 08:00 AM - 10:00 AM
2026-09-15T09:56:42.760Z  WARN 13249 --- [kisansarthi-backend] [      Thread-46] com.kisansarthi.sms.SmsService           : [SMS SERVICE] Blocked custom message dispatch in Trial mode to 9876000039: Twilio Trial accounts cannot send this custom message. Use Twilio Trial Test mode or upgrade/configure the Twilio account for production SMS.
2026-09-15T09:56:42.766Z  INFO 13249 --- [kisansarthi-backend] [ool-3-thread-14] c.kisansarthi.slot.SlotEventPublisher    : Broadcasted real-time event [BOOKING_CREATED] for mandi [mandi-pg-sehore] post-commit
2026-09-15T09:56:42.769Z  INFO 13249 --- [kisansarthi-backend] [ool-3-thread-14] c.kisansarthi.slot.SlotEventPublisher    : Broadcasted real-time event [SLOT_CAPACITY_CHANGED] for mandi [mandi-pg-sehore] post-commit
2026-09-15T09:56:42.780Z  INFO 13249 --- [kisansarthi-backend] [pool-3-thread-2] c.k.booking.BookingTransactionExecutor   : Official Token MP-SEH-044 successfully generated and committed for farmer 9876000056 at mandi mandi-pg-sehore in slot 08:00 AM - 10:00 AM
2026-09-15T09:56:42.783Z  INFO 13249 --- [kisansarthi-backend] [pool-3-thread-2] c.kisansarthi.slot.SlotEventPublisher    : Broadcasted real-time event [BOOKING_CREATED] for mandi [mandi-pg-sehore] post-commit
2026-09-15T09:56:42.783Z  WARN 13249 --- [kisansarthi-backend] [      Thread-47] com.kisansarthi.sms.SmsService           : [SMS SERVICE] Blocked custom message dispatch in Trial mode to 9876000056: Twilio Trial accounts cannot send this custom message. Use Twilio Trial Test mode or upgrade/configure the Twilio account for production SMS.
2026-09-15T09:56:42.784Z  INFO 13249 --- [kisansarthi-backend] [pool-3-thread-2] c.kisansarthi.slot.SlotEventPublisher    : Broadcasted real-time event [SLOT_CAPACITY_CHANGED] for mandi [mandi-pg-sehore] post-commit
2026-09-15T09:56:42.856Z  INFO 13249 --- [kisansarthi-backend] [ool-3-thread-12] c.k.booking.BookingTransactionExecutor   : Official Token MP-SEH-045 successfully generated and committed for farmer 9876000059 at mandi mandi-pg-sehore in slot 08:00 AM - 10:00 AM
2026-09-15T09:56:42.858Z  WARN 13249 --- [kisansarthi-backend] [      Thread-48] com.kisansarthi.sms.SmsService           : [SMS SERVICE] Blocked custom message dispatch in Trial mode to 9876000059: Twilio Trial accounts cannot send this custom message. Use Twilio Trial Test mode or upgrade/configure the Twilio account for production SMS.
2026-09-15T09:56:42.858Z  INFO 13249 --- [kisansarthi-backend] [ool-3-thread-12] c.kisansarthi.slot.SlotEventPublisher    : Broadcasted real-time event [BOOKING_CREATED] for mandi [mandi-pg-sehore] post-commit
2026-09-15T09:56:42.858Z  INFO 13249 --- [kisansarthi-backend] [ool-3-thread-12] c.kisansarthi.slot.SlotEventPublisher    : Broadcasted real-time event [SLOT_CAPACITY_CHANGED] for mandi [mandi-pg-sehore] post-commit
2026-09-15T09:56:42.870Z  INFO 13249 --- [kisansarthi-backend] [pool-3-thread-7] c.k.booking.BookingTransactionExecutor   : Official Token MP-SEH-046 successfully generated and committed for farmer 9876000054 at mandi mandi-pg-sehore in slot 08:00 AM - 10:00 AM
2026-09-15T09:56:42.872Z  WARN 13249 --- [kisansarthi-backend] [      Thread-49] com.kisansarthi.sms.SmsService           : [SMS SERVICE] Blocked custom message dispatch in Trial mode to 9876000054: Twilio Trial accounts cannot send this custom message. Use Twilio Trial Test mode or upgrade/configure the Twilio account for production SMS.
2026-09-15T09:56:42.872Z  INFO 13249 --- [kisansarthi-backend] [pool-3-thread-7] c.kisansarthi.slot.SlotEventPublisher    : Broadcasted real-time event [BOOKING_CREATED] for mandi [mandi-pg-sehore] post-commit
2026-09-15T09:56:42.872Z  INFO 13249 --- [kisansarthi-backend] [pool-3-thread-7] c.kisansarthi.slot.SlotEventPublisher    : Broadcasted real-time event [SLOT_CAPACITY_CHANGED] for mandi [mandi-pg-sehore] post-commit
2026-09-15T09:56:42.884Z  INFO 13249 --- [kisansarthi-backend] [pool-3-thread-3] c.k.booking.BookingTransactionExecutor   : Official Token MP-SEH-047 successfully generated and committed for farmer 9876000058 at mandi mandi-pg-sehore in slot 08:00 AM - 10:00 AM
2026-09-15T09:56:42.887Z  WARN 13249 --- [kisansarthi-backend] [      Thread-50] com.kisansarthi.sms.SmsService           : [SMS SERVICE] Blocked custom message dispatch in Trial mode to 9876000058: Twilio Trial accounts cannot send this custom message. Use Twilio Trial Test mode or upgrade/configure the Twilio account for production SMS.
2026-09-15T09:56:42.887Z  INFO 13249 --- [kisansarthi-backend] [pool-3-thread-3] c.kisansarthi.slot.SlotEventPublisher    : Broadcasted real-time event [BOOKING_CREATED] for mandi [mandi-pg-sehore] post-commit
2026-09-15T09:56:42.888Z  INFO 13249 --- [kisansarthi-backend] [pool-3-thread-3] c.kisansarthi.slot.SlotEventPublisher    : Broadcasted real-time event [SLOT_CAPACITY_CHANGED] for mandi [mandi-pg-sehore] post-commit
2026-09-15T09:56:42.955Z  INFO 13249 --- [kisansarthi-backend] [ool-3-thread-13] c.k.booking.BookingTransactionExecutor   : Official Token MP-SEH-048 successfully generated and committed for farmer 9876000047 at mandi mandi-pg-sehore in slot 08:00 AM - 10:00 AM
2026-09-15T09:56:42.957Z  WARN 13249 --- [kisansarthi-backend] [      Thread-51] com.kisansarthi.sms.SmsService           : [SMS SERVICE] Blocked custom message dispatch in Trial mode to 9876000047: Twilio Trial accounts cannot send this custom message. Use Twilio Trial Test mode or upgrade/configure the Twilio account for production SMS.
2026-09-15T09:56:42.958Z  INFO 13249 --- [kisansarthi-backend] [ool-3-thread-13] c.kisansarthi.slot.SlotEventPublisher    : Broadcasted real-time event [BOOKING_CREATED] for mandi [mandi-pg-sehore] post-commit
2026-09-15T09:56:42.958Z  INFO 13249 --- [kisansarthi-backend] [ool-3-thread-13] c.kisansarthi.slot.SlotEventPublisher    : Broadcasted real-time event [SLOT_CAPACITY_CHANGED] for mandi [mandi-pg-sehore] post-commit
2026-09-15T09:56:42.972Z  INFO 13249 --- [kisansarthi-backend] [ool-3-thread-25] c.k.booking.BookingTransactionExecutor   : Official Token MP-SEH-049 successfully generated and committed for farmer 9876000042 at mandi mandi-pg-sehore in slot 08:00 AM - 10:00 AM
2026-09-15T09:56:42.975Z  INFO 13249 --- [kisansarthi-backend] [ool-3-thread-25] c.kisansarthi.slot.SlotEventPublisher    : Broadcasted real-time event [BOOKING_CREATED] for mandi [mandi-pg-sehore] post-commit
2026-09-15T09:56:42.975Z  WARN 13249 --- [kisansarthi-backend] [      Thread-52] com.kisansarthi.sms.SmsService           : [SMS SERVICE] Blocked custom message dispatch in Trial mode to 9876000042: Twilio Trial accounts cannot send this custom message. Use Twilio Trial Test mode or upgrade/configure the Twilio account for production SMS.
2026-09-15T09:56:42.976Z  INFO 13249 --- [kisansarthi-backend] [ool-3-thread-25] c.kisansarthi.slot.SlotEventPublisher    : Broadcasted real-time event [SLOT_CAPACITY_CHANGED] for mandi [mandi-pg-sehore] post-commit
2026-09-15T09:56:42.989Z  INFO 13249 --- [kisansarthi-backend] [ool-3-thread-21] c.k.booking.BookingTransactionExecutor   : Official Token MP-SEH-050 successfully generated and committed for farmer 9876000055 at mandi mandi-pg-sehore in slot 08:00 AM - 10:00 AM
2026-09-15T09:56:42.991Z  WARN 13249 --- [kisansarthi-backend] [      Thread-53] com.kisansarthi.sms.SmsService           : [SMS SERVICE] Blocked custom message dispatch in Trial mode to 9876000055: Twilio Trial accounts cannot send this custom message. Use Twilio Trial Test mode or upgrade/configure the Twilio account for production SMS.
2026-09-15T09:56:42.991Z  INFO 13249 --- [kisansarthi-backend] [ool-3-thread-21] c.kisansarthi.slot.SlotEventPublisher    : Broadcasted real-time event [BOOKING_CREATED] for mandi [mandi-pg-sehore] post-commit
2026-09-15T09:56:42.991Z  INFO 13249 --- [kisansarthi-backend] [ool-3-thread-21] c.kisansarthi.slot.SlotEventPublisher    : Broadcasted real-time event [SLOT_CAPACITY_CHANGED] for mandi [mandi-pg-sehore] post-commit
[...]
2026-09-15T09:56:47.994Z  INFO 13249 --- [kisansarthi-backend] [pool-6-thread-4] c.kisansarthi.slot.SlotEventPublisher    : Broadcasted real-time event [SLOT_CAPACITY_CHANGED] for mandi [mandi-pg-sehore] post-commit
2026-09-15T09:56:48.003Z  INFO 13249 --- [kisansarthi-backend] [pool-6-thread-1] c.k.booking.BookingTransactionExecutor   : Official Token MP-SEH-012 successfully generated and committed for farmer 9876000016 at mandi mandi-pg-sehore in slot 11:00 AM - 01:00 PM
2026-09-15T09:56:48.005Z  INFO 13249 --- [kisansarthi-backend] [pool-6-thread-1] c.kisansarthi.slot.SlotEventPublisher    : Broadcasted real-time event [BOOKING_CREATED] for mandi [mandi-pg-sehore] post-commit
2026-09-15T09:56:48.005Z  INFO 13249 --- [kisansarthi-backend] [pool-6-thread-1] c.kisansarthi.slot.SlotEventPublisher    : Broadcasted real-time event [SLOT_CAPACITY_CHANGED] for mandi [mandi-pg-sehore] post-commit
2026-09-15T09:56:48.053Z  WARN 13249 --- [kisansarthi-backend] [     Thread-166] com.kisansarthi.sms.SmsService           : [SMS SERVICE] Blocked custom message dispatch in Trial mode to 9876000016: Twilio Trial accounts cannot send this custom message. Use Twilio Trial Test mode or upgrade/configure the Twilio account for production SMS.
2026-09-15T09:56:48.059Z  INFO 13249 --- [kisansarthi-backend] [ool-6-thread-10] c.k.booking.BookingTransactionExecutor   : Official Token MP-SEH-013 successfully generated and committed for farmer 9876000024 at mandi mandi-pg-sehore in slot 11:00 AM - 01:00 PM
2026-09-15T09:56:48.060Z  INFO 13249 --- [kisansarthi-backend] [ool-6-thread-10] c.kisansarthi.slot.SlotEventPublisher    : Broadcasted real-time event [BOOKING_CREATED] for mandi [mandi-pg-sehore] post-commit
2026-09-15T09:56:48.060Z  INFO 13249 --- [kisansarthi-backend] [ool-6-thread-10] c.kisansarthi.slot.SlotEventPublisher    : Broadcasted real-time event [SLOT_CAPACITY_CHANGED] for mandi [mandi-pg-sehore] post-commit
2026-09-15T09:56:48.060Z  WARN 13249 --- [kisansarthi-backend] [     Thread-167] com.kisansarthi.sms.SmsService           : [SMS SERVICE] Blocked custom message dispatch in Trial mode to 9876000024: Twilio Trial accounts cannot send this custom message. Use Twilio Trial Test mode or upgrade/configure the Twilio account for production SMS.
2026-09-15T09:56:48.068Z  INFO 13249 --- [kisansarthi-backend] [ool-6-thread-14] c.k.booking.BookingTransactionExecutor   : Official Token MP-SEH-014 successfully generated and committed for farmer 9876000018 at mandi mandi-pg-sehore in slot 11:00 AM - 01:00 PM
2026-09-15T09:56:48.069Z  INFO 13249 --- [kisansarthi-backend] [ool-6-thread-14] c.kisansarthi.slot.SlotEventPublisher    : Broadcasted real-time event [BOOKING_CREATED] for mandi [mandi-pg-sehore] post-commit
2026-09-15T09:56:48.070Z  INFO 13249 --- [kisansarthi-backend] [ool-6-thread-14] c.kisansarthi.slot.SlotEventPublisher    : Broadcasted real-time event [SLOT_CAPACITY_CHANGED] for mandi [mandi-pg-sehore] post-commit
2026-09-15T09:56:48.083Z  WARN 13249 --- [kisansarthi-backend] [     Thread-168] com.kisansarthi.sms.SmsService           : [SMS SERVICE] Blocked custom message dispatch in Trial mode to 9876000018: Twilio Trial accounts cannot send this custom message. Use Twilio Trial Test mode or upgrade/configure the Twilio account for production SMS.
2026-09-15T09:56:48.085Z  INFO 13249 --- [kisansarthi-backend] [ool-6-thread-14] c.k.booking.BookingTransactionExecutor   : Official Token MP-SEH-015 successfully generated and committed for farmer 9876000029 at mandi mandi-pg-sehore in slot 11:00 AM - 01:00 PM
2026-09-15T09:56:48.086Z  INFO 13249 --- [kisansarthi-backend] [ool-6-thread-14] c.kisansarthi.slot.SlotEventPublisher    : Broadcasted real-time event [BOOKING_CREATED] for mandi [mandi-pg-sehore] post-commit
2026-09-15T09:56:48.087Z  INFO 13249 --- [kisansarthi-backend] [ool-6-thread-14] c.kisansarthi.slot.SlotEventPublisher    : Broadcasted real-time event [SLOT_CAPACITY_CHANGED] for mandi [mandi-pg-sehore] post-commit
2026-09-15T09:56:48.087Z  WARN 13249 --- [kisansarthi-backend] [     Thread-169] com.kisansarthi.sms.SmsService           : [SMS SERVICE] Blocked custom message dispatch in Trial mode to 9876000029: Twilio Trial accounts cannot send this custom message. Use Twilio Trial Test mode or upgrade/configure the Twilio account for production SMS.
2026-09-15T09:56:48.097Z  INFO 13249 --- [kisansarthi-backend] [ool-6-thread-13] c.k.booking.BookingTransactionExecutor   : Official Token MP-SEH-016 successfully generated and committed for farmer 9876000013 at mandi mandi-pg-sehore in slot 11:00 AM - 01:00 PM
2026-09-15T09:56:48.098Z  INFO 13249 --- [kisansarthi-backend] [ool-6-thread-13] c.kisansarthi.slot.SlotEventPublisher    : Broadcasted real-time event [BOOKING_CREATED] for mandi [mandi-pg-sehore] post-commit
2026-09-15T09:56:48.098Z  WARN 13249 --- [kisansarthi-backend] [     Thread-170] com.kisansarthi.sms.SmsService           : [SMS SERVICE] Blocked custom message dispatch in Trial mode to 9876000013: Twilio Trial accounts cannot send this custom message. Use Twilio Trial Test mode or upgrade/configure the Twilio account for production SMS.
2026-09-15T09:56:48.098Z  INFO 13249 --- [kisansarthi-backend] [ool-6-thread-13] c.kisansarthi.slot.SlotEventPublisher    : Broadcasted real-time event [SLOT_CAPACITY_CHANGED] for mandi [mandi-pg-sehore] post-commit
2026-09-15T09:56:48.155Z  INFO 13249 --- [kisansarthi-backend] [ool-6-thread-12] c.k.booking.BookingTransactionExecutor   : Official Token MP-SEH-017 successfully generated and committed for farmer 9876000012 at mandi mandi-pg-sehore in slot 11:00 AM - 01:00 PM
2026-09-15T09:56:48.156Z  WARN 13249 --- [kisansarthi-backend] [     Thread-171] com.kisansarthi.sms.SmsService           : [SMS SERVICE] Blocked custom message dispatch in Trial mode to 9876000012: Twilio Trial accounts cannot send this custom message. Use Twilio Trial Test mode or upgrade/configure the Twilio account for production SMS.
2026-09-15T09:56:48.156Z  INFO 13249 --- [kisansarthi-backend] [ool-6-thread-12] c.kisansarthi.slot.SlotEventPublisher    : Broadcasted real-time event [BOOKING_CREATED] for mandi [mandi-pg-sehore] post-commit
2026-09-15T09:56:48.156Z  INFO 13249 --- [kisansarthi-backend] [ool-6-thread-12] c.kisansarthi.slot.SlotEventPublisher    : Broadcasted real-time event [SLOT_CAPACITY_CHANGED] for mandi [mandi-pg-sehore] post-commit
2026-09-15T09:56:48.165Z  INFO 13249 --- [kisansarthi-backend] [pool-6-thread-3] c.k.booking.BookingTransactionExecutor   : Official Token MP-SEH-018 successfully generated and committed for farmer 9876000003 at mandi mandi-pg-sehore in slot 11:00 AM - 01:00 PM
2026-09-15T09:56:48.166Z  INFO 13249 --- [kisansarthi-backend] [pool-6-thread-3] c.kisansarthi.slot.SlotEventPublisher    : Broadcasted real-time event [BOOKING_CREATED] for mandi [mandi-pg-sehore] post-commit
2026-09-15T09:56:48.167Z  INFO 13249 --- [kisansarthi-backend] [pool-6-thread-3] c.kisansarthi.slot.SlotEventPublisher    : Broadcasted real-time event [SLOT_CAPACITY_CHANGED] for mandi [mandi-pg-sehore] post-commit
2026-09-15T09:56:48.166Z  WARN 13249 --- [kisansarthi-backend] [     Thread-172] com.kisansarthi.sms.SmsService           : [SMS SERVICE] Blocked custom message dispatch in Trial mode to 9876000003: Twilio Trial accounts cannot send this custom message. Use Twilio Trial Test mode or upgrade/configure the Twilio account for production SMS.
2026-09-15T09:56:48.174Z  INFO 13249 --- [kisansarthi-backend] [pool-6-thread-7] c.k.booking.BookingTransactionExecutor   : Official Token MP-SEH-019 successfully generated and committed for farmer 9876000007 at mandi mandi-pg-sehore in slot 11:00 AM - 01:00 PM
2026-09-15T09:56:48.176Z  INFO 13249 --- [kisansarthi-backend] [pool-6-thread-7] c.kisansarthi.slot.SlotEventPublisher    : Broadcasted real-time event [BOOKING_CREATED] for mandi [mandi-pg-sehore] post-commit
2026-09-15T09:56:48.176Z  WARN 13249 --- [kisansarthi-backend] [     Thread-173] com.kisansarthi.sms.SmsService           : [SMS SERVICE] Blocked custom message dispatch in Trial mode to 9876000007: Twilio Trial accounts cannot send this custom message. Use Twilio Trial Test mode or upgrade/configure the Twilio account for production SMS.
2026-09-15T09:56:48.176Z  INFO 13249 --- [kisansarthi-backend] [pool-6-thread-7] c.kisansarthi.slot.SlotEventPublisher    : Broadcasted real-time event [SLOT_CAPACITY_CHANGED] for mandi [mandi-pg-sehore] post-commit
2026-09-15T09:56:48.184Z  INFO 13249 --- [kisansarthi-backend] [pool-6-thread-5] c.k.booking.BookingTransactionExecutor   : Official Token MP-SEH-020 successfully generated and committed for farmer 9876000023 at mandi mandi-pg-sehore in slot 11:00 AM - 01:00 PM
2026-09-15T09:56:48.186Z  WARN 13249 --- [kisansarthi-backend] [     Thread-174] com.kisansarthi.sms.SmsService           : [SMS SERVICE] Blocked custom message dispatch in Trial mode to 9876000023: Twilio Trial accounts cannot send this custom message. Use Twilio Trial Test mode or upgrade/configure the Twilio account for production SMS.
2026-09-15T09:56:48.186Z  INFO 13249 --- [kisansarthi-backend] [pool-6-thread-5] c.kisansarthi.slot.SlotEventPublisher    : Broadcasted real-time event [BOOKING_CREATED] for mandi [mandi-pg-sehore] post-commit
2026-09-15T09:56:48.187Z  INFO 13249 --- [kisansarthi-backend] [pool-6-thread-5] c.kisansarthi.slot.SlotEventPublisher    : Broadcasted real-time event [SLOT_CAPACITY_CHANGED] for mandi [mandi-pg-sehore] post-commit
2026-09-15T09:56:48.195Z  INFO 13249 --- [kisansarthi-backend] [pool-6-thread-8] c.k.booking.BookingTransactionExecutor   : Official Token MP-SEH-021 successfully generated and committed for farmer 9876000017 at mandi mandi-pg-sehore in slot 11:00 AM - 01:00 PM
2026-09-15T09:56:48.197Z  WARN 13249 --- [kisansarthi-backend] [     Thread-175] com.kisansarthi.sms.SmsService           : [SMS SERVICE] Blocked custom message dispatch in Trial mode to 9876000017: Twilio Trial accounts cannot send this custom message. Use Twilio Trial Test mode or upgrade/configure the Twilio account for production SMS.
2026-09-15T09:56:48.197Z  INFO 13249 --- [kisansarthi-backend] [pool-6-thread-8] c.kisansarthi.slot.SlotEventPublisher    : Broadcasted real-time event [BOOKING_CREATED] for mandi [mandi-pg-sehore] post-commit
2026-09-15T09:56:48.197Z  INFO 13249 --- [kisansarthi-backend] [pool-6-thread-8] c.kisansarthi.slot.SlotEventPublisher    : Broadcasted real-time event [SLOT_CAPACITY_CHANGED] for mandi [mandi-pg-sehore] post-commit
2026-09-15T09:56:48.253Z  INFO 13249 --- [kisansarthi-backend] [ool-6-thread-15] c.k.booking.BookingTransactionExecutor   : Official Token MP-SEH-022 successfully generated and committed for farmer 9876000025 at mandi mandi-pg-sehore in slot 11:00 AM - 01:00 PM
2026-09-15T09:56:48.255Z  INFO 13249 --- [kisansarthi-backend] [ool-6-thread-15] c.kisansarthi.slot.SlotEventPublisher    : Broadcasted real-time event [BOOKING_CREATED] for mandi [mandi-pg-sehore] post-commit
2026-09-15T09:56:48.255Z  INFO 13249 --- [kisansarthi-backend] [ool-6-thread-15] c.kisansarthi.slot.SlotEventPublisher    : Broadcasted real-time event [SLOT_CAPACITY_CHANGED] for mandi [mandi-pg-sehore] post-commit
2026-09-15T09:56:48.256Z  WARN 13249 --- [kisansarthi-backend] [     Thread-176] com.kisansarthi.sms.SmsService           : [SMS SERVICE] Blocked custom message dispatch in Trial mode to 9876000025: Twilio Trial accounts cannot send this custom message. Use Twilio Trial Test mode or upgrade/configure the Twilio account for production SMS.
2026-09-15T09:56:48.265Z  INFO 13249 --- [kisansarthi-backend] [pool-6-thread-6] c.k.booking.BookingTransactionExecutor   : Official Token MP-SEH-023 successfully generated and committed for farmer 9876000022 at mandi mandi-pg-sehore in slot 11:00 AM - 01:00 PM
2026-09-15T09:56:48.266Z  INFO 13249 --- [kisansarthi-backend] [pool-6-thread-6] c.kisansarthi.slot.SlotEventPublisher    : Broadcasted real-time event [BOOKING_CREATED] for mandi [mandi-pg-sehore] post-commit
2026-09-15T09:56:48.266Z  INFO 13249 --- [kisansarthi-backend] [pool-6-thread-6] c.kisansarthi.slot.SlotEventPublisher    : Broadcasted real-time event [SLOT_CAPACITY_CHANGED] for mandi [mandi-pg-sehore] post-commit
2026-09-15T09:56:48.266Z  WARN 13249 --- [kisansarthi-backend] [     Thread-177] com.kisansarthi.sms.SmsService           : [SMS SERVICE] Blocked custom message dispatch in Trial mode to 9876000022: Twilio Trial accounts cannot send this custom message. Use Twilio Trial Test mode or upgrade/configure the Twilio account for production SMS.
2026-09-15T09:56:48.275Z  INFO 13249 --- [kisansarthi-backend] [ool-6-thread-10] c.k.booking.BookingTransactionExecutor   : Official Token MP-SEH-024 successfully generated and committed for farmer 9876000028 at mandi mandi-pg-sehore in slot 11:00 AM - 01:00 PM
2026-09-15T09:56:48.277Z  INFO 13249 --- [kisansarthi-backend] [ool-6-thread-10] c.kisansarthi.slot.SlotEventPublisher    : Broadcasted real-time event [BOOKING_CREATED] for mandi [mandi-pg-sehore] post-commit
2026-09-15T09:56:48.277Z  WARN 13249 --- [kisansarthi-backend] [     Thread-178] com.kisansarthi.sms.SmsService           : [SMS SERVICE] Blocked custom message dispatch in Trial mode to 9876000028: Twilio Trial accounts cannot send this custom message. Use Twilio Trial Test mode or upgrade/configure the Twilio account for production SMS.
2026-09-15T09:56:48.277Z  INFO 13249 --- [kisansarthi-backend] [ool-6-thread-10] c.kisansarthi.slot.SlotEventPublisher    : Broadcasted real-time event [SLOT_CAPACITY_CHANGED] for mandi [mandi-pg-sehore] post-commit
2026-09-15T09:56:48.283Z  INFO 13249 --- [kisansarthi-backend] [pool-6-thread-2] c.k.booking.BookingTransactionExecutor   : Official Token MP-SEH-025 successfully generated and committed for farmer 9876000019 at mandi mandi-pg-sehore in slot 11:00 AM - 01:00 PM
2026-09-15T09:56:48.285Z  INFO 13249 --- [kisansarthi-backend] [pool-6-thread-2] c.kisansarthi.slot.SlotEventPublisher    : Broadcasted real-time event [BOOKING_CREATED] for mandi [mandi-pg-sehore] post-commit
2026-09-15T09:56:48.285Z  INFO 13249 --- [kisansarthi-backend] [pool-6-thread-2] c.kisansarthi.slot.SlotEventPublisher    : Broadcasted real-time event [SLOT_CAPACITY_CHANGED] for mandi [mandi-pg-sehore] post-commit
2026-09-15T09:56:48.285Z  WARN 13249 --- [kisansarthi-backend] [     Thread-179] com.kisansarthi.sms.SmsService           : [SMS SERVICE] Blocked custom message dispatch in Trial mode to 9876000019: Twilio Trial accounts cannot send this custom message. Use Twilio Trial Test mode or upgrade/configure the Twilio account for production SMS.
2026-09-15T09:56:48.293Z  INFO 13249 --- [kisansarthi-backend] [pool-6-thread-1] c.k.booking.BookingTransactionExecutor   : Official Token MP-SEH-026 successfully generated and committed for farmer 9876000027 at mandi mandi-pg-sehore in slot 11:00 AM - 01:00 PM
2026-09-15T09:56:48.294Z  INFO 13249 --- [kisansarthi-backend] [pool-6-thread-1] c.kisansarthi.slot.SlotEventPublisher    : Broadcasted real-time event [BOOKING_CREATED] for mandi [mandi-pg-sehore] post-commit
2026-09-15T09:56:48.295Z  WARN 13249 --- [kisansarthi-backend] [     Thread-180] com.kisansarthi.sms.SmsService           : [SMS SERVICE] Blocked custom message dispatch in Trial mode to 9876000027: Twilio Trial accounts cannot send this custom message. Use Twilio Trial Test mode or upgrade/configure the Twilio account for production SMS.
2026-09-15T09:56:48.295Z  INFO 13249 --- [kisansarthi-backend] [pool-6-thread-1] c.kisansarthi.slot.SlotEventPublisher    : Broadcasted real-time event [SLOT_CAPACITY_CHANGED] for mandi [mandi-pg-sehore] post-commit
2026-09-15T09:56:48.357Z  INFO 13249 --- [kisansarthi-backend] [ool-6-thread-11] c.k.booking.BookingTransactionExecutor   : Official Token MP-SEH-027 successfully generated and committed for farmer 9876000021 at mandi mandi-pg-sehore in slot 11:00 AM - 01:00 PM
2026-09-15T09:56:48.358Z  INFO 13249 --- [kisansarthi-backend] [ool-6-thread-11] c.kisansarthi.slot.SlotEventPublisher    : Broadcasted real-time event [BOOKING_CREATED] for mandi [mandi-pg-sehore] post-commit
2026-09-15T09:56:48.358Z  INFO 13249 --- [kisansarthi-backend] [ool-6-thread-11] c.kisansarthi.slot.SlotEventPublisher    : Broadcasted real-time event [SLOT_CAPACITY_CHANGED] for mandi [mandi-pg-sehore] post-commit
2026-09-15T09:56:48.359Z  WARN 13249 --- [kisansarthi-backend] [     Thread-181] com.kisansarthi.sms.SmsService           : [SMS SERVICE] Blocked custom message dispatch in Trial mode to 9876000021: Twilio Trial accounts cannot send this custom message. Use Twilio Trial Test mode or upgrade/configure the Twilio account for production SMS.
2026-09-15T09:56:48.367Z  INFO 13249 --- [kisansarthi-backend] [pool-6-thread-4] c.k.booking.BookingTransactionExecutor   : Official Token MP-SEH-028 successfully generated and committed for farmer 9876000026 at mandi mandi-pg-sehore in slot 11:00 AM - 01:00 PM
2026-09-15T09:56:48.369Z  INFO 13249 --- [kisansarthi-backend] [pool-6-thread-4] c.kisansarthi.slot.SlotEventPublisher    : Broadcasted real-time event [BOOKING_CREATED] for mandi [mandi-pg-sehore] post-commit
2026-09-15T09:56:48.369Z  INFO 13249 --- [kisansarthi-backend] [pool-6-thread-4] c.kisansarthi.slot.SlotEventPublisher    : Broadcasted real-time event [SLOT_CAPACITY_CHANGED] for mandi [mandi-pg-sehore] post-commit
2026-09-15T09:56:48.370Z  WARN 13249 --- [kisansarthi-backend] [     Thread-182] com.kisansarthi.sms.SmsService           : [SMS SERVICE] Blocked custom message dispatch in Trial mode to 9876000026: Twilio Trial accounts cannot send this custom message. Use Twilio Trial Test mode or upgrade/configure the Twilio account for production SMS.
2026-09-15T09:56:48.378Z  INFO 13249 --- [kisansarthi-backend] [ool-6-thread-14] c.k.booking.BookingTransactionExecutor   : Official Token MP-SEH-029 successfully generated and committed for farmer 9876000030 at mandi mandi-pg-sehore in slot 11:00 AM - 01:00 PM
2026-09-15T09:56:48.379Z  INFO 13249 --- [kisansarthi-backend] [ool-6-thread-14] c.kisansarthi.slot.SlotEventPublisher    : Broadcasted real-time event [BOOKING_CREATED] for mandi [mandi-pg-sehore] post-commit
2026-09-15T09:56:48.380Z  INFO 13249 --- [kisansarthi-backend] [ool-6-thread-14] c.kisansarthi.slot.SlotEventPublisher    : Broadcasted real-time event [SLOT_CAPACITY_CHANGED] for mandi [mandi-pg-sehore] post-commit
2026-09-15T09:56:48.381Z  WARN 13249 --- [kisansarthi-backend] [     Thread-183] com.kisansarthi.sms.SmsService           : [SMS SERVICE] Blocked custom message dispatch in Trial mode to 9876000030: Twilio Trial accounts cannot send this custom message. Use Twilio Trial Test mode or upgrade/configure the Twilio account for production SMS.
2026-09-15T09:56:48.460Z  INFO 13249 --- [kisansarthi-backend] [pool-6-thread-9] c.k.booking.BookingTransactionExecutor   : Official Token MP-SEH-030 successfully generated and committed for farmer 9876000020 at mandi mandi-pg-sehore in slot 11:00 AM - 01:00 PM
2026-09-15T09:56:48.462Z  INFO 13249 --- [kisansarthi-backend] [pool-6-thread-9] c.kisansarthi.slot.SlotEventPublisher    : Broadcasted real-time event [BOOKING_CREATED] for mandi [mandi-pg-sehore] post-commit
2026-09-15T09:56:48.462Z  INFO 13249 --- [kisansarthi-backend] [pool-6-thread-9] c.kisansarthi.slot.SlotEventPublisher    : Broadcasted real-time event [SLOT_CAPACITY_CHANGED] for mandi [mandi-pg-sehore] post-commit
2026-09-15T09:56:48.464Z  WARN 13249 --- [kisansarthi-backend] [     Thread-184] com.kisansarthi.sms.SmsService           : [SMS SERVICE] Blocked custom message dispatch in Trial mode to 9876000020: Twilio Trial accounts cannot send this custom message. Use Twilio Trial Test mode or upgrade/configure the Twilio account for production SMS.
]]></system-out>
  </testcase>
</testsuite>